PiElectricsEagles Log
,686,182,0,19,-38,-190,14.858671,-75.14168,909.962,932.122,1113.3031,1044.6129,1500,1500,1000,1500,2000,2000,22.712542,-78.95798,-1.7031862,57.44312,0,5.1095586,-172.32936,29,2
,754,194,0,20,-29,-195,14.428976,-75.57138,211.79102,988.209,1811.791,988.209,1500,1500,1000,1500,2000,2000,400,-400,-74.162125,375.72318,0,222.48637,-1127.1696,29,2
,664,182,0,24,-41,-189,15.328167,-74.67219,513.3651,686.6349,1510.2535,1289.7465,1500,1500,1000,1500,2000,2000,98.44423,-400,-74.030846,375.7336,0,222.09254,-1127.2008,30,2
,670,206,0,15,-34,-191,17.090776,-72.909584,509.77588,690.2241,1513.9768,1286.0232,1500,1500,1000,1500,2000,2000,102.100494,-400,-73.90514,375.74487,0,221.71542,-1127.2346,30,2
,714,192,0,19,-35,-190,15.051278,-74.94908,507.24713,692.75287,1516.5974,1283.4026,1500,1500,1000,1500,2000,2000,104.67519,-400,-73.77555,375.75818,0,221.32666,-1127.2745,24,2
,698,178,0,20,-38,-185,14.306378,-75.69397,504.70966,695.29034,1519.0499,1280.9501,1500,1500,1000,1500,2000,2000,107.1702,-400,-73.64616,375.77188,0,220.93846,-1127.3157,24,2
,668,190,0,23,-31,-185,15.877464,-74.122894,501.14084,698.8592,1522.5933,1277.4067,1500,1500,1000,1500,2000,2000,110.72621,-400,-73.52314,375.78104,0,220.56943,-1127.3431,24,2
,694,198,0,17,-33,-193,15.923647,-74.076706,498.92557,701.07434,1525.119,1274.881,1500,1500,1000,1500,2000,2000,113.09674,-400,-73.394554,375.7938,0,220.18365,-1127.3813,24,2
,716,198,0,17,-34,-191,15.458115,-74.54224,496.39282,703.6071,1527.8308,1272.1692,1500,1500,1000,1500,2000,2000,115.71903,-400,-73.265816,375.80713,0,219.79745,-1127.4214,24,2
,718,198,0,21,-37,-191,15.417107,-74.58324,494.0282,705.97174,1530.3558,1269.6442,1500,1500,1000,1500,2000,2000,118.16388,-400,-73.13568,375.8187,0,219.40704,-1127.456,30,2
,666,208,0,24,-42,-193,17.344296,-72.65607,491.7825,708.2175,1532.8225,1267.1775,1500,1500,1000,1500,2000,2000,120.520004,-400,-73.00596,375.8252,0,219.01787,-1127.4756,30,2
,690,188,0,12,-44,-188,15.241124,-74.759224,489.13345,710.8665,1535.4774,1264.5226,1500,1500,1000,1500,2000,2000,123.17201,-400,-72.87417,375.8408,0,218.6225,-1127.5223,30,2
,700,166,0,15,-37,-186,13.3408985,-76.659454,485.62634,714.3737,1538.9495,1261.0505,1500,1500,1000,1500,2000,2000,126.661575,-400,-72.74303,375.85852,0,218.22908,-1127.5756,30,2
,674,174,0,20,-47,-190,14.475492,-75.52485,484.01364,715.9863,1540.719,1259.281,1500,1500,1000,1500,2000,2000,128.35265,-400,-72.607216,375.87216,0,217.82166,-1127.6165,30,2
,668,164,0,16,-37,-188,13.793861,-76.206474,480.2056,719.7944,1544.5979,1255.4021,1500,1500,1000,1500,2000,2000,132.19618,-400,-72.475876,375.88864,0,217.42763,-1127.6659,30,2
,726,170,0,17,-29,-194,13.178972,-76.82136,477.05502,722.945,1548.0536,1251.9464,1500,1500,1000,1500,2000,2000,135.49927,-400,-72.343414,375.9066,0,217.03024,-1127.7197,30,2
,706,176,0,17,-35,-194,13.9981,-76.00224,475.2588,724.7412,1550.0989,1249.9011,1500,1500,1000,1500,2000,2000,137.42004,-400,-72.20989,375.92282,0,216.62967,-1127.7684,30,2
,676,206,0,20,-34,-188,16.947815,-73.05254,472.31604,727.6839,1553.0305,1246.9695,1500,1500,1000,1500,2000,2000,140.35722,-400,-72.08637,375.93106,0,216.25911,-1127.7932,24,2
,684,180,0,20,-37,-186,14.74362,-75.25672,469.9927,730.00726,1555.3069,1244.6931,1500,1500,1000,1500,2000,2000,142.6571,-400,-71.95832,375.94345,0,215.87497,-1127.8303,24,2
,684,194,0,22,-34,-191,15.834764,-74.16558,467.09198,732.908,1558.393,1241.607,1500,1500,1000,1500,2000,2000,145.65053,-400,-71.83088,375.95325,0,215.49263,-1127.8597,30,2
,686,174,0,19,-33,-189,14.232652,-75.767715,464.43665,735.5633,1561.1394,1238.8606,1500,1500,1000,1500,2000,2000,148.35136,-400,-71.70193,375.96738,0,215.10579,-1127.9021,30,2
,662,168,0,10,-34,-186,14.239763,-75.76059,461.86572,738.1343,1563.6982,1236.3018,1500,1500,1000,1500,2000,2000,150.91628,-400,-71.574394,375.9852,0,214.72318,-1127.9556,24,2
,680,186,0,20,-37,-190,15.297946,-74.70239,459.59146,740.40857,1566.1454,1233.8546,1500,1500,1000,1500,2000,2000,153.277,-400,-71.44524,375.99673,0,214.33571,-1127.9902,30,2
,718,196,0,18,-35,-193,15.268681,-74.73167,456.8495,743.1505,1569.1537,1230.8463,1500,1500,1000,1500,2000,2000,156.15213,-400,-71.315186,376.00955,0,213.94556,-1128.0287,30,2
,692,198,0,25,-35,-199,15.967326,-74.03303,454.46014,745.53986,1571.9857,1228.0143,1500,1500,1000,1500,2000,2000,158.76282,-400,-71.182976,376.0184,0,213.54892,-1128.0552,30,2
,674,190,0,19,-40,-189,15.743158,-74.2572,452.18228,747.8176,1574.2417,1225.7582,1500,1500,1000,1500,2000,2000,161.02971,-400,-71.054085,376.0293,0,213.16225,-1128.0879,30,2
,660,196,0,19,-41,-196,16.539888,-73.46045,449.72073,750.2793,1576.9805,1223.0195,1500,1500,1000,1500,2000,2000,163.62982,-400,-70.92217,376.0393,0,212.76651,-1128.1179,30,2
,682,234,0,8,-35,-186,18.937605,-71.062744,446.1297,753.87024,1580.433,1219.567,1500,1500,1000,1500,2000,2000,167.15166,-400,-70.803856,376.04843,0,212.41158,-1128.1453,30,2
,682,190,0,18,-30,-192,15.5674925,-74.43286,443.32895,756.671,1583.392,1216.608,1500,1500,1000,1500,2000,2000,170.03146,-400,-70.67753,376.06033,0,212.0326,-1128.181,30,2
,660,188,0,14,-35,-191,15.899584,-74.10076,441.35248,758.6475,1585.4775,1214.5225,1500,1500,1000,1500,2000,2000,172.06247,-400,-70.55023,376.07324,0,211.6507,-1128.2197,24,2
,714,176,0,20,-33,-189,13.847327,-76.153015,438.59998,761.4,1588.2677,1211.7323,1500,1500,1000,1500,2000,2000,174.83388,-400,-70.421,376.08725,0,211.26299,-1128.2617,24,2
,716,204,0,20,-34,-191,15.903172,-74.097176,436.1247,763.8753,1590.8776,1209.1224,1500,1500,1000,1500,2000,2000,177.37643,-400,-70.29426,376.0973,0,210.88277,-1128.2919,24,2
,708,196,0,23,-33,-185,15.474073,-74.526276,433.31384,766.68616,1593.5968,1206.4032,1500,1500,1000,1500,2000,2000,180.14148,-400,-70.17077,376.1061,0,210.51231,-1128.3184,24,2
,698,168,0,16,-39,-187,13.533034,-76.4673,431.42236,768.5777,1595.5316,1204.4684,1500,1500,1000,1500,2000,2000,182.05464,-400,-70.0395,376.1222,0,210.11848,-1128.3666,24,2
,668,194,0,19,-30,-189,16.194372,-73.80597,427.82535,772.17456,1599.2668,1200.7332,1500,1500,1000,1500,2000,2000,185.72076,-400,-69.91651,376.13184,0,209.74954,-1128.3955,30,2
,672,186,0,14,-44,-188,15.471388,-74.528946,426.75137,773.24866,1600.4354,1199.5646,1500,1500,1000,1500,2000,2000,186.84203,-400,-69.78632,376.145,0,209.35898,-1128.4349,30,2
,692,196,0,19,-44,-188,15.814145,-74.18621,423.9845,776.01544,1603.3029,1196.6971,1500,1500,1000,1500,2000,2000,189.65923,-400,-69.65687,376.15512,0,208.97061,-1128.4653,30,2
,688,178,0,24,-39,-189,14.505608,-75.49476,420.89435,779.1056,1606.5348,1193.4651,1500,1500,1000,1500,2000,2000,192.82024,-400,-69.526535,376.16568,0,208.5796,-1128.4971,30,2
,674,156,0,17,-36,-184,13.031913,-76.96844,417.9923,782.0077,1609.3866,1190.6134,1500,1500,1000,1500,2000,2000,195.69717,-400,-69.397675,376.18176,0,208.19302,-1128.5453,30,2
,658,188,0,21,-38,-184,15.945459,-74.05489,415.554,784.44604,1611.8235,1188.1765,1500,1500,1000,1500,2000,2000,198.1347,-400,-69.27378,376.19016,0,207.82133,-1128.5704,30,2
,708,188,0,21,-32,-201,14.871016,-75.129326,412.9575,787.0425,1615.0786,1184.9214,1500,1500,1000,1500,2000,2000,201.06052,-400,-69.1403,376.20255,0,207.4209,-1128.6077,30,2
,682,198,0,17,-37,-184,16.18927,-73.8111,410.6903,789.3097,1617.2177,1182.7823,1500,1500,1000,1500,2000,2000,203.26369,-400,-69.01745,376.2122,0,207.05234,-1128.6366,30,2
,704,178,0,14,-36,-190,14.189394,-75.81096,408.2325,791.76746,1619.8405,1180.1595,1500,1500,1000,1500,2000,2000,205.80396,-400,-68.88748,376.22787,0,206.66245,-1128.6836,24,2
,692,196,0,25,-39,-195,15.814145,-74.18621,406.13672,793.8632,1622.2706,1177.7294,1500,1500,1000,1500,2000,2000,208.06694,-400,-68.75645,376.23572,0,206.26933,-1128.7072,24,2
,680,180,0,22,-39,-188,14.826537,-75.173805,403.49216,796.5078,1624.9272,1175.0728,1500,1500,1000,1500,2000,2000,210.7175,-400,-68.627686,376.24612,0,205.88306,-1128.7384,24,2
,684,168,0,16,-34,-187,13.799539,-76.20081,400.44763,799.5524,1627.9779,1172.0221,1500,1500,1000,1500,2000,2000,213.76509,-400,-68.49981,376.26123,0,205.49944,-1128.7837,30,2
,700,202,0,16,-36,-190,16.096693,-73.903656,398.191,801.80896,1630.3834,1169.6166,1500,1500,1000,1500,2000,2000,216.09619,-400,-68.37386,376.27197,0,205.12158,-1128.8159,24,2
,688,198,0,16,-39,-191,16.05539,-73.94496,396.0518,803.9482,1632.6985,1167.3015,1500,1500,1000,1500,2000,2000,218.3234,-400,-68.245895,376.28284,0,204.73769,-1128.8485,30,2
,674,166,0,16,-32,-192,13.8361025,-76.16425,392.97507,807.0249,1635.9702,1164.0298,1500,1500,1000,1500,2000,2000,221.49753,-400,-68.11614,376.29822,0,204.34843,-1128.8947,30,2
,714,158,0,20,-39,-191,12.477865,-77.52248,391.34143,808.65857,1637.7386,1162.2614,1500,1500,1000,1500,2000,2000,223.1986,-400,-67.981125,376.31433,0,203.94337,-1128.943,30,2
,692,198,0,21,-41,-189,15.967326,-74.03303,388.82034,811.1796,1640.3154,1159.6846,1500,1500,1000,1500,2000,2000,225.74756,-400,-67.85342,376.32275,0,203.56024,-1128.9683,30,2
,680,196,0,25,-41,-185,16.07891,-73.92144,386.12268,813.8774,1642.9396,1157.0604,1500,1500,1000,1500,2000,2000,228.4084,-400,-67.728386,376.32864,0,203.18515,-1128.986,30,2
,694,186,0,16,-36,-192,15.00339,-74.99696,383.2975,816.7025,1646.0048,1153.9952,1500,1500,1000,1500,2000,2000,231.3536,-400,-67.599335,376.34155,0,202.798,-1129.0247,30,2
,684,202,0,18,-37,-193,16.453074,-73.54727,381.02017,818.9798,1648.5221,1151.4779,1500,1500,1000,1500,2000,2000,233.75095,-400,-67.47217,376.3507,0,202.4165,-1129.0521,30,2
,686,180,0,19,-35,-189,14.7025,-75.297844,378.3888,821.6112,1651.2096,1148.7904,1500,1500,1000,1500,2000,2000,236.41042,-400,-67.34487,376.36243,0,202.0346,-1129.0873,30,2
,678,170,0,25,-34,-188,14.076059,-75.92428,375.87616,824.1238,1653.7593,1146.2406,1500,1500,1000,1500,2000,2000,238.94157,-400,-67.21743,376.37247,0,201.65228,-1129.1174,24,2
,674,202,0,22,-37,-187,16.68371,-73.31665,373.63013,826.36993,1656.029,1143.971,1500,1500,1000,1500,2000,2000,241.1994,-400,-67.094475,376.37854,0,201.28342,-1129.1356,24,2
,676,182,0,21,-29,-186,15.068547,-74.9318,370.39063,829.6093,1659.2823,1140.7177,1500,1500,1000,1500,2000,2000,244.44586,-400,-66.9726,376.38818,0,200.91782,-1129.1646,24,2
,686,166,0,19,-33,-193,13.60314,-76.3972,368.72314,831.27686,1661.2515,1138.7485,1500,1500,1000,1500,2000,2000,246.26416,-400,-66.841805,376.4023,0,200.52542,-1129.2069,24,2
,686,184,0,13,-42,-194,15.014619,-74.985725,367.24304,832.757,1663.0149,1136.9851,1500,1500,1000,1500,2000,2000,247.88593,-400,-66.70916,376.4164,0,200.12749,-1129.2493,30,2
,684,184,0,17,-40,-194,15.056531,-74.943825,364.5261,835.4738,1665.9656,1134.0344,1500,1500,1000,1500,2000,2000,250.71979,-400,-66.57756,376.4286,0,199.73268,-1129.2858,30,2
,680,198,0,16,-36,-194,16.23438,-73.76598,361.64902,838.351,1669.042,1130.958,1500,1500,1000,1500,2000,2000,253.69647,-400,-66.45019,376.43884,0,199.35057,-1129.3165,30,2
,658,192,0,19,-43,-189,16.266956,-73.73339,359.82935,840.17065,1670.8525,1129.1475,1500,1500,1000,1500,2000,2000,255.51158,-400,-66.32275,376.44705,0,198.96823,-1129.3412,30,2
,690,192,0,23,-39,-187,15.549866,-74.450485,356.83868,843.16125,1673.7977,1126.2023,1500,1500,1000,1500,2000,2000,258.47955,-400,-66.196945,376.45468,0,198.59084,-1129.364,30,2
,660,176,0,14,-37,-190,14.931475,-75.068886,354.29788,845.7022,1676.4517,1123.5483,1500,1500,1000,1500,2000,2000,261.07684,-400,-66.06907,376.46786,0,198.20721,-1129.4036,30,2
,680,174,0,13,-36,-192,14.353066,-75.64729,351.92862,848.0713,1679.0083,1120.9917,1500,1500,1000,1500,2000,2000,263.53986,-400,-65.93934,376.48282,0,197.81801,-1129.4485,30,2
,684,202,0,17,-31,-200,16.453074,-73.54727,349.28897,850.71106,1682.109,1117.891,1500,1500,1000,1500,2000,2000,266.41003,-400,-65.811325,376.49258,0,197.43398,-1129.4778,24,2
,700,186,0,20,-41,-188,14.880518,-75.119835,347.83823,852.16187,1683.4773,1116.5227,1500,1500,1000,1500,2000,2000,267.81952,-400,-65.68285,376.50284,0,197.04857,-1129.5085,24,2
,680,166,0,13,-36,-187,13.718651,-76.2817,344.811,855.18896,1686.4443,1113.5557,1500,1500,1000,1500,2000,2000,270.81665,-400,-65.555,376.51843,0,196.66501,-1129.5553,24,2
,694,188,0,23,-39,-192,15.157332,-74.84303,342.7897,857.2102,1688.6418,1111.3582,1500,1500,1000,1500,2000,2000,272.9261,-400,-65.4257,376.5271,0,196.27708,-1129.5813,24,2
,704,186,0,23,-35,-194,14.799691,-75.20067,340.0879,859.9121,1691.5759,1108.4241,1500,1500,1000,1500,2000,2000,275.74405,-400,-65.29635,376.53662,0,195.88905,-1129.6099,30,2
,662,192,0,16,-41,-194,16.173819,-73.82653,338.35248,861.6475,1693.5094,1106.4906,1500,1500,1000,1500,2000,2000,277.5785,-400,-65.16705,376.5466,0,195.50116,-1129.6398,24,2
,694,208,0,18,-39,-192,16.684158,-73.3162,335.66696,864.33295,1696.2954,1103.7046,1500,1500,1000,1500,2000,2000,280.31427,-400,-65.04095,376.5543,0,195.12283,-1129.6628,30,2
,698,180,0,25,-38,-188,14.460419,-75.539925,333.15802,866.842,1698.7627,1101.2373,1500,1500,1000,1500,2000,2000,282.8024,-400,-64.91331,376.56284,0,194.73991,-1129.6885,30,2
,652,204,0,25,-35,-191,17.374105,-72.62624,330.4493,869.5506,1701.587,1098.413,1500,1500,1000,1500,2000,2000,285.5689,-400,-64.79111,376.5658,0,194.37332,-1129.6974,30,2
,682,160,0,21,-38,-191,13.203104,-76.79723,328.62067,871.37933,1703.5317,1096.4683,1500,1500,1000,1500,2000,2000,287.45554,-400,-64.65924,376.57886,0,193.97772,-1129.7366,30,2
,684,180,0,19,-37,-192,14.74362,-75.25672,326.14886,873.8512,1706.1566,1093.8434,1500,1500,1000,1500,2000,2000,290.00385,-400,-64.530365,376.58984,0,193.5911,-1129.7695,30,2
,698,178,0,18,-35,-186,14.306378,-75.69397,327.485,880.515,1712.7418,1095.2582,1500,1500,1004,1500,2000,2000,292.62842,-400,-64.40518,376.60153,0,193.21555,-1129.8046,30,2
,654,212,0,18,-35,-191,17.960638,-72.0397,331.1441,888.85583,1721.2457,1098.7543,1500,1500,1010,1500,2000,2000,295.05084,-400,-64.28435,376.60635,0,192.85304,-1129.8191,30,2
,676,228,0,15,-32,-190,18.638197,-71.36216,337.51535,900.4847,1732.9869,1105.0131,1500,1500,1019,1500,2000,2000,297.73578,-400,-64.166885,376.61105,0,192.50066,-1129.8331,30,2
,710,178,0,24,-40,-190,14.074268,-75.926094,343.224,908.776,1741.3917,1110.6083,1500,1500,1026,1500,2000,2000,299.08383,-400,-64.036674,376.62076,0,192.11003,-1129.8623,24,2
,708,196,0,25,-39,-189,15.474073,-74.526276,351.6294,922.3706,1755.0637,1118.9363,1500,1500,1037,1500,2000,2000,301.71716,-400,-63.910385,376.62698,0,191.73116,-1129.881,24,2
,694,166,0,16,-33,-192,13.452063,-76.54829,361.83972,938.1602,1771.0526,1128.9474,1500,1500,1050,1500,2000,2000,304.6065,-400,-63.781036,376.6417,0,191.34311,-1129.925,24,2
,680,216,0,18,-32,-195,17.622366,-72.377975,368.48746,949.5125,1782.6901,1135.3099,1500,1500,1059,1500,2000,2000,307.1013,-400,-63.658726,376.64737,0,190.97618,-1129.9421,24,2
,658,198,0,16,-41,-190,16.747229,-73.253105,374.08405,957.9159,1791.1447,1140.8553,1500,1500,1066,1500,2000,2000,308.53033,-400,-63.533604,376.65518,0,190.60081,-1129.9656,30,2
,678,158,0,11,-36,-190,13.118044,-76.88232,380.2928,969.7072,1803.0066,1146.9934,1500,1500,1075,1500,2000,2000,311.35696,-400,-63.40356,376.67252,0,190.21068,-1130.0176,30,2
,714,168,0,21,-23,-189,13.240571,-76.75977,384.70578,981.2942,1814.6411,1151.3589,1500,1500,1083,1500,2000,2000,314.96765,-400,-63.280365,376.68484,0,189.8411,-1130.0546,30,2
,710,202,0,21,-46,-190,15.881488,-74.11885,395.83612,992.1639,1825.6155,1162.3845,1500,1500,1094,1500,2000,2000,314.88965,-400,-63.151363,376.692,0,189.45409,-1130.0759,30,2
,700,196,0,23,-32,-192,15.642307,-74.35804,404.9857,1009.0143,1842.6476,1171.3524,1500,1500,1107,1500,2000,2000,318.8309,-400,-63.02714,376.69885,0,189.08142,-1130.0966,30,2
,684,172,0,18,-31,-191,14.115109,-75.88524,413.75647,1022.2435,1856.0023,1179.9977,1500,1500,1118,1500,2000,2000,321.12296,-400,-62.90096,376.71094,0,188.70288,-1130.1328,30,2
,690,164,0,21,-30,-186,13.370096,-76.63026,429.356,1042.644,1876.3416,1195.6584,1500,1500,1136,1500,2000,2000,323.4928,-400,-62.77682,376.72256,0,188.33046,-1130.1677,30,2
,674,184,0,18,-37,-189,15.269564,-74.73078,446.80466,1063.1953,1896.9946,1213.0054,1500,1500,1155,1500,2000,2000,325.095,-400,-62.65151,376.73203,0,187.95453,-1130.196,24,2
,696,174,0,22,-43,-189,14.036299,-75.96406,461.0841,1080.9159,1914.8209,1227.1791,1500,1500,1171,1500,2000,2000,326.86838,-400,-62.52103,376.7421,0,187.5631,-1130.2263,23,2
,668,184,0,11,-28,-193,15.40023,-74.60013,465.25616,1092.7438,1926.9049,1231.0951,1500,1500,1179,1500,2000,2000,330.82437,-400,-62.397793,376.7548,0,187.19337,-1130.2644,24,2
,718,184,0,15,-35,-190,14.373771,-75.62657,472.86224,1103.1377,1937.4028,1238.5972,1500,1500,1188,1500,2000,2000,332.27032,-400,-62.271145,376.76736,0,186.81343,-1130.3021,24,2
,720,166,0,21,-37,-193,12.983043,-77.017296,482.9355,1117.0646,1951.5477,1248.4523,1500,1500,1200,1500,2000,2000,334.30612,-400,-62.139027,376.78027,0,186.41708,-1130.3408,24,2
,674,156,0,26,-35,-190,13.031913,-76.96844,491.40067,1130.5994,1965.1602,1256.8398,1500,1500,1211,1500,2000,2000,336.8798,-400,-62.009792,376.79044,0,186.02937,-1130.3713,24,2
,702,200,0,19,-24,-195,15.9023285,-74.09801,506.12912,1151.8708,1986.7048,1271.2952,1500,1500,1229,1500,2000,2000,340.2879,-400,-61.88837,376.7985,0,185.66512,-1130.3955,30,2
,686,178,0,21,-33,-193,14.546105,-75.45423,523.04456,1170.9556,2005.9429,1288.0571,1500,1500,1247,1500,2000,2000,341.44916,-400,-61.761364,376.8082,0,185.28409,-1130.4246,30,2
,714,180,0,19,-37,-196,14.14953,-75.85082,530.3047,1181.6954,2016.9359,1295.0641,1500,1500,1256,1500,2000,2000,343.3156,-400,-61.629974,376.81973,0,184.88992,-1130.4592,30,2
,678,192,0,21,-31,-196,15.811432,-74.18891,539.3936,1196.6064,2032.06,1303.94,1500,1500,1268,1500,2000,2000,346.33328,-400,-61.504704,376.82706,0,184.51411,-1130.4812,30,2
,704,188,0,26,-42,-193,14.951736,-75.04861,550.28076,1209.7192,2045.2476,1314.7524,1500,1500,1280,1500,2000,2000,347.48343,-400,-61.37454,376.8335,0,184.12361,-1130.5005,30,2
,708,176,0,16,-38,-187,13.960106,-76.040245,557.3457,1222.6543,2058.0493,1321.9507,1500,1500,1290,1500,2000,2000,350.35184,-400,-61.247875,376.84583,0,183.74362,-1130.5375,30,2
,702,192,0,23,-44,-184,15.296606,-74.70373,567.45013,1236.5499,2071.7754,1332.2247,1500,1500,1302,1500,2000,2000,352.16263,-400,-61.123,376.85193,0,183.369,-1130.5558,30,2
,694,176,0,23,-32,-187,14.230389,-75.76994,579.95776,1256.0422,2091.2932,1344.7068,1500,1500,1318,1500,2000,2000,355.6677,-400,-60.99972,376.86044,0,182.99916,-1130.5813,24,2
,686,180,0,23,-40,-195,14.7025,-75.297844,585.8672,1264.1328,2099.7305,1350.2695,1500,1500,1325,1500,2000,2000,356.9316,-400,-60.868958,376.86868,0,182.60687,-1130.6061,24,2
,692,186,0,21,-35,-193,15.044789,-74.955574,590.13947,1273.8605,2109.6628,1354.337,1500,1500,1332,1500,2000,2000,359.76172,-400,-60.74242,376.87698,0,182.22726,-1130.631,24,2
,686,204,0,14,-36,-192,16.561283,-73.43906,594.0529,1281.947,2117.8914,1358.1086,1500,1500,1338,1500,2000,2000,361.9192,-400,-60.619106,376.88528,0,181.85732,-1130.6559,24,2
,678,192,0,17,-39,-191,15.811432,-74.18891,599.1906,1290.8093,2126.8513,1363.1487,1500,1500,1345,1500,2000,2000,363.83032,-400,-60.493572,376.89365,0,181.48071,-1130.6809,24,2
,676,192,0,17,-48,-195,15.855863,-74.14449,602.95905,1297.041,2133.3335,1366.6665,1500,1500,1350,1500,2000,2000,365.18726,-400,-60.361637,376.9022,0,181.08492,-1130.7065,30,2
,698,204,0,16,-40,-188,16.291784,-73.70855,608.62555,1309.3744,2145.6206,1372.3795,1500,1500,1359,1500,2000,2000,368.4974,-400,-60.238506,376.90958,0,180.71552,-1130.7288,30,2
,674,212,0,15,-38,-196,17.46052,-72.53984,615.4167,1320.5833,2157.1257,1378.8743,1500,1500,1368,1500,2000,2000,370.8545,-400,-60.113857,376.9159,0,180.34157,-1130.7477,30,2
,666,166,0,17,-35,-188,13.995807,-76.00454,619.9738,1330.0261,2166.5173,1383.4827,1500,1500,1375,1500,2000,2000,373.2718,-400,-59.988514,376.9274,0,179.96555,-1130.7822,30,2
,692,168,0,21,-42,-195,13.646004,-76.35434,627.7649,1340.2351,2176.9827,1391.0173,1500,1500,1384,1500,2000,2000,374.60886,-400,-59.855106,376.93835,0,179.56532,-1130.8151,30,2
,696,200,0,18,-36,-191,16.032402,-73.96796,627.80664,1346.1934,2183.0088,1390.9912,1500,1500,1387,1500,2000,2000,377.60114,-400,-59.731674,376.94547,0,179.19502,-1130.8364,30,2
,660,218,0,16,-38,-192,18.278616,-71.72174,628.8537,1351.1464,2188.0813,1391.9188,1500,1500,1390,1500,2000,2000,379.6137,-400,-59.611263,376.94913,0,178.83379,-1130.8474,30,2
,676,208,0,22,-29,-194,17.102795,-72.897545,628.94855,1357.0514,2194.1787,1391.8214,1500,1500,1393,1500,2000,2000,382.61505,-400,-59.491467,376.9525,0,178.4744,-1130.8575,30,2
,694,198,0,14,-34,-195,15.923647,-74.076706,633.5874,1364.4126,2201.7466,1396.2532,1500,1500,1399,1500,2000,2000,384.0797,-400,-59.36646,376.962,0,178.09938,-1130.886,24,2
,664,202,0,19,-42,-190,16.920712,-73.079636,645.1119,1378.8881,2216.2188,1407.7811,1500,1500,1412,1500,2000,2000,385.55353,-400,-59.242847,376.96664,0,177.72855,-1130.8999,24,2
,682,184,0,22,-43,-193,15.09867,-74.901665,652.0613,1389.9387,2227.4124,1414.5876,1500,1500,1421,1500,2000,2000,387.67554,-400,-59.113384,376.9738,0,177.34015,-1130.9214,30,2
,680,194,0,17,-43,-193,15.923198,-74.07714,655.8087,1398.1913,2235.8,1418.1998,1500,1500,1427,1500,2000,2000,389.99573,-400,-58.985615,376.98157,0,176.95685,-1130.9447,30,2
,688,182,0,14,-36,-184,14.817381,-75.18296,660.7154,1409.2845,2246.6921,1423.3077,1500,1500,1435,1500,2000,2000,392.98843,-400,-58.864307,376.99207,0,176.59293,-1130.9762,24,2
,658,182,0,16,-33,-189,15.461279,-74.53908,669.41,1422.59,2260.0745,1431.9254,1500,1500,1446,1500,2000,2000,395.33228,-400,-58.74269,377.00076,0,176.22807,-1131.0023,30,2
,670,164,0,14,-36,-196,13.754252,-76.24611,677.9783,1434.0217,2271.8523,1440.1475,1500,1500,1456,1500,2000,2000,396.9371,-400,-58.612118,377.01443,0,175.83635,-1131.0433,30,2
,702,198,0,7,-32,-197,15.751235,-74.249115,680.5555,1441.4446,2279.5906,1442.4097,1500,1500,1461,1500,2000,2000,399.51743,-400,-58.486813,377.0273,0,175.46043,-1131.0819,30,2
,676,176,0,22,-36,-188,14.593325,-75.40703,690.0355,1451.9645,2290.0356,1451.9645,1500,1500,1471,1500,2000,2000,400,-400,-58.362835,377.03476,0,175.0885,-1131.1042,30,2
,708,192,0,28,-39,-193,15.172974,-74.82738,699.11865,1460.8813,2299.1187,1460.8813,1500,1500,1480,1500,2000,2000,400,-400,-58.23567,377.03873,0,174.707,-1131.1162,30,2
,722,196,0,10,-35,-194,15.188007,-74.812355,708.21295,1469.7871,2308.213,1469.7871,1500,1500,1489,1500,2000,2000,400,-400,-58.109814,377.05093,0,174.32944,-1131.1528,30,2
,676,152,0,10,-38,-202,12.672364,-77.32799,724.444,1485.556,2324.444,1485.556,1500,1500,1505,1500,2000,2000,400,-400,-57.97278,377.06888,0,173.91833,-1131.2067,30,2
,656,170,0,14,-36,-193,14.528449,-75.47189,737.45856,1498.5415,2337.4585,1498.5415,1500,1500,1518,1500,2000,2000,400,-400,-57.84585,377.08044,0,173.53755,-1131.2413,30,2
,686,192,0,20,-31,-196,15.636112,-74.36424,753.5416,1514.4584,2353.5417,1514.4584,1500,1500,1534,1500,2000,2000,400,-400,-57.721664,377.08728,0,173.165,-1131.2618,24,2
,650,166,0,23,-32,-199,14.326297,-75.67406,776.673,1537.327,2376.673,1537.327,1500,1500,1557,1500,2000,2000,400,-400,-57.592636,377.09558,0,172.77791,-1131.2867,24,2
,668,198,0,14,-40,-190,16.510265,-73.49008,794.61743,1555.3826,2394.6174,1555.3826,1500,1500,1575,1500,2000,2000,400,-400,-57.469788,377.10278,0,172.40936,-1131.3083,30,2
,674,184,0,16,-33,-193,15.269564,-74.73078,802.65125,1563.3488,2402.6511,1563.3488,1500,1500,1583,1500,2000,2000,400,-400,-57.345905,377.1118,0,172.03772,-1131.3353,30,2
,664,184,0,22,-30,-190,15.488561,-74.51178,808.6373,1569.3627,2408.6372,1569.3627,1500,1500,1589,1500,2000,2000,400,-400,-57.22569,377.1173,0,171.67706,-1131.3519,30,2
,658,192,0,22,-35,-190,16.266956,-73.73339,823.64496,1584.355,2423.645,1584.355,1500,1500,1604,1500,2000,2000,400,-400,-57.104782,377.12122,0,171.31435,-1131.3636,30,2
,674,170,0,22,-34,-186,14.156247,-75.8441,834.59406,1595.4059,2434.594,1595.4059,1500,1500,1615,1500,2000,2000,400,-400,-56.982574,377.12888,0,170.94772,-1131.3866,30,2
,692,196,0,13,-41,-197,15.814145,-74.18621,844.778,1605.2219,2444.778,1605.2219,1500,1500,1625,1500,2000,2000,400,-400,-56.853893,377.1383,0,170.56168,-1131.4149,30,2
,676,200,0,17,-28,-197,16.481337,-73.519005,853.92487,1614.0752,2453.9248,1614.0752,1500,1500,1634,1500,2000,2000,400,-400,-56.732544,377.14453,0,170.19763,-1131.4336,30,2
,672,200,0,16,-35,-196,16.574074,-73.42628,862.0272,1621.9728,2462.0273,1621.9728,1500,1500,1642,1500,2000,2000,400,-400,-56.608826,377.15097,0,169.82648,-1131.4529,30,2
,664,194,0,21,-38,-192,16.286772,-73.71358,872.0432,1631.9568,2472.0432,1631.9568,1500,1500,1652,1500,2000,2000,400,-400,-56.485615,377.15527,0,169.45685,-1131.4658,30,2
,664,158,0,16,-38,-199,13.384772,-76.615585,881.2009,1640.7991,2481.201,1640.7991,1500,1500,1661,1500,2000,2000,400,-400,-56.35243,377.16824,0,169.05728,-1131.5048,30,2
,720,178,0,12,-36,-192,13.886407,-76.11395,892.2006,1651.7994,2492.2007,1651.7994,1500,1500,1672,1500,2000,2000,400,-400,-56.225433,377.18137,0,168.6763,-1131.5441,24,2
,716,174,0,18,-41,-192,13.659108,-76.34125,903.218,1662.782,2503.218,1662.782,1500,1500,1683,1500,2000,2000,400,-400,-56.095745,377.1921,0,168.28723,-1131.5763,24,2
,662,172,0,24,-41,-191,14.564544,-75.43579,906.2294,1665.7706,2506.2292,1665.7706,1500,1500,1686,1500,2000,2000,400,-400,-55.968517,377.1982,0,167.90555,-1131.5946,30,2
,692,200,0,21,-35,-187,16.120274,-73.88007,908.18115,1667.8188,2508.1812,1667.8188,1500,1500,1688,1500,2000,2000,400,-400,-55.849606,377.20218,0,167.54881,-1131.6066,30,2
,660,192,0,22,-33,-189,16.220257,-73.78009,911.20135,1670.7987,2511.2014,1670.7987,1500,1500,1691,1500,2000,2000,400,-400,-55.730648,377.2056,0,167.19194,-1131.6168,24,2
,656,198,0,21,-37,-193,16.795416,-73.20494,915.30646,1674.6936,2515.3064,1674.6936,1500,1500,1695,1500,2000,2000,400,-400,-55.608646,377.2087,0,166.82594,-1131.6261,30,2
,650,182,0,14,-33,-191,15.642307,-74.35804,925.3609,1684.6392,2525.3608,1684.6392,1500,1500,1705,1500,2000,2000,400,-400,-55.487427,377.21713,0,166.46228,-1131.6514,30,2
,684,188,0,20,-27,-191,15.368523,-74.631836,941.41644,1700.5835,2541.4165,1700.5835,1500,1500,1721,1500,2000,2000,400,-400,-55.368454,377.22324,0,166.10536,-1131.6697,30,2
,690,178,0,15,-41,-191,14.465328,-75.53502,958.4729,1717.5271,2558.473,1717.5271,1500,1500,1738,1500,2000,2000,400,-400,-55.241306,377.23337,0,165.72392,-1131.7001,30,2
,658,200,0,11,-41,-191,16.906786,-73.093575,977.52985,1736.4701,2577.5298,1736.4701,1500,1500,1757,1500,2000,2000,400,-400,-55.11909,377.2404,0,165.35727,-1131.7212,30,2
,702,204,0,13,-42,-190,16.203838,-73.79651,986.56885,1745.4312,2586.5688,1745.4312,1500,1500,1766,1500,2000,2000,400,-400,-54.995655,377.24783,0,164.98697,-1131.7435,30,2
,704,182,0,25,-40,-192,14.494963,-75.505394,992.6503,1751.3496,2592.6504,1751.3496,1500,1500,1772,1500,2000,2000,400,-400,-54.868572,377.2534,0,164.60571,-1131.7601,30,2
,678,178,0,23,-37,-189,14.710338,-75.290016,1000.66974,1759.3302,2600.6697,1759.3302,1500,1500,1780,1500,2000,2000,400,-400,-54.745136,377.25906,0,164.23541,-1131.7772,24,2
,682,214,0,20,-42,-188,17.421038,-72.579315,1007.68225,1766.3177,2607.6821,1766.3177,1500,1500,1787,1500,2000,2000,400,-400,-54.6255,377.26053,0,163.8765,-1131.7816,24,2
,688,206,0,22,-39,-201,16.668745,-73.33162,1020.9476,1779.0525,2620.9475,1779.0525,1500,1500,1803,1500,2000,2000,400,-400,-54.497925,377.26376,0,163.49377,-1131.7913,24,2
,700,170,0,20,-36,-191,13.650471,-76.34986,1020.9676,1779.0325,2620.9675,1779.0325,1500,1500,1816,1500,2000,2000,400,-400,-54.371765,377.27298,0,163.1153,-1131.819,24,2
,684,188,0,24,-38,-187,15.368523,-74.631836,1020.9254,1779.0746,2620.9255,1779.0746,1500,1500,1823,1500,2000,2000,400,-400,-54.2506,377.27658,0,162.7518,-1131.8297,24,2
,688,202,0,14,-33,-194,16.362549,-73.6378,1021.04193,1778.958,2621.042,1778.958,1500,1500,1831,1500,2000,2000,400,-400,-54.129528,377.28333,0,162.38858,-1131.85,30,2
,694,184,0,15,-35,-192,14.849227,-75.15112,1021.1045,1778.8955,2621.1045,1778.8955,1500,1500,1844,1500,2000,2000,400,-400,-54.005768,377.29245,0,162.0173,-1131.8773,30,2
,680,186,0,13,-31,-196,15.297946,-74.70239,1021.23944,1778.7605,2621.2395,1778.7605,1500,1500,1857,1500,2000,2000,400,-400,-53.88237,377.3019,0,161.64711,-1131.9058,30,2
,680,152,0,19,-33,-187,12.600207,-77.40014,1021.1862,1778.8138,2621.1863,1778.8138,1500,1500,1861,1500,2000,2000,400,-400,-53.758137,377.31314,0,161.27441,-1131.9395,30,2
,690,214,0,23,-38,-194,17.231077,-72.76927,1021.2949,1778.7051,2621.295,1778.7051,1500,1500,1867,1500,2000,2000,400,-400,-53.636707,377.31384,0,160.91013,-1131.9415,30,2
,674,196,0,17,-40,-187,16.214556,-73.7858,1021.25995,1778.7401,2621.26,1778.7401,1500,1500,1879,1500,2000,2000,400,-400,-53.516598,377.3187,0,160.54979,-1131.956,30,2
,698,196,0,21,-32,-190,15.684924,-74.31541,1021.3078,1778.6923,2621.3079,1778.6923,1500,1500,1892,1500,2000,2000,400,-400,-53.397324,377.32297,0,160.19197,-1131.9689,29,2
,732,174,0,20,-33,-193,13.371385,-76.62896,1021.41394,1778.586,2621.4138,1778.586,1500,1500,1897,1500,2000,2000,400,-400,-53.2712,377.33255,0,159.8136,-1131.9977,30,2
,676,186,0,21,-34,-191,15.3841915,-74.61616,1021.4691,1778.5309,2621.469,1778.5309,1500,1500,1905,1500,2000,2000,400,-400,-53.149902,377.33743,0,159.4497,-1132.0123,30,2
,640,176,0,21,-32,-192,15.376311,-74.62405,1021.54364,1778.4564,2621.5437,1778.4564,1500,1500,1916,1500,2000,2000,400,-400,-53.028942,377.3424,0,159.08682,-1132.0272,30,2
,690,192,0,20,-42,-194,15.549866,-74.450485,1021.6502,1778.3499,2621.6501,1778.3499,1500,1500,1921,1500,2000,2000,400,-400,-52.9026,377.34763,0,158.7078,-1132.0428,24,2
,712,186,0,25,-35,-187,14.640582,-75.35976,1021.61365,1778.3864,2621.6138,1778.3864,1500,1500,1927,1500,2000,2000,400,-400,-52.78191,377.3517,0,158.34573,-1132.0552,24,2
,664,176,0,22,-33,-190,14.84551,-75.15484,1021.66046,1778.3395,2621.6604,1778.3395,1500,1500,1931,1500,2000,2000,400,-400,-52.660786,377.35696,0,157.98236,-1132.0709,30,2
,686,200,0,18,-39,-199,16.253855,-73.74649,1021.87634,1778.1237,2621.8765,1778.1237,1500,1500,1940,1500,2000,2000,400,-400,-52.534348,377.36197,0,157.60304,-1132.0859,30,2
,694,184,0,18,-37,-191,14.849227,-75.15112,1021.89844,1778.1016,2621.8984,1778.1016,1500,1500,1949,1500,2000,2000,400,-400,-52.41089,377.3691,0,157.23267,-1132.1073,24,2
,676,172,0,15,-38,-189,14.275362,-75.72499,1021.89453,1778.1055,2621.8945,1778.1055,1500,1500,1957,1500,2000,2000,400,-400,-52.28708,377.37854,0,156.86124,-1132.1356,24,2
,706,188,0,14,-34,-185,14.911267,-75.08908,1021.83545,1778.1646,2621.8354,1778.1646,1500,1500,1966,1500,2000,2000,400,-400,-52.168827,377.3868,0,156.50648,-1132.1604,30,2
,702,222,0,17,-32,-189,17.54907,-72.45128,1021.8847,1778.1152,2621.8848,1778.1152,1500,1500,1975,1500,2000,2000,400,-400,-52.0544,377.38867,0,156.16321,-1132.166,30,2
,702,174,0,21,-38,-189,13.921015,-76.07934,1021.9365,1778.0635,2621.9365,1778.0635,1500,1500,1981,1500,2000,2000,400,-400,-51.93002,377.39597,0,155.79005,-1132.1879,30,2
,736,174,0,21,-39,-185,13.301302,-76.699036,1021.91644,1778.0836,2621.9165,1778.0836,1500,1500,1985,1500,2000,2000,400,-400,-51.8064,377.40414,0,155.4192,-1132.2124,30,2
,686,160,0,17,-34,-193,13.128793,-76.87157,1022.0666,1777.9333,2622.0667,1777.9333,1500,1500,1991,1500,2000,2000,400,-400,-51.67995,377.41504,0,155.03986,-1132.2451,30,2
,686,168,0,21,-31,-193,13.760838,-76.23952,1022.1894,1777.8105,2622.1895,1777.8105,1500,1500,1999,1500,2000,2000,400,-400,-51.556183,377.42282,0,154.66855,-1132.2684,30,2
,658,202,0,15,-41,-189,17.066076,-72.93428,1022.2194,1777.7806,2622.2195,1777.7806,1500,1500,2000,1500,2000,2000,400,-400,-51.436905,377.4264,0,154.31071,-1132.2792,30,2
,672,196,0,23,-26,-197,16.260267,-73.740074,1022.405,1777.595,2622.405,1777.595,1500,1500,2000,1500,2000,2000,400,-400,-51.31811,377.4285,0,153.95433,-1132.2855,24,2
,660,206,0,9,-38,-194,17.334316,-72.66604,1022.49774,1777.5022,2622.4978,1777.5022,1500,1500,2000,1500,2000,2000,400,-400,-51.197826,377.4346,0,153.59348,-1132.3038,24,2
,680,186,0,22,-38,-189,15.297946,-74.70239,1022.4884,1777.5116,2622.4883,1777.5116,1500,1500,2000,1500,2000,2000,400,-400,-51.076523,377.43845,0,153.22957,-1132.3153,24,2
,686,176,0,15,-37,-188,14.389488,-75.610855,1022.4807,1777.5193,2622.4807,1777.5193,1500,1500,2000,1500,2000,2000,400,-400,-50.954514,377.4471,0,152.86354,-1132.3413,24,2
,704,180,0,10,-36,-194,14.342281,-75.65807,1022.603,1777.397,2622.603,1777.397,1500,1500,2000,1500,2000,2000,400,-400,-50.8293,377.45862,0,152.4879,-1132.3759,24,2
,696,204,0,20,-37,-194,16.336107,-73.66424,1022.7064,1777.2936,2622.7065,1777.2936,1500,1500,2000,1500,2000,2000,400,-400,-50.70766,377.46152,0,152.12299,-1132.3845,30,2
,670,158,0,16,-35,-186,13.269167,-76.73118,1022.6493,1777.3507,2622.6494,1777.3507,1500,1500,2000,1500,2000,2000,400,-400,-50.585674,377.47168,0,151.75702,-1132.415,30,2
,668,176,0,19,-33,-193,14.760508,-75.23985,1022.75525,1777.2448,2622.7551,1777.2448,1500,1500,2000,1500,2000,2000,400,-400,-50.46341,377.47806,0,151.39023,-1132.4342,30,2
,660,180,0,19,-35,-199,15.2551775,-74.74518,1022.9575,1777.0425,2622.9575,1777.0425,1500,1500,2000,1500,2000,2000,400,-400,-50.337643,377.4839,0,151.01292,-1132.4517,30,2
,704,166,0,25,-39,-194,13.267787,-76.732574,1023.02527,1776.9747,2623.0254,1776.9747,1500,1500,2000,1500,2000,2000,400,-400,-50.20915,377.4905,0,150.62744,-1132.4716,30,2
,664,184,0,27,-41,-199,15.488561,-74.51178,1023.18256,1776.8174,2623.1826,1776.8174,1500,1500,2000,1500,2000,2000,400,-400,-50.081203,377.49216,0,150.2436,-1132.4764,30,2
,692,194,0,17,-29,-189,15.660733,-74.339615,1023.1268,1776.8732,2623.1267,1776.8732,1500,1500,2000,1500,2000,2000,400,-400,-49.96518,377.4972,0,149.89554,-1132.4916,30,2
,674,196,0,16,-40,-187,16.214556,-73.7858,1023.0682,1776.9318,2623.068,1776.9318,1500,1500,2000,1500,2000,2000,400,-400,-49.846485,377.50137,0,149.53946,-1132.5042,30,2
,712,170,0,20,-31,-188,13.428808,-76.57153,1023.06274,1776.9373,2623.0627,1776.9373,1500,1500,2000,1500,2000,2000,400,-400,-49.725773,377.5093,0,149.17732,-1132.528,24,2
,690,200,0,19,-32,-189,16.16456,-73.83579,1023.09454,1776.9054,2623.0945,1776.9054,1500,1500,2000,1500,2000,2000,400,-400,-49.609524,377.51224,0,148.82857,-1132.5367,24,2
,658,186,0,23,-31,-191,15.784321,-74.216034,1023.17096,1776.829,2623.171,1776.829,1500,1500,2000,1500,2000,2000,400,-400,-49.491802,377.51425,0,148.4754,-1132.5427,30,2
,706,196,0,19,-36,-190,15.5157995,-74.48454,1023.2235,1776.7765,2623.2236,1776.7765,1500,1500,2000,1500,2000,2000,400,-400,-49.371906,377.51846,0,148.11572,-1132.5554,24,2
,694,192,0,22,-36,-195,15.4645405,-74.5358,1023.3698,1776.6302,2623.3699,1776.6302,1500,1500,2000,1500,2000,2000,400,-400,-49.248947,377.52176,0,147.74684,-1132.5653,24,2
,688,202,0,21,-38,-190,16.362549,-73.6378,1023.398,1776.602,2623.398,1776.602,1500,1500,2000,1500,2000,2000,400,-400,-49.12993,377.52335,0,147.38979,-1132.5701,30,2
,678,166,0,17,-41,-190,13.757584,-76.24276,1023.4351,1776.565,2623.435,1776.565,1500,1500,2000,1500,2000,2000,400,-400,-49.004375,377.5319,0,147.01312,-1132.5957,30,2
,662,166,0,20,-36,-188,14.07702,-75.923325,1023.4417,1776.5583,2623.4417,1776.5583,1500,1500,2000,1500,2000,2000,400,-400,-48.883,377.53824,0,146.649,-1132.6147,30,2
,692,188,0,27,-43,-190,15.199115,-74.80122,1023.50037,1776.4996,2623.5002,1776.4996,1500,1500,2000,1500,2000,2000,400,-400,-48.759506,377.5393,0,146.27852,-1132.6179,30,2
,694,186,0,17,-25,-191,15.00339,-74.99696,1023.5772,1776.4227,2623.5771,1776.4227,1500,1500,2000,1500,2000,2000,400,-400,-48.64331,377.54532,0,145.92993,-1132.636,30,2
,700,164,0,19,-31,-192,13.185813,-76.81455,1023.66693,1776.3331,2623.667,1776.3331,1500,1500,2000,1500,2000,2000,400,-400,-48.520172,377.55408,0,145.56052,-1132.6622,30,2
,706,160,0,13,-38,-187,12.769234,-77.23111,1023.6553,1776.3447,2623.6553,1776.3447,1500,1500,2000,1500,2000,2000,400,-400,-48.39606,377.56604,0,145.18819,-1132.6981,30,2
,680,186,0,23,-35,-189,15.297946,-74.70239,1023.70105,1776.299,2623.701,1776.299,1500,1500,2000,1500,2000,2000,400,-400,-48.277218,377.56848,0,144.83165,-1132.7054,30,2
,684,162,0,23,-34,-184,13.324583,-76.67576,1023.6583,1776.3417,2623.6584,1776.3417,1500,1500,1998,1500,2000,2000,400,-400,-48.157948,377.57443,0,144.47385,-1132.7233,24,2
,688,190,0,25,-36,-189,15.438232,-74.56212,1023.73737,1776.2626,2623.7373,1776.2626,1500,1500,1986,1500,2000,2000,400,-400,-48.03902,377.57556,0,144.11707,-1132.7267,24,2
,696,190,0,15,-35,-187,15.269108,-74.73124,1023.7732,1776.2268,2623.7732,1776.2268,1500,1500,1983,1500,2000,2000,400,-400,-47.921467,377.58145,0,143.7644,-1132.7444,24,2
,726,168,0,19,-36,-188,13.029245,-76.97109,1023.8338,1776.1663,2623.8337,1776.1663,1500,1500,1976,1500,2000,2000,400,-400,-47.79842,377.5901,0,143.39526,-1132.7703,24,2
,686,178,0,20,-39,-188,14.546105,-75.45423,1023.89343,1776.1066,2623.8933,1776.1066,1500,1500,1972,1500,2000,2000,400,-400,-47.677074,377.59518,0,143.03122,-1132.7855,30,2
,686,186,0,20,-38,-191,15.170336,-74.83,1024.0077,1775.9923,2624.0076,1775.9923,1500,1500,1970,1500,2000,2000,400,-400,-47.555676,377.5992,0,142.66702,-1132.7976,30,2
,694,184,0,28,-38,-181,14.849227,-75.15112,1023.92096,1776.079,2623.921,1776.079,1500,1500,1966,1500,2000,2000,400,-400,-47.439713,377.59937,0,142.31914,-1132.7981,30,2
,720,202,0,22,-39,-187,15.671819,-74.32853,1023.98737,1776.0127,2623.9873,1776.0127,1500,1500,1961,1500,2000,2000,400,-400,-47.32136,377.60104,0,141.96408,-1132.8031,30,2
,716,174,0,19,-31,-195,13.659108,-76.34125,1024.1982,1775.8018,2624.1982,1775.8018,1500,1500,1958,1500,2000,2000,400,-400,-47.197865,377.60867,0,141.5936,-1132.826,30,2
,716,172,0,17,-33,-191,13.507892,-76.49246,1024.29,1775.71,2624.29,1775.71,1500,1500,1952,1500,2000,2000,400,-400,-47.07562,377.6172,0,141.22685,-1132.8516,30,2
,676,208,0,15,-35,-195,17.102795,-72.897545,1024.4456,1775.5544,2624.4456,1775.5544,1500,1500,1943,1500,2000,2000,400,-400,-46.957275,377.61972,0,140.87183,-1132.8591,30,2
,664,212,0,21,-30,-194,17.70716,-72.29319,1024.5537,1775.4463,2624.5537,1775.4463,1500,1500,1938,1500,2000,2000,400,-400,-46.843082,377.61813,0,140.52925,-1132.8544,30,2
,682,188,0,25,-32,-192,15.411452,-74.5889,1024.6105,1775.3895,2624.6106,1775.3895,1500,1500,1934,1500,2000,2000,400,-400,-46.724636,377.61917,0,140.1739,-1132.8575,24,2
,690,186,0,21,-38,-193,15.086413,-74.91395,1024.6862,1775.3138,2624.6863,1775.3138,1500,1500,1929,1500,2000,2000,400,-400,-46.602234,377.6227,0,139.8067,-1132.8682,24,2
,706,192,0,20,-43,-191,15.213967,-74.78638,1024.7201,1775.2799,2624.72,1775.2799,1500,1500,1923,1500,2000,2000,400,-400,-46.479053,377.62625,0,139.43716,-1132.8788,30,2
,692,218,0,25,-25,-193,17.486002,-72.51436,1024.7981,1775.2019,2624.798,1775.2019,1500,1500,1917,1500,2000,2000,400,-400,-46.367504,377.62308,0,139.10251,-1132.8693,30,2
,688,180,0,21,-31,-190,14.661604,-75.338745,1024.8151,1775.1849,2624.8152,1775.1849,1500,1500,1914,1500,2000,2000,400,-400,-46.24941,377.62717,0,138.74823,-1132.8815,24,2
,698,192,0,18,-38,-190,15.380128,-74.620224,1024.8445,1775.1555,2624.8445,1775.1555,1500,1500,1911,1500,2000,2000,400,-400,-46.129593,377.63107,0,138.38878,-1132.8932,30,2
,676,206,0,20,-39,-195,16.947815,-73.05254,1024.9745,1775.0255,2624.9744,1775.0255,1500,1500,1904,1500,2000,2000,400,-400,-46.00948,377.63132,0,138.02844,-1132.8939,30,2
,654,196,0,23,-33,-195,16.683231,-73.317116,1025.0834,1774.9166,2625.0833,1774.9166,1500,1500,1901,1500,2000,2000,400,-400,-45.891636,377.63065,0,137.67491,-1132.892,30,2
,704,162,0,21,-36,-190,12.958998,-77.041336,1025.0853,1774.9147,2625.0852,1774.9147,1500,1500,1897,1500,2000,2000,400,-400,-45.768032,377.63794,0,137.3041,-1132.9138,30,2
,660,178,0,26,-43,-187,15.09345,-74.9069,1025.049,1774.951,2625.0488,1774.951,1500,1500,1889,1500,2000,2000,400,-400,-45.647358,377.63843,0,136.94208,-1132.9153,30,2
,710,196,0,22,-37,-189,15.432563,-74.56777,1025.0774,1774.9226,2625.0774,1774.9226,1500,1500,1881,1500,2000,2000,400,-400,-45.52895,377.64017,0,136.58685,-1132.9205,30,2
,722,182,0,21,-34,-197,14.148277,-75.852066,1025.2618,1774.7382,2625.262,1774.7382,1500,1500,1875,1500,2000,2000,400,-400,-45.404556,377.64554,0,136.21367,-1132.9366,30,2
,698,182,0,13,-36,-195,14.614247,-75.3861,1025.3723,1774.6277,2625.3723,1774.6277,1500,1500,1866,1500,2000,2000,400,-400,-45.281437,377.6534,0,135.84431,-1132.9602,24,2
,688,180,0,15,-41,-194,14.661604,-75.338745,1025.449,1774.551,2625.449,1774.551,1500,1500,1861,1500,2000,2000,400,-400,-45.15678,377.66016,0,135.47034,-1132.9805,24,2
,718,194,0,14,-35,-184,15.120047,-74.88031,1025.3363,1774.6637,2625.3364,1774.6637,1500,1500,1858,1500,2000,2000,400,-400,-45.041866,377.66568,0,135.1256,-1132.9971,24,2
,720,182,0,19,-30,-194,14.185993,-75.81436,1025.4585,1774.5415,2625.4585,1774.5415,1500,1500,1854,1500,2000,2000,400,-400,-44.921387,377.67148,0,134.76416,-1133.0144,30,2
,726,170,0,17,-37,-189,13.178972,-76.82136,1025.4697,1774.5303,2625.4697,1774.5303,1500,1500,1848,1500,2000,2000,400,-400,-44.79875,377.6798,0,134.39626,-1133.0394,30,2
,694,202,0,11,-28,-194,16.22856,-73.77179,1025.5869,1774.4131,2625.587,1774.4131,1500,1500,1842,1500,2000,2000,400,-400,-44.68336,377.68515,0,134.05008,-1133.0554,30,2
,708,172,0,13,-27,-189,13.654839,-76.34553,1025.5946,1774.4054,2625.5947,1774.4054,1500,1500,1833,1500,2000,2000,400,-400,-44.56634,377.6943,0,133.69902,-1133.0829,30,2
,682,180,0,25,-34,-188,14.784965,-75.21538,1025.599,1774.401,2625.5989,1774.401,1500,1500,1822,1500,2000,2000,400,-400,-44.449024,377.69556,0,133.34708,-1133.0867,30,2
,670,182,0,21,-44,-188,15.197274,-74.80307,1025.6193,1774.3807,2625.6191,1774.3807,1500,1500,1812,1500,2000,2000,400,-400,-44.328003,377.69775,0,132.98401,-1133.0933,30,2
,684,178,0,19,-28,-187,14.586827,-75.41352,1025.6322,1774.3678,2625.6323,1774.3678,1500,1500,1804,1500,2000,2000,400,-400,-44.21374,377.702,0,132.64122,-1133.106,30,2
,702,182,0,21,-37,-191,14.5345125,-75.465836,1021.7321,1770.268,2621.7322,1770.268,1500,1500,1796,1500,2000,2000,400,-400,-44.092876,377.7057,0,132.27863,-1133.1171,30,2
,706,176,0,21,-36,-192,13.9981,-76.00224,1012.8379,1761.1621,2612.838,1761.1621,1500,1500,1787,1500,2000,2000,400,-400,-43.970837,377.71048,0,131.9125,-1133.1315,30,2
,682,194,0,17,-32,-191,15.8788595,-74.12148,1005.91113,1754.0889,2605.9111,1754.0889,1500,1500,1780,1500,2000,2000,400,-400,-43.855045,377.71326,0,131.56514,-1133.1398,30,2
,648,172,0,25,-43,-189,14.865417,-75.13494,995.9431,1744.0569,2595.943,1744.0569,1500,1500,1770,1500,2000,2000,400,-400,-43.733448,377.71414,0,131.20035,-1133.1425,24,2
,728,180,0,24,-39,-192,13.888055,-76.1123,988.038,1735.962,2588.038,1735.962,1500,1500,1762,1500,2000,2000,400,-400,-43.609966,377.71765,0,130.8299,-1133.153,24,2
,684,170,0,24,-40,-191,13.957432,-76.04292,980.10364,1727.8964,2580.1035,1727.8964,1500,1500,1754,1500,2000,2000,400,-400,-43.486816,377.72095,0,130.46045,-1133.1628,24,2
,688,192,0,18,-39,-190,15.592872,-74.407486,971.1486,1718.8513,2571.1487,1718.8513,1500,1500,1745,1500,2000,2000,400,-400,-43.368042,377.7236,0,130.10413,-1133.1708,30,2
,678,182,0,18,-34,-195,15.026109,-74.974236,962.2896,1709.7103,2562.2896,1709.7103,1500,1500,1736,1500,2000,2000,400,-400,-43.24745,377.72766,0,129.74236,-1133.183,24,2
,698,202,0,17,-39,-193,16.140415,-73.859924,954.3693,1701.6306,2554.3694,1701.6306,1500,1500,1728,1500,2000,2000,400,-400,-43.128056,377.72983,0,129.38417,-1133.1895,30,2
,690,152,0,23,-34,-197,12.423306,-77.57704,949.5165,1696.4835,2549.5164,1696.4835,1500,1500,1723,1500,2000,2000,400,-400,-43.00115,377.73685,0,129.00345,-1133.2106,30,2
,700,190,0,16,-37,-195,15.185897,-74.81445,946.6007,1693.3993,2546.6006,1693.3993,1500,1500,1720,1500,2000,2000,400,-400,-42.87965,377.74136,0,128.63895,-1133.2241,30,2
,674,196,0,16,-34,-187,16.214556,-73.7858,939.5302,1686.4698,2539.5303,1686.4698,1500,1500,1713,1500,2000,2000,400,-400,-42.76646,377.74332,0,128.29938,-1133.23,30,2
,720,176,0,14,-40,-187,13.736321,-76.26403,935.498,1682.502,2535.498,1682.502,1500,1500,1709,1500,2000,2000,400,-400,-42.645603,377.7511,0,127.936806,-1133.2533,30,2
,716,178,0,16,-42,-189,13.9609585,-76.0394,928.5294,1675.4706,2528.5293,1675.4706,1500,1500,1702,1500,2000,2000,400,-400,-42.52313,377.7576,0,127.56938,-1133.2728,30,2
,680,192,0,15,-37,-195,15.767242,-74.23309,922.6792,1669.3208,2522.6792,1669.3208,1500,1500,1696,1500,2000,2000,400,-400,-42.402973,377.76132,0,127.20892,-1133.2839,30,2
,658,202,0,18,-41,-190,17.066076,-72.93428,917.70984,1664.2902,2517.7097,1664.2902,1500,1500,1691,1500,2000,2000,400,-400,-42.286655,377.7607,0,126.85996,-1133.2821,30,2
,688,180,0,24,-37,-193,14.661604,-75.338745,913.8039,1660.196,2513.804,1660.196,1500,1500,1687,1500,2000,2000,400,-400,-42.165592,377.7623,0,126.49678,-1133.2869,24,2
,676,208,0,21,-48,-190,17.102795,-72.897545,910.8322,1657.1678,2510.8323,1657.1678,1500,1500,1684,1500,2000,2000,400,-400,-42.046238,377.76016,0,126.13871,-1133.2805,24,2
,666,202,0,18,-34,-192,16.87279,-73.12756,907.90625,1654.0938,2507.9063,1654.0938,1500,1500,1681,1500,2000,2000,400,-400,-41.93167,377.75992,0,125.79501,-1133.2798,30,2
,718,180,0,21,-35,-190,14.073845,-75.92651,902.93884,1649.0612,2502.939,1649.0612,1500,1500,1676,1500,2000,2000,400,-400,-41.8123,377.7638,0,125.436905,-1133.2914,24,2
,656,204,0,17,-34,-191,17.274487,-72.72586,894.9975,1641.0026,2494.9976,1641.0026,1500,1500,1668,1500,2000,2000,400,-400,-41.69923,377.7631,0,125.09769,-1133.2893,30,2
,658,192,0,19,-40,-195,16.266956,-73.73339,890.12964,1635.8704,2490.1296,1635.8704,1500,1500,1663,1500,2000,2000,400,-400,-41.579033,377.76376,0,124.7371,-1133.2913,30,2
,704,168,0,20,-30,-191,13.421886,-76.57846,883.1664,1628.8336,2483.1665,1628.8336,1500,1500,1656,1500,2000,2000,400,-400,-41.46019,377.76932,0,124.38057,-1133.308,30,2
,712,190,0,21,-42,-194,14.941491,-75.05885,873.2649,1618.7351,2473.265,1618.7351,1500,1500,1646,1500,2000,2000,400,-400,-41.337124,377.7715,0,124.01137,-1133.3146,30,2
,668,200,0,22,-38,-191,16.667826,-73.332504,864.2963,1609.7037,2464.2964,1609.7037,1500,1500,1637,1500,2000,2000,400,-400,-41.2212,377.76962,0,123.6636,-1133.3088,30,2
,690,196,0,28,-31,-193,15.857681,-74.142654,857.3727,1602.6273,2457.3726,1602.6273,1500,1500,1630,1500,2000,2000,400,-400,-41.1057,377.76663,0,123.3171,-1133.2999,30,2
,732,190,0,14,-32,-192,14.550808,-75.44953,851.42535,1596.5747,2451.4253,1596.5747,1500,1500,1624,1500,2000,2000,400,-400,-40.987778,377.7726,0,122.96333,-1133.3179,30,2
,754,168,0,13,-37,-195,12.561035,-77.43931,848.5351,1593.465,2448.5352,1593.465,1500,1500,1621,1500,2000,2000,400,-400,-40.86182,377.7832,0,122.585464,-1133.3496,30,2
,704,190,0,25,-38,-187,15.103563,-74.896774,841.4824,1586.5176,2441.4824,1586.5176,1500,1500,1614,1500,2000,2000,400,-400,-40.745373,377.78262,0,122.236115,-1133.3479,24,2
,668,184,0,15,-33,-187,15.40023,-74.60013,838.4627,1583.5372,2438.4626,1583.5372,1500,1500,1611,1500,2000,2000,400,-400,-40.63185,377.78598,0,121.89555,-1133.3579,30,2
,700,178,0,18,-31,-191,14.267173,-75.73316,834.5397,1579.4603,2434.5398,1579.4603,1500,1500,1607,1500,2000,2000,400,-400,-40.514606,377.7905,0,121.54382,-1133.3715,30,2
,740,164,0,17,-35,-187,12.496059,-77.504295,827.5374,1572.4625,2427.5374,1572.4625,1500,1500,1600,1500,2000,2000,400,-400,-40.39445,377.79868,0,121.18335,-1133.396,24,2
,684,186,0,16,-46,-196,15.212642,-74.7877,819.7187,1564.2813,2419.7188,1564.2813,1500,1500,1592,1500,2000,2000,400,-400,-40.269302,377.8024,0,120.80791,-1133.4072,24,2
,706,230,0,17,-39,-187,18.044594,-71.95576,812.6978,1557.3022,2412.6978,1557.3022,1500,1500,1585,1500,2000,2000,400,-400,-40.158504,377.7994,0,120.47552,-1133.3982,30,2
,724,170,0,14,-43,-188,13.214103,-76.786255,804.71875,1549.2813,2404.7188,1549.2813,1500,1500,1577,1500,2000,2000,400,-400,-40.035656,377.80746,0,120.10697,-1133.4224,30,2
,706,158,0,19,-40,-201,12.614758,-77.385605,791.99,1536.01,2391.99,1536.01,1500,1500,1564,1500,2000,2000,400,-400,-39.905186,377.81522,0,119.71555,-1133.4457,30,2
,658,212,0,13,-27,-192,17.85841,-72.14194,782.03253,1525.9675,2382.0325,1525.9675,1500,1500,1554,1500,2000,2000,400,-400,-39.79663,377.8146,0,119.38989,-1133.4438,30,2
,668,162,0,23,-33,-192,13.631957,-76.368385,771.0799,1514.92,2371.0798,1514.92,1500,1500,1543,1500,2000,2000,400,-400,-39.676926,377.81784,0,119.03078,-1133.4535,30,2
,700,176,0,20,-30,-186,14.113308,-75.88704,761.0202,1504.9799,2361.0203,1504.9799,1500,1500,1533,1500,2000,2000,400,-400,-39.563225,377.82108,0,118.689674,-1133.4633,30,2
,680,190,0,31,-34,-191,15.611049,-74.38929,755.08746,1498.9125,2355.0874,1498.9125,1500,1500,1527,1500,2000,2000,400,-400,-39.447716,377.81656,0,118.34315,-1133.4497,30,2
,672,156,0,21,-29,-191,13.069367,-76.93098,752.1521,1495.8479,2352.152,1495.8479,1500,1500,1524,1500,2000,2000,400,-400,-39.329456,377.8217,0,117.98837,-1133.4651,30,2
,682,162,0,20,-29,-187,13.362258,-76.6381,746.1412,1489.8589,2346.141,1489.8589,1500,1500,1518,1500,2000,2000,400,-400,-39.21425,377.8264,0,117.642746,-1133.4791,24,2
,714,204,0,20,-33,-197,15.945457,-74.05489,739.3348,1482.6653,2339.3347,1482.6653,1500,1500,1511,1500,2000,2000,400,-400,-39.09638,377.82654,0,117.28914,-1133.4796,38,2
,668,186,0,26,-32,-187,15.559556,-74.44079,735.3042,1478.6958,2335.3042,1478.6958,1500,1500,1507,1500,2000,2000,400,-400,-38.98428,377.824,0,116.95284,-1133.472,29,2
,718,158,0,25,-26,-192,12.410511,-77.58984,728.392,1471.608,2328.392,1471.608,1500,1500,1500,1500,2000,2000,400,-400,-38.86566,377.82858,0,116.596985,-1133.4857,30,2
,666,192,0,22,-32,-188,16.081715,-73.91864,719.3974,1462.6025,2319.3975,1462.6025,1500,1500,1491,1500,2000,2000,400,-400,-38.754097,377.8268,0,116.26229,-1133.4805,30,2
,690,192,0,22,-39,-187,15.549866,-74.450485,714.39996,1457.6,2314.4,1457.6,1500,1500,1486,1500,2000,2000,400,-400,-38.638912,377.82605,0,115.91673,-1133.4781,24,2
,690,196,0,16,-35,-192,15.857681,-74.142654,707.511,1450.489,2307.511,1450.489,1500,1500,1479,1500,2000,2000,400,-400,-38.5232,377.82767,0,115.5696,-1133.483,24,2
,720,200,0,16,-36,-192,15.524172,-74.47618,697.60626,1440.3937,2297.6062,1440.3937,1500,1500,1469,1500,2000,2000,400,-400,-38.406414,377.82996,0,115.21924,-1133.4899,24,2
,686,176,0,22,-39,-189,14.389488,-75.610855,687.6353,1430.3646,2287.6353,1430.3646,1500,1500,1459,1500,2000,2000,400,-400,-38.287838,377.83154,0,114.86352,-1133.4946,30,2
,662,174,0,18,-36,-185,14.726579,-75.273766,679.59937,1422.4006,2279.5994,1422.4006,1500,1500,1451,1500,2000,2000,400,-400,-38.173775,377.834,0,114.521324,-1133.5021,24,2
,712,186,0,15,-43,-190,14.640582,-75.35976,670.68317,1413.3169,2270.683,1413.3169,1500,1500,1442,1500,2000,2000,400,-400,-38.05336,377.8383,0,114.16008,-1133.5149,30,2
,680,184,0,20,-42,-192,15.141041,-74.8593,663.796,1406.204,2263.7961,1406.204,1500,1500,1435,1500,2000,2000,400,-400,-37.933243,377.83936,0,113.79973,-1133.5181,30,2
,670,186,0,34,-34,-190,15.51535,-74.48501,658.85583,1401.1442,2258.856,1401.1442,1500,1500,1430,1500,2000,2000,400,-400,-37.818794,377.8331,0,113.45638,-1133.4993,30,2
,688,190,0,22,-28,-190,15.438232,-74.56212,652.9151,1395.085,2252.915,1395.085,1500,1500,1424,1500,2000,2000,400,-400,-37.70698,377.83243,0,113.12095,-1133.4973,30,2
,672,202,0,18,-34,-197,16.730593,-73.269775,647.10284,1388.8971,2247.1028,1388.8971,1500,1500,1418,1500,2000,2000,400,-400,-37.590828,377.83142,0,112.772484,-1133.4943,30,2
,692,160,0,20,-36,-196,13.018853,-76.9815,642.23395,1383.7661,2242.234,1383.7661,1500,1500,1413,1500,2000,2000,400,-400,-37.466984,377.83682,0,112.400955,-1133.5105,30,2
,660,194,0,16,-43,-193,16.380203,-73.62015,637.2884,1378.7115,2237.2883,1378.7115,1500,1500,1408,1500,2000,2000,400,-400,-37.34852,377.83716,0,112.045555,-1133.5115,30,2
,676,194,0,7,-41,-185,16.012602,-73.98775,623.1969,1364.8031,2223.197,1364.8031,1500,1500,1394,1500,2000,2000,400,-400,-37.23511,377.8418,0,111.70533,-1133.5254,24,2
,710,192,0,17,-37,-192,15.132195,-74.86815,615.2787,1356.7213,2215.2788,1356.7213,1500,1500,1386,1500,2000,2000,400,-400,-37.117588,377.844,0,111.35277,-1133.532,24,2
,670,176,0,25,-35,-192,14.718362,-75.28199,608.3536,1349.6465,2208.3535,1349.6465,1500,1500,1379,1500,2000,2000,400,-400,-37.000206,377.84335,0,111.00062,-1133.53,24,2
,588,232,0,-4,-57,-180,21.532185,-68.46817,596.2026,1337.7974,2196.2026,1337.7974,1500,1500,1367,1500,2000,2000,400,-400,-36.893665,377.84158,0,110.681,-1133.5248,30,2
,606,456,0,-93,-122,-142,36.960697,-53.039646,585.4137,1328.5863,2185.4138,1328.5863,1500,1500,1357,1500,2000,2000,400,-400,-36.811207,377.8475,0,110.433624,-1133.5425,24,2
,744,324,0,63,-5,-218,23.532438,-66.4679,579.27386,1320.7262,2179.274,1320.7262,1500,1500,1350,1500,2000,2000,400,-400,-36.709614,377.81323,0,110.12884,-1133.4397,30,2
,760,264,0,16,-24,-107,19.155687,-70.844666,569.8522,1314.1478,2169.852,1314.1478,1500,1500,1342,1500,2000,2000,400,-400,-36.65764,377.8027,0,109.972916,-1133.4081,30,2
,604,116,0,117,37,-217,10.871495,-79.12885,567.89215,1310.1079,2167.892,1310.1079,1500,1500,1339,1500,2000,2000,400,-400,-36.55064,377.76892,0,109.65192,-1133.3068,30,2
,638,-50,0,5,-37,-138,-4.481123,-85.51924,564.1854,1307.8146,2164.1853,1307.8146,1500,1500,1336,1500,2000,2000,400,-400,-36.426792,377.79465,0,109.28038,-1133.3839,30,2
,836,82,0,20,-33,-194,5.602023,-84.39833,561.73444,1304.2655,2161.7344,1304.2655,1500,1500,1333,1500,2000,2000,400,-400,-36.291172,377.81442,0,108.87352,-1133.4432,30,2
,720,210,0,35,-26,-199,16.260267,-73.740074,560.2286,1301.7714,2160.2285,1301.7714,1500,1500,1331,1500,2000,2000,400,-400,-36.177105,377.80624,0,108.53131,-1133.4187,30,2
,534,390,0,30,-9,-187,36.14218,-53.858166,557.37177,1298.6282,2157.3718,1298.6282,1500,1500,1328,1500,2000,2000,400,-400,-36.117878,377.7599,0,108.35363,-1133.2797,30,2
,738,222,0,15,-57,-217,16.742035,-73.25831,554.0415,1293.9585,2154.0415,1293.9585,1500,1500,1324,1500,2000,2000,400,-400,-35.979794,377.7609,0,107.939384,-1133.2827,30,2
,826,138,0,-9,-49,-178,9.484854,-80.515495,547.81213,1288.1879,2147.812,1288.1879,1500,1500,1318,1500,2000,2000,400,-400,-35.85446,377.78516,0,107.563385,-1133.3555,24,2
,750,180,0,21,-31,-219,13.495786,-76.50457,537.4227,1276.5773,2137.4229,1276.5773,1500,1500,1307,1500,2000,2000,400,-400,-35.720684,377.78995,0,107.16205,-1133.3699,24,2
,552,258,0,19,-28,-168,25.051077,-64.94929,525.9312,1266.0687,2125.9312,1266.0687,1500,1500,1296,1500,2000,2000,400,-400,-35.64223,377.76962,0,106.92669,-1133.3088,24,2
,638,214,0,20,-34,-203,18.542717,-71.45762,521.247,1260.753,2121.247,1260.753,1500,1500,1291,1500,2000,2000,400,-400,-35.52692,377.7638,0,106.580765,-1133.2914,30,2
,830,104,0,21,-37,-179,7.142036,-82.8583,514.04474,1253.9553,2114.0447,1253.9553,1500,1500,1284,1500,2000,2000,400,-400,-35.401974,377.77893,0,106.205925,-1133.3368,24,2
,694,218,0,27,-24,-202,17.438667,-72.56168,510.34302,1249.657,2110.343,1249.657,1500,1500,1280,1500,2000,2000,400,-400,-35.289738,377.77197,0,105.86922,-1133.3159,30,2
,586,214,0,22,-35,-194,20.06165,-69.938705,507.423,1246.577,2107.423,1246.577,1500,1500,1277,1500,2000,2000,400,-400,-35.182587,377.7616,0,105.54776,-1133.2848,30,2
,724,186,0,19,-41,-178,14.408102,-75.59224,502.2022,1241.7979,2102.2021,1241.7979,1500,1500,1272,1500,2000,2000,400,-400,-35.071083,377.76297,0,105.21325,-1133.289,30,2
,774,122,0,22,-41,-198,8.957456,-81.04291,497.4322,1236.5679,2097.4321,1236.5679,1500,1500,1267,1500,2000,2000,400,-400,-34.93665,377.775,0,104.809944,-1133.325,30,2
,606,160,0,26,-41,-188,14.790149,-75.210205,493.4272,1232.5729,2093.4272,1232.5729,1500,1500,1263,1500,2000,2000,400,-400,-34.819965,377.77283,0,104.4599,-1133.3185,30,2
,656,198,0,16,-36,-198,16.795416,-73.20494,488.625,1227.375,2088.625,1227.375,1500,1500,1258,1500,2000,2000,400,-400,-34.703594,377.77182,0,104.11079,-1133.3154,30,2
,744,130,0,14,-49,-179,9.911339,-80.089,483.43182,1222.5682,2083.432,1222.5682,1500,1500,1253,1500,2000,2000,400,-400,-34.57902,377.78433,0,103.73707,-1133.353,30,2
,680,208,0,14,-36,-196,17.008013,-72.992325,478.62598,1217.374,2078.626,1217.374,1500,1500,1248,1500,2000,2000,400,-400,-34.464375,377.7836,0,103.39312,-1133.3508,30,2
,586,192,0,13,-44,-192,18.141197,-71.85916,474.70618,1213.2938,2074.7063,1213.2938,1500,1500,1244,1500,2000,2000,400,-400,-34.350796,377.7808,0,103.05238,-1133.3424,30,2
,684,158,0,31,-44,-182,13.006902,-76.99343,470.59583,1209.4042,2070.5957,1209.4042,1500,1500,1240,1500,2000,2000,400,-400,-34.233032,377.77945,0,102.6991,-1133.3384,30,2
,762,234,0,26,-41,-203,17.071087,-72.92927,460.92188,1199.0781,2060.9219,1199.0781,1500,1500,1230,1500,2000,2000,400,-400,-34.112137,377.7734,0,102.33641,-1133.3202,23,2
,784,238,0,27,-41,-198,16.886856,-73.11349,455.07666,1192.9233,2055.0767,1192.9233,1500,1500,1224,1500,2000,2000,400,-400,-33.993942,377.76694,0,101.98183,-1133.3008,24,2
,710,232,0,-4,-51,-206,18.09542,-71.90492,449.35043,1186.6495,2049.3503,1186.6495,1500,1500,1218,1500,2000,2000,400,-400,-33.8688,377.77258,0,101.60641,-1133.3177,24,2
,528,268,0,-18,-68,-203,26.91135,-63.089,443.5057,1180.4943,2043.5057,1180.4943,1500,1500,1212,1500,2000,2000,400,-400,-33.755367,377.76685,0,101.2661,-1133.3005,24,2
,642,328,0,-3,-53,-174,27.06275,-62.937603,435.09903,1172.901,2035.099,1172.901,1500,1500,1204,1500,2000,2000,400,-400,-33.666664,377.75235,0,100.99999,-1133.2571,30,2
,752,200,0,43,-24,-191,14.893531,-75.10683,428.1433,1165.8567,2028.1433,1165.8567,1500,1500,1197,1500,2000,2000,400,-400,-33.556683,377.74203,0,100.670044,-1133.2261,30,2
,718,198,0,44,-14,-177,15.417107,-74.58324,421.93405,1160.0659,2021.9341,1160.0659,1500,1500,1191,1500,2000,2000,400,-400,-33.460823,377.7294,0,100.38247,-1133.1882,30,2
,666,188,0,35,-38,-192,15.763494,-74.23685,415.07996,1152.92,2015.08,1152.92,1500,1500,1184,1500,2000,2000,400,-400,-33.34565,377.72098,0,100.03695,-1133.163,30,2
,734,160,0,4,-41,-180,12.297225,-77.70312,407.97873,1146.0212,2007.9788,1146.0212,1500,1500,1177,1500,2000,2000,400,-400,-33.229465,377.73303,0,99.6884,-1133.1991,30,2
,692,176,0,12,-32,-184,14.26984,-75.73051,405.99802,1144.002,2005.998,1144.002,1500,1500,1175,1500,2000,2000,400,-400,-33.118973,377.73764,0,99.35692,-1133.2129,30,2
,632,180,0,15,-33,-197,15.897551,-74.1028,404.2677,1141.7323,2004.2677,1141.7323,1500,1500,1173,1500,2000,2000,400,-400,-33.003475,377.73825,0,99.01043,-1133.2147,30,2
,678,184,0,17,-38,-193,15.183646,-74.816696,398.4009,1135.5991,1998.4009,1135.5991,1500,1500,1167,1500,2000,2000,400,-400,-32.88672,377.73914,0,98.66016,-1133.2174,30,2
,756,160,0,25,-39,-194,11.949804,-78.05056,395.53024,1132.4697,1995.5303,1132.4697,1500,1500,1164,1500,2000,2000,400,-400,-32.76248,377.74283,0,98.287445,-1133.2285,30,2
,704,144,0,29,-30,-184,11.560176,-78.44017,389.4544,1126.5457,1989.4543,1126.5457,1500,1500,1158,1500,2000,2000,400,-400,-32.64767,377.745,0,97.943016,-1133.235,24,2
,664,180,0,20,-36,-195,15.167525,-74.83283,385.62073,1122.3793,1985.6207,1122.3793,1500,1500,1154,1500,2000,2000,400,-400,-32.53073,377.7445,0,97.59219,-1133.2335,24,2
,678,180,0,18,-46,-190,14.868338,-75.13201,382.66293,1119.337,1982.663,1119.337,1500,1500,1151,1500,2000,2000,400,-400,-32.41168,377.74527,0,97.23504,-1133.2358,24,2
,716,192,0,18,-41,-195,15.011135,-74.98923,378.80197,1115.198,1978.802,1115.198,1500,1500,1147,1500,2000,2000,400,-400,-32.292233,377.746,0,96.87669,-1133.238,30,2
,700,192,0,20,-34,-194,15.338255,-74.662094,371.8987,1108.1013,1971.8987,1108.1013,1500,1500,1140,1500,2000,2000,400,-400,-32.177296,377.74503,0,96.53189,-1133.2351,30,2
,668,186,0,13,-36,-193,15.559556,-74.44079,365.96582,1102.0342,1965.9658,1102.0342,1500,1500,1134,1500,2000,2000,400,-400,-32.06254,377.7468,0,96.187614,-1133.2404,30,2
,706,174,0,28,-41,-189,13.845184,-76.15516,356.95682,1093.0432,1956.9568,1093.0432,1500,1500,1125,1500,2000,2000,400,-400,-31.944525,377.74484,0,95.83357,-1133.2345,30,2
,692,214,0,21,-36,-188,17.184216,-72.81615,351.9494,1088.0505,1951.9495,1088.0505,1500,1500,1120,1500,2000,2000,400,-400,-31.836123,377.73935,0,95.50837,-1133.218,30,2
,662,190,0,23,-37,-197,16.014019,-73.98633,349.12717,1084.8728,1949.1272,1084.8728,1500,1500,1117,1500,2000,2000,400,-400,-31.719542,377.7357,0,95.15862,-1133.207,30,2
,628,198,0,13,-38,-189,17.499434,-72.500916,342.12234,1077.8777,1942.1223,1077.8777,1500,1500,1110,1500,2000,2000,400,-400,-31.610346,377.73315,0,94.83104,-1133.1995,30,2
,694,186,0,4,-54,-201,15.00339,-74.99696,336.3572,1071.6428,1936.3572,1071.6428,1500,1500,1104,1500,2000,2000,400,-400,-31.481634,377.74033,0,94.4449,-1133.221,30,2
,698,156,0,12,-40,-198,12.598368,-77.40197,334.4848,1069.5151,1934.4849,1069.5151,1500,1500,1102,1500,2000,2000,400,-400,-31.356379,377.74844,0,94.06914,-1133.2454,30,2
,740,210,0,10,-44,-182,15.8431425,-74.157196,332.29767,1067.7024,1932.2976,1067.7024,1500,1500,1100,1500,2000,2000,400,-400,-31.245493,377.75015,0,93.73648,-1133.2505,30,2
,680,206,0,31,-23,-200,16.853788,-73.14656,328.51477,1063.4852,1928.5148,1063.4852,1500,1500,1096,1500,2000,2000,400,-400,-31.135424,377.74112,0,93.40627,-1133.2234,24,2
,624,188,0,28,-42,-176,16.766676,-73.23367,322.24316,1057.7568,1922.2432,1057.7568,1500,1500,1090,1500,2000,2000,400,-400,-31.031015,377.73242,0,93.09305,-1133.1973,24,2
,678,134,0,39,-27,-198,11.179906,-78.82044,316.4742,1051.5258,1916.4742,1051.5258,1500,1500,1084,1500,2000,2000,400,-400,-30.909063,377.73087,0,92.72719,-1133.1926,24,2
,714,110,0,28,-27,-188,8.758257,-81.24209,310.46997,1045.53,1910.47,1045.53,1500,1500,1078,1500,2000,2000,400,-400,-30.788351,377.73868,0,92.36505,-1133.2161,30,2
,736,206,0,16,-39,-195,15.636532,-74.363815,304.61313,1039.3868,1904.6132,1039.3868,1500,1500,1072,1500,2000,2000,400,-400,-30.67172,377.73856,0,92.01516,-1133.2157,30,2
,650,148,0,16,-32,-193,12.827172,-77.17316,301.69434,1036.3057,1901.6943,1036.3057,1500,1500,1069,1500,2000,2000,400,-400,-30.553932,377.7439,0,91.6618,-1133.2317,30,2
,690,204,0,8,-33,-188,16.470491,-73.52986,296.67682,1031.3231,1896.6769,1031.3231,1500,1500,1064,1500,2000,2000,400,-400,-30.446035,377.74536,0,91.338104,-1133.2361,30,2
,732,188,0,13,-40,-194,14.404047,-75.5963,293.79227,1028.2078,1893.7922,1028.2078,1500,1500,1061,1500,2000,2000,400,-400,-30.327219,377.74887,0,90.98166,-1133.2466,30,2
,678,210,0,23,-42,-188,17.209625,-72.790726,290.78036,1025.2196,1890.7804,1025.2196,1500,1500,1058,1500,2000,2000,400,-400,-30.216772,377.7419,0,90.650314,-1133.2257,30,2
,678,232,0,16,-42,-196,18.89014,-71.11021,288.93655,1023.0634,1888.9365,1023.0634,1500,1500,1056,1500,2000,2000,400,-400,-30.104898,377.7351,0,90.3147,-1133.2053,30,2
,688,178,0,18,-39,-192,14.505608,-75.49476,287.9902,1022.0098,1887.9902,1022.0098,1500,1500,1055,1500,2000,2000,400,-400,-29.988096,377.73593,0,89.96429,-1133.2078,30,2
,738,152,0,28,-36,-196,11.63806,-78.36229,285.119,1018.88104,1885.119,1018.88104,1500,1500,1052,1500,2000,2000,400,-400,-29.864561,377.73807,0,89.59368,-1133.2142,30,2
,638,176,0,19,-34,-186,15.42222,-74.57812,282.04297,1015.95703,1882.043,1015.95703,1500,1500,1049,1500,2000,2000,400,-400,-29.755598,377.7363,0,89.26679,-1133.2089,24,2
,666,160,0,29,-31,-188,13.5088,-76.491554,278.0436,1011.9564,1878.0436,1011.9564,1500,1500,1045,1500,2000,2000,400,-400,-29.643015,377.73376,0,88.92905,-1133.2013,24,2
,688,160,0,24,-33,-190,13.091944,-76.90841,271.0981,1004.9019,1871.0981,1004.9019,1500,1500,1038,1500,2000,2000,400,-400,-29.527525,377.73447,0,88.58257,-1133.2034,24,2
,710,180,0,24,-37,-194,14.226019,-75.77432,268.2273,1001.7727,1868.2273,1001.7727,1500,1500,1035,1500,2000,2000,400,-400,-29.4101,377.73303,0,88.2303,-1133.1991,30,2
,674,178,0,18,-40,-197,14.79382,-75.20653,261.39075,994.60925,1861.3907,994.60925,1500,1500,1028,1500,2000,2000,400,-400,-29.290674,377.73337,0,87.872025,-1133.2001,30,2
,700,200,0,13,-32,-189,15.945457,-74.05489,256.37592,989.6241,1856.376,989.6241,1500,1500,1023,1500,2000,2000,400,-400,-29.18209,377.73325,0,87.54627,-1133.1997,30,2
,684,194,0,12,-26,-193,15.834764,-74.16558,253.4565,986.5435,1853.4565,986.5435,1500,1500,1020,1500,2000,2000,400,-400,-29.07366,377.73392,0,87.22098,-1133.2018,30,2
,682,174,0,21,-16,-198,14.312707,-75.68764,251.62265,984.3774,1851.6227,984.3774,1500,1500,1018,1500,2000,2000,400,-400,-28.963789,377.73373,0,86.891365,-1133.2012,30,2
,792,162,0,7,-24,-183,11.560175,-78.44017,249.4809,982.5191,1849.481,982.5191,1500,1500,1016,1500,2000,2000,400,-400,-28.85385,377.74475,0,86.56155,-1133.2343,30,2
,716,192,0,4,-48,-206,15.011135,-74.98923,248.82193,981.1781,1848.8219,981.1781,1500,1500,1015,1500,2000,2000,400,-400,-28.725977,377.75125,0,86.17793,-1133.2538,30,2
,532,256,0,35,-8,-185,25.6971,-64.30325,247.69286,980.3071,1847.6929,980.3071,1500,1500,1014,1500,2000,2000,400,-400,-28.650522,377.72122,0,85.95157,-1133.1637,30,2
,668,142,0,31,-33,-187,12.001048,-77.99929,245.65628,978.34375,1845.6563,978.34375,1500,1500,1012,1500,2000,2000,400,-400,-28.535063,377.72046,0,85.60519,-1133.1614,30,2
,784,60,0,32,-26,-181,4.376367,-85.624016,244.53732,977.46265,1844.5374,977.46265,1500,1500,1011,1500,2000,2000,400,-400,-28.411226,377.73416,0,85.23368,-1133.2025,30,2
,664,118,0,39,-34,-191,10.07692,-79.923416,244.65475,977.3452,1844.6548,977.3452,1500,1500,1011,1500,2000,2000,400,-400,-28.289137,377.73367,0,84.86741,-1133.201,24,2
,642,176,0,12,-47,-197,15.330667,-74.669685,244.86494,977.1351,1844.865,977.1351,1500,1500,1011,1500,2000,2000,400,-400,-28.168024,377.73526,0,84.504074,-1133.2058,30,2
,700,170,0,15,-52,-192,13.650471,-76.34986,243.93805,976.06195,1843.938,976.06195,1500,1500,1010,1500,2000,2000,400,-400,-28.044334,377.73865,0,84.133,-1133.216,24,2
,778,160,0,15,-42,-200,11.621211,-78.37915,243.15411,974.8459,1843.154,974.8459,1500,1500,1009,1500,2000,2000,400,-400,-27.91638,377.74634,0,83.74914,-1133.239,24,2
,616,212,0,24,-27,-189,18.991274,-71.00907,238.12114,969.87885,1838.1211,969.87885,1500,1500,1004,1500,2000,2000,400,-400,-27.816725,377.7347,0,83.45017,-1133.2041,30,2
,622,184,0,21,-38,-196,16.479334,-73.52103,234.24426,965.75574,1834.2443,965.75574,1500,1500,1000,1500,2000,2000,400,-400,-27.702827,377.7297,0,83.10848,-1133.1891,30,2
,718,138,0,18,-43,-182,10.879649,-79.12069,234.09062,965.90936,1834.0906,965.90936,1500,1500,1000,1500,2000,2000,400,-400,-27.583944,377.73657,0,82.75183,-1133.2097,30,2
,726,142,0,26,-36,-188,11.06694,-78.9334,234.11023,965.8898,1834.1102,965.8898,1500,1500,1000,1500,2000,2000,400,-400,-27.465057,377.73965,0,82.39517,-1133.219,30,2
,648,228,0,22,-45,-183,19.38459,-70.61576,234.0491,965.95087,1834.0491,965.95087,1500,1500,1000,1500,2000,2000,400,-400,-27.361753,377.72775,0,82.08526,-1133.1832,30,2
,670,194,0,9,-54,-193,16.148554,-73.85181,234.20721,965.7928,1834.2072,965.7928,1500,1500,1000,1500,2000,2000,400,-400,-27.241861,377.7286,0,81.725586,-1133.1858,30,2
,748,182,0,8,-55,-197,13.675269,-76.32508,234.40921,965.5908,1834.4092,965.5908,1500,1500,1000,1500,2000,2000,400,-400,-27.114202,377.73508,0,81.342606,-1133.2052,30,2
,670,174,0,25,-18,-185,14.558251,-75.44209,234.3477,965.6523,1834.3477,965.6523,1500,1500,1000,1500,2000,2000,400,-400,-27.012537,377.73135,0,81.03761,-1133.1941,30,2
,586,222,0,35,-25,-190,20.748753,-69.251595,234.41367,965.58636,1834.4137,965.58636,1500,1500,1000,1500,2000,2000,400,-400,-26.917076,377.7109,0,80.75123,-1133.1327,24,2
,626,124,0,22,-37,-185,11.2043295,-78.79603,234.38518,965.6148,1834.3851,965.6148,1500,1500,1000,1500,2000,2000,400,-400,-26.800095,377.71524,0,80.40028,-1133.1458,24,2
,758,112,0,16,-33,-192,8.405085,-81.59525,234.51106,965.48895,1834.5111,965.48895,1500,1500,1000,1500,2000,2000,400,-400,-26.675165,377.72824,0,80.0255,-1133.1847,24,2
,680,230,0,15,-27,-192,18.687424,-71.31292,234.61678,965.38324,1834.6168,965.38324,1500,1500,1000,1500,2000,2000,400,-400,-26.573587,377.72107,0,79.720764,-1133.1632,30,2
,640,214,0,13,-37,-193,18.48872,-71.51164,234.72678,965.2732,1834.7268,965.2732,1500,1500,1000,1500,2000,2000,400,-400,-26.466476,377.71518,0,79.39943,-1133.1455,24,2
,716,154,0,5,-46,-190,12.138516,-77.86183,234.76622,965.23376,1834.7662,965.23376,1500,1500,1000,1500,2000,2000,400,-400,-26.344398,377.7255,0,79.033195,-1133.1765,30,2
,728,164,0,19,-34,-190,12.695414,-77.30492,234.81123,965.1888,1834.8113,965.1888,1500,1500,1000,1500,2000,2000,400,-400,-26.228981,377.7283,0,78.68694,-1133.1849,30,2
,684,208,0,16,-32,-197,16.914246,-73.086105,234.98903,965.011,1834.989,965.011,1500,1500,1000,1500,2000,2000,400,-400,-26.118734,377.72427,0,78.3562,-1133.1729,30,2
,668,180,0,18,-38,-184,15.080852,-74.91951,234.89218,965.10785,1834.8922,965.10785,1500,1500,1000,1500,2000,2000,400,-400,-26.009964,377.7224,0,78.02989,-1133.1672,30,2
,702,158,0,17,-38,-194,12.684318,-77.31603,235.02536,964.9747,1835.0254,964.9747,1500,1500,1000,1500,2000,2000,400,-400,-25.89041,377.72617,0,77.67123,-1133.1785,30,2
,684,198,0,21,-33,-187,16.1444,-73.85595,235.00748,964.99255,1835.0074,964.99255,1500,1500,1000,1500,2000,2000,400,-400,-25.78434,377.72086,0,77.35302,-1133.1626,30,2
,692,202,0,23,-42,-195,16.272984,-73.72737,235.15938,964.84064,1835.1594,964.84064,1500,1500,1000,1500,2000,2000,400,-400,-25.669619,377.7147,0,77.00886,-1133.144,30,2
,710,172,0,16,-46,-187,13.617808,-76.38253,235.13628,964.8637,1835.1362,964.8637,1500,1500,1000,1500,2000,2000,400,-400,-25.552633,377.71667,0,76.6579,-1133.15,24,2
,736,166,0,21,-38,-188,12.710068,-77.29027,235.15564,964.84436,1835.1556,964.84436,1500,1500,1000,1500,2000,2000,400,-400,-25.436935,377.71817,0,76.31081,-1133.1545,24,2
,690,198,0,13,-32,-192,16.01124,-73.989105,235.26007,964.7399,1835.2601,964.7399,1500,1500,1000,1500,2000,2000,400,-400,-25.328218,377.7169,0,75.98466,-1133.1506,24,2
,638,214,0,14,-48,-190,18.542717,-71.45762,235.31393,964.68604,1835.314,964.68604,1500,1500,1000,1500,2000,2000,400,-400,-25.218489,377.70993,0,75.655464,-1133.1298,30,2
,682,148,0,11,-39,-190,12.243894,-77.75646,235.36905,964.631,1835.369,964.631,1500,1500,1000,1500,2000,2000,400,-400,-25.100328,377.71695,0,75.30099,-1133.1509,24,2
,726,152,0,31,-25,-192,11.82505,-78.175285,235.46185,964.53815,1835.4619,964.53815,1500,1500,1000,1500,2000,2000,400,-400,-24.986586,377.7157,0,74.959755,-1133.1471,30,2
,640,222,0,26,-30,-188,19.130455,-70.86989,235.47076,964.52924,1835.4707,964.52924,1500,1500,1000,1500,2000,2000,400,-400,-24.887619,377.7019,0,74.66286,-1133.1057,30,2
,650,220,0,28,-37,-199,18.699055,-71.301285,235.69675,964.3032,1835.6968,964.3032,1500,1500,1000,1500,2000,2000,400,-400,-24.777987,377.68845,0,74.33396,-1133.0653,30,2
,720,168,0,22,-44,-191,13.134072,-76.86627,235.72586,964.2741,1835.7258,964.2741,1500,1500,1000,1500,2000,2000,400,-400,-24.658903,377.68857,0,73.97671,-1133.0657,30,2
,668,168,0,21,-31,-192,14.116996,-75.883354,235.78217,964.21783,1835.7821,964.21783,1500,1500,1000,1500,2000,2000,400,-400,-24.547174,377.68713,0,73.641525,-1133.0614,30,2
,652,198,0,20,-31,-201,16.892603,-73.10774,236.00487,963.9951,1836.0049,963.9951,1500,1500,1000,1500,2000,2000,400,-400,-24.435614,377.681,0,73.30684,-1133.043,30,2
,686,220,0,16,-41,-197,17.781101,-72.21925,236.10553,963.8945,1836.1055,963.8945,1500,1500,1000,1500,2000,2000,400,-400,-24.32371,377.6747,0,72.97113,-1133.0242,30,2
,700,180,0,19,-35,-194,14.420829,-75.57952,236.1388,963.8612,1836.1388,963.8612,1500,1500,1000,1500,2000,2000,400,-400,-24.209692,377.67368,0,72.629074,-1133.021,30,2
,706,204,0,15,-34,-190,16.11681,-73.88353,238.1062,965.8938,1838.1062,965.8938,1500,1500,1002,1500,2000,2000,400,-400,-24.101982,377.6708,0,72.30595,-1133.0125,24,2
,696,218,0,24,-30,-188,17.391582,-72.608765,243.06396,970.93604,1843.064,970.93604,1500,1500,1007,1500,2000,2000,400,-400,-23.999907,377.66122,0,71.99972,-1132.9836,24,2
,656,200,0,14,-40,-192,16.955378,-73.04497,247.12527,974.87476,1847.1252,974.87476,1500,1500,1011,1500,2000,2000,400,-400,-23.890007,377.65714,0,71.67002,-1132.9714,24,2
,742,152,0,18,-33,-191,11.577019,-78.423325,252.16736,979.83264,1852.1674,979.83264,1500,1500,1016,1500,2000,2000,400,-400,-23.773209,377.662,0,71.319626,-1132.986,30,2
,712,160,0,20,-36,-195,12.665113,-77.335236,258.28796,985.71204,1858.288,985.71204,1500,1500,1022,1500,2000,2000,400,-400,-23.654839,377.66382,0,70.964516,-1132.9915,24,2
,558,228,0,28,-43,-189,22.225115,-67.77522,269.2798,996.7202,1869.2798,996.7202,1500,1500,1033,1500,2000,2000,400,-400,-23.556055,377.64255,0,70.66817,-1132.9276,30,2
,706,182,0,12,-54,-197,14.455622,-75.54472,273.43866,1000.56134,1873.4387,1000.56134,1500,1500,1037,1500,2000,2000,400,-400,-23.431913,377.64444,0,70.29574,-1132.9333,30,2
,804,176,0,28,-34,-191,12.347636,-77.652725,275.45746,1002.54254,1875.4574,1002.54254,1500,1500,1039,1500,2000,2000,400,-400,-23.316385,377.64304,0,69.94916,-1132.9291,30,2
,654,196,0,21,-29,-202,16.683231,-73.317116,277.69064,1004.3094,1877.6907,1004.3094,1500,1500,1041,1500,2000,2000,400,-400,-23.205223,377.63644,0,69.61567,-1132.9093,30,2
,614,198,0,20,-35,-187,17.873314,-72.127045,279.5962,1006.4038,1879.5962,1006.4038,1500,1500,1043,1500,2000,2000,400,-400,-23.102793,377.6274,0,69.30838,-1132.8822,30,2
,762,170,0,11,-44,-195,12.576616,-77.42374,281.6945,1008.3055,1881.6945,1008.3055,1500,1500,1045,1500,2000,2000,400,-400,-22.980864,377.63333,0,68.94259,-1132.9,30,2
,742,160,0,27,-34,-194,12.168612,-77.83173,284.76276,1011.23724,1884.7628,1011.23724,1500,1500,1048,1500,2000,2000,400,-400,-22.863352,377.6327,0,68.59006,-1132.8981,30,2
,570,220,0,29,-32,-192,21.104923,-68.89544,289.7915,1016.2085,1889.7915,1016.2085,1500,1500,1053,1500,2000,2000,400,-400,-22.765882,377.61313,0,68.297646,-1132.8394,30,2
,634,214,0,14,-43,-186,18.651638,-71.3487,295.71872,1022.28125,1895.7188,1022.28125,1500,1500,1059,1500,2000,2000,400,-400,-22.662134,377.60507,0,67.986404,-1132.8152,24,2
,756,146,0,19,-46,-192,10.930538,-79.069824,299.7953,1026.2047,1899.7953,1026.2047,1500,1500,1063,1500,2000,2000,400,-400,-22.537989,377.61035,0,67.61397,-1132.831,24,2
,706,154,0,22,-29,-197,12.305246,-77.695114,305.95856,1032.0415,1905.9585,1032.0415,1500,1500,1069,1500,2000,2000,400,-400,-22.42141,377.61166,0,67.26423,-1132.835,24,2
,618,210,0,25,-40,-191,18.768131,-71.232216,311.9804,1038.0197,1911.9803,1038.0197,1500,1500,1075,1500,2000,2000,400,-400,-22.31639,377.59842,0,66.949165,-1132.7953,24,2
,674,170,0,22,-47,-195,14.156247,-75.8441,314.08682,1039.9132,1914.0868,1039.9132,1500,1500,1077,1500,2000,2000,400,-400,-22.19657,377.59592,0,66.58971,-1132.7877,30,2
,750,122,0,21,-41,-189,9.239225,-80.76111,317.06873,1042.9313,1917.0687,1042.9313,1500,1500,1080,1500,2000,2000,400,-400,-22.073332,377.60342,0,66.21999,-1132.8103,30,2
,656,200,0,16,-36,-192,16.955378,-73.04497,323.1286,1048.8713,1923.1287,1048.8713,1500,1500,1086,1500,2000,2000,400,-400,-21.966051,377.59793,0,65.898155,-1132.7938,30,2
,618,230,0,16,-47,-189,20.41375,-69.58659,327.13287,1052.8672,1927.1328,1052.8672,1500,1500,1090,1500,2000,2000,400,-400,-21.862509,377.58533,0,65.587524,-1132.756,30,2
,712,200,0,19,-40,-186,15.690054,-74.310295,331.09793,1056.9021,1931.0979,1056.9021,1500,1500,1094,1500,2000,2000,400,-400,-21.754578,377.5807,0,65.26373,-1132.7421,30,2
,734,174,0,21,-32,-185,13.336253,-76.664085,336.0721,1061.9279,1936.0721,1061.9279,1500,1500,1099,1500,2000,2000,400,-400,-21.64625,377.57974,0,64.93875,-1132.7393,30,2
,616,216,0,26,-28,-193,19.323261,-70.6771,344.21826,1069.7817,1944.2183,1069.7817,1500,1500,1107,1500,2000,2000,400,-400,-21.546946,377.56485,0,64.64084,-1132.6946,30,2
,680,178,0,13,-32,-189,14.66894,-75.33141,354.26462,1079.7354,1954.2646,1079.7354,1500,1500,1117,1500,2000,2000,400,-400,-21.43896,377.56503,0,64.31688,-1132.6951,30,2
,732,158,0,18,-38,-188,12.180304,-77.82004,362.29596,1087.7041,1962.2959,1087.7041,1500,1500,1125,1500,2000,2000,400,-400,-21.323893,377.56784,0,63.97168,-1132.7035,24,2
,706,186,0,23,-36,-198,14.759598,-75.240746,374.51923,1099.4807,1974.5193,1099.4807,1500,1500,1137,1500,2000,2000,400,-400,-21.20891,377.56348,0,63.62673,-1132.6904,24,2
,638,218,0,28,-41,-195,18.865002,-71.13536,390.63843,1115.3616,1990.6384,1115.3616,1500,1500,1153,1500,2000,2000,400,-400,-21.101713,377.5485,0,63.305138,-1132.6455,24,2
,648,176,0,23,-37,-186,15.195307,-74.80502,416.57404,1141.426,2016.574,1141.426,1500,1500,1179,1500,2000,2000,400,-400,-20.994482,377.54282,0,62.983444,-1132.6284,30,2
,730,174,0,24,-38,-196,13.406696,-76.593636,435.7301,1160.2699,2035.7301,1160.2699,1500,1500,1198,1500,2000,2000,400,-400,-20.877226,377.54053,0,62.631676,-1132.6216,24,2
,674,208,0,23,-25,-188,17.15057,-72.84978,446.71002,1171.29,2046.71,1171.29,1500,1500,1209,1500,2000,2000,400,-400,-20.778286,377.53088,0,62.334858,-1132.5927,38,2
,676,180,0,16,-45,-188,14.910373,-75.08998,452.71317,1177.2869,2052.7131,1177.2869,1500,1500,1215,1500,2000,2000,400,-400,-20.665752,377.52896,0,61.997257,-1132.5869,30,2
,720,156,0,18,-36,-192,12.225171,-77.775185,457.80624,1182.1937,2057.8062,1182.1937,1500,1500,1220,1500,2000,2000,400,-400,-20.549597,377.53152,0,61.648792,-1132.5946,23,2
,740,146,0,19,-32,-190,11.161002,-78.83934,464.85217,1189.1478,2064.852,1189.1478,1500,1500,1227,1500,2000,2000,400,-400,-20.4344,377.53574,0,61.303204,-1132.6072,30,2
,654,180,0,23,-36,-192,15.388529,-74.61183,474.93854,1199.0615,2074.9385,1199.0615,1500,1500,1237,1500,2000,2000,400,-400,-20.324667,377.52963,0,60.974,-1132.5889,30,2
,696,152,0,7,-41,-187,12.319493,-77.68086,482.92453,1207.0754,2082.9246,1207.0754,1500,1500,1245,1500,2000,2000,400,-400,-20.209562,377.53677,0,60.62869,-1132.6104,30,2
,676,178,0,13,-35,-187,14.751965,-75.24839,490.93185,1215.0681,2090.932,1215.0681,1500,1500,1253,1500,2000,2000,400,-400,-20.10212,377.5363,0,60.30636,-1132.6089,30,2
,646,218,0,23,-33,-193,18.647621,-71.35273,502.06458,1225.9354,2102.0645,1225.9354,1500,1500,1264,1500,2000,2000,400,-400,-19.999807,377.5236,0,59.99942,-1132.5708,30,2
,668,200,0,31,-39,-193,16.667826,-73.332504,516.1752,1239.8248,2116.175,1239.8248,1500,1500,1278,1500,2000,2000,400,-400,-19.890833,377.51123,0,59.672497,-1132.5337,30,2
,726,170,0,15,-36,-192,13.178972,-76.82136,527.25183,1250.7482,2127.252,1250.7482,1500,1500,1289,1500,2000,2000,400,-400,-19.776903,377.51306,0,59.330708,-1132.5392,30,2
,686,174,0,17,-40,-196,14.232652,-75.767715,535.3967,1258.6033,2135.3967,1258.6033,1500,1500,1297,1500,2000,2000,400,-400,-19.66088,377.51187,0,58.98264,-1132.5356,24,2
,678,196,0,10,-46,-193,16.12388,-73.87646,541.46094,1264.5391,2141.461,1264.5391,1500,1500,1303,1500,2000,2000,400,-400,-19.547749,377.5101,0,58.643246,-1132.5303,24,2
,670,212,0,27,-35,-192,17.558372,-72.44198,549.50507,1272.4949,2149.5051,1272.4949,1500,1500,1311,1500,2000,2000,400,-400,-19.443174,377.49756,0,58.32952,-1132.4927,24,2
,708,176,0,24,-46,-191,13.960106,-76.040245,557.53516,1280.4648,2157.5352,1280.4648,1500,1500,1319,1500,2000,2000,400,-400,-19.327017,377.49356,0,57.98105,-1132.4807,30,2
,714,194,0,20,-41,-193,15.200843,-74.79951,570.6106,1293.3894,2170.6106,1293.3894,1500,1500,1332,1500,2000,2000,400,-400,-19.214468,377.48898,0,57.643402,-1132.4669,24,2
,692,168,0,14,-43,-189,13.646004,-76.35434,579.60736,1302.3926,2179.6074,1302.3926,1500,1500,1341,1500,2000,2000,400,-400,-19.100351,377.49002,0,57.301056,-1132.4701,30,2
,658,202,0,8,-47,-190,17.066076,-72.93428,581.64087,1304.3591,2181.6409,1304.3591,1500,1500,1343,1500,2000,2000,400,-400,-18.99069,377.48703,0,56.97207,-1132.461,30,2
,614,154,0,12,-42,-192,14.080203,-75.92014,584.71857,1307.2815,2184.7185,1307.2815,1500,1500,1346,1500,2000,2000,400,-400,-18.876183,377.48816,0,56.628548,-1132.4645,30,2
,700,138,0,23,-27,-184,11.152484,-78.84786,589.6432,1312.3568,2189.6433,1312.3568,1500,1500,1351,1500,2000,2000,400,-400,-18.767561,377.4899,0,56.302685,-1132.4697,30,2
,674,178,0,34,-28,-185,14.79382,-75.20653,592.62573,1315.3743,2192.6257,1315.3743,1500,1500,1354,1500,2000,2000,400,-400,-18.665205,377.47928,0,55.995617,-1132.4379,30,2
,632,192,0,26,-34,-189,16.898716,-73.10163,595.7041,1318.2959,2195.704,1318.2959,1500,1500,1357,1500,2000,2000,400,-400,-18.561941,377.46823,0,55.68582,-1132.4047,30,2
,676,160,0,21,-39,-199,13.316135,-76.68423,600.9604,1323.0397,2200.9604,1323.0397,1500,1500,1362,1500,2000,2000,400,-400,-18.443232,377.46683,0,55.329697,-1132.4005,30,2
,682,180,0,11,-38,-198,14.784965,-75.21538,610.1396,1331.8604,2210.1396,1331.8604,1500,1500,1371,1500,2000,2000,400,-400,-18.32857,377.46704,0,54.98571,-1132.4011,30,2
,704,164,0,15,-36,-192,13.11349,-76.88686,630.1727,1351.8273,2230.1726,1351.8273,1500,1500,1391,1500,2000,2000,400,-400,-18.215147,377.46854,0,54.645443,-1132.4056,24,2
,678,158,0,20,-32,-200,13.118044,-76.88232,656.3608,1377.6392,2256.3608,1377.6392,1500,1500,1417,1500,2000,2000,400,-400,-18.098783,377.46793,0,54.29635,-1132.4038,24,2
,666,188,0,32,-29,-188,15.763494,-74.23685,662.2898,1383.7102,2262.2898,1383.7102,1500,1500,1423,1500,2000,2000,400,-400,-17.996372,377.4562,0,53.989117,-1132.3687,24,2
,758,164,0,14,-43,-196,12.2083235,-77.79204,662.40466,1383.5953,2262.4045,1383.5953,1500,1500,1423,1500,2000,2000,400,-400,-17.875658,377.46005,0,53.626972,-1132.3801,30,2
,664,182,0,23,-41,-194,15.328167,-74.67219,663.4662,1384.5338,2263.466,1384.5338,1500,1500,1424,1500,2000,2000,400,-400,-17.763351,377.45334,0,53.290054,-1132.36,24,2
,686,210,0,12,-46,-197,17.020592,-72.97975,670.5822,1391.4177,2270.5823,1391.4177,1500,1500,1431,1500,2000,2000,400,-400,-17.650377,377.4484,0,52.951134,-1132.3452,30,2
,738,224,0,13,-38,-204,16.88432,-73.11603,686.8104,1407.1896,2286.8103,1407.1896,1500,1500,1447,1500,2000,2000,400,-400,-17.536617,377.4434,0,52.60985,-1132.3302,30,2
,708,190,0,19,-38,-188,15.022101,-74.97826,708.6942,1429.3058,2308.6943,1429.3058,1500,1500,1469,1500,2000,2000,400,-400,-17.428833,377.43887,0,52.2865,-1132.3167,30,2
,702,182,0,22,-35,-184,14.5345125,-75.465836,721.55646,1442.4435,2321.5564,1442.4435,1500,1500,1482,1500,2000,2000,400,-400,-17.323904,377.43384,0,51.971714,-1132.3015,30,2
,696,180,0,27,-35,-188,14.500221,-75.50012,727.55054,1448.4495,2327.5505,1448.4495,1500,1500,1488,1500,2000,2000,400,-400,-17.21654,377.42664,0,51.64962,-1132.2799,30,2
,712,186,0,22,-32,-197,14.640582,-75.35976,742.7293,1463.2706,2342.7292,1463.2706,1500,1500,1503,1500,2000,2000,400,-400,-17.105444,377.42166,0,51.316334,-1132.265,30,2
,686,168,0,13,-40,-197,13.760838,-76.23952,756.8725,1477.1274,2356.8726,1477.1274,1500,1500,1517,1500,2000,2000,400,-400,-16.988972,377.42258,0,50.966915,-1132.2677,30,2
,670,174,0,17,-37,-191,14.558251,-75.44209,770.8803,1491.1196,2370.8804,1491.1196,1500,1500,1531,1500,2000,2000,400,-400,-16.879133,377.4198,0,50.6374,-1132.2594,30,2
,680,194,0,14,-30,-183,15.923198,-74.07714,792.756,1513.244,2392.756,1513.244,1500,1500,1553,1500,2000,2000,400,-400,-16.7801,377.4155,0,50.3403,-1132.2465,24,2
,708,200,0,24,-22,-186,15.774298,-74.22604,814.74097,1535.259,2414.741,1535.259,1500,1500,1575,1500,2000,2000,400,-400,-16.682665,377.40698,0,50.047997,-1132.221,24,2
,670,218,0,16,-42,-192,18.023565,-71.97679,825.8579,1546.1421,2425.858,1546.1421,1500,1500,1586,1500,2000,2000,400,-400,-16.576994,377.3978,0,49.73098,-1132.1934,30,2
,694,190,0,16,-38,-194,15.3110485,-74.689285,837.99426,1558.0057,2437.9941,1558.0057,1500,1500,1598,1500,2000,2000,400,-400,-16.466566,377.394,0,49.3997,-1132.182,24,2
,682,184,0,21,-37,-190,15.09867,-74.901665,857.03375,1576.9662,2457.0337,1576.9662,1500,1500,1617,1500,2000,2000,400,-400,-16.358631,377.38818,0,49.075893,-1132.1646,30,2
,684,218,0,17,-44,-190,17.677849,-72.322495,876.07886,1595.9211,2476.0789,1595.9211,1500,1500,1636,1500,2000,2000,400,-400,-16.252693,377.37903,0,48.75808,-1132.1371,30,2
,696,184,0,21,-35,-191,14.808434,-75.191895,898.14624,1617.8538,2498.1462,1617.8538,1500,1500,1658,1500,2000,2000,400,-400,-16.144579,377.37378,0,48.433735,-1132.1213,30,2
,668,204,0,24,-31,-188,16.982174,-73.018166,922.15564,1641.8444,2522.1558,1641.8444,1500,1500,1682,1500,2000,2000,400,-400,-16.044498,377.36267,0,48.133495,-1132.088,29,2
,700,174,0,14,-35,-191,13.959235,-76.041115,932.2347,1651.7653,2532.2346,1651.7653,1500,1500,1692,1500,2000,2000,400,-400,-15.934773,377.36227,0,47.80432,-1132.0868,30,2
,672,204,0,19,-35,-185,16.886856,-73.11349,943.1971,1662.803,2543.197,1662.803,1500,1500,1703,1500,2000,2000,400,-400,-15.834568,377.35352,0,47.503704,-1132.0605,30,2
,690,178,0,27,-40,-189,14.465328,-75.53502,961.2613,1680.7386,2561.2612,1680.7386,1500,1500,1721,1500,2000,2000,400,-400,-15.72486,377.34598,0,47.17458,-1132.038,30,2
,712,200,0,34,-33,-183,15.690054,-74.310295,991.21313,1710.7869,2591.2131,1710.7869,1500,1500,1751,1500,2000,2000,400,-400,-15.624475,377.33267,0,46.873425,-1131.998,30,2
,748,144,0,26,-36,-186,10.896933,-79.103424,1011.2514,1730.7487,2611.2515,1730.7487,1500,1500,1771,1500,2000,2000,400,-400,-15.511361,377.33264,0,46.534084,-1131.9979,30,2
,694,160,0,16,-35,-195,12.982608,-77.01774,1024.4609,1743.5391,2624.461,1743.5391,1500,1500,1784,1500,2000,2000,400,-400,-15.397492,377.33322,0,46.19248,-1131.9996,30,2
,622,186,0,20,-39,-194,16.648588,-73.35176,1040.607,1759.393,2640.607,1759.393,1500,1500,1800,1500,2000,2000,400,-400,-15.289775,377.32455,0,45.869324,-1131.9736,30,2
,656,194,0,13,-47,-191,16.474684,-73.525665,1040.6719,1759.3281,2640.6719,1759.3281,1500,1500,1827,1500,2000,2000,400,-400,-15.179901,377.31934,0,45.539703,-1131.958,24,2
,698,172,0,14,-38,-190,13.842993,-76.15736,1040.7163,1759.2837,2640.7163,1759.2837,1500,1500,1873,1500,2000,2000,400,-400,-15.069531,377.31888,0,45.208595,-1131.9567,24,2
,668,152,0,4,-57,-189,12.819143,-77.18119,1040.7465,1759.2535,2640.7463,1759.2535,1500,1500,1902,1500,2000,2000,400,-400,-14.949063,377.32498,0,44.84719,-1131.975,24,2
,714,198,0,20,-44,-197,15.499335,-74.50103,1040.9321,1759.0679,2640.9321,1759.0679,1500,1500,1926,1500,2000,2000,400,-400,-14.83513,377.3185,0,44.50539,-1131.9556,30,2
,686,218,0,25,-36,-193,17.629505,-72.37084,1041.0065,1758.9935,2641.0066,1758.9935,1500,1500,1941,1500,2000,2000,400,-400,-14.73158,377.30545,0,44.19474,-1131.9164,30,2
,692,174,0,18,-50,-193,14.114199,-75.886154,1041.0763,1758.9237,2641.0762,1758.9237,1500,1500,1948,1500,2000,2000,400,-400,-14.614635,377.30258,0,43.843906,-1131.9077,30,2
,662,138,0,33,-37,-191,11.775248,-78.2251,1041.106,1758.894,2641.106,1758.894,1500,1500,1970,1500,2000,2000,400,-400,-14.500221,377.29745,0,43.500664,-1131.8923,30,2
,638,170,0,25,-40,-191,14.920296,-75.08005,1041.1442,1758.8558,2641.1443,1758.8558,1500,1500,1997,1500,2000,2000,400,-400,-14.390767,377.28964,0,43.172302,-1131.8689,30,2
,648,192,0,9,-41,-195,16.504425,-73.49592,1041.2622,1758.7378,2641.2622,1758.7378,1500,1500,2000,1500,2000,2000,400,-400,-14.281658,377.28604,0,42.844975,-1131.8582,30,2
,688,210,0,15,-45,-192,16.97396,-73.026375,1041.3074,1758.6926,2641.3074,1758.6926,1500,1500,2000,1500,2000,2000,400,-400,-14.1735115,377.2787,0,42.520535,-1131.836,30,2
,698,214,0,23,-41,-193,17.045095,-72.95526,1041.375,1758.625,2641.375,1758.625,1500,1500,2000,1500,2000,2000,400,-400,-14.06678,377.2675,0,42.20034,-1131.8025,30,2
,676,194,0,20,-35,-186,16.012602,-73.98775,1041.311,1758.689,2641.311,1758.689,1500,1500,2000,1500,2000,2000,400,-400,-13.964997,377.25955,0,41.894993,-1131.7787,30,2
,672,192,0,19,-42,-188,15.945457,-74.05489,1041.3202,1758.6798,2641.3203,1758.6798,1500,1500,2000,1500,2000,2000,400,-400,-13.858714,377.25223,0,41.57614,-1131.7567,24,2
,698,156,0,20,-37,-190,12.598368,-77.40197,1041.3807,1758.6193,2641.3806,1758.6193,1500,1500,2000,1500,2000,2000,400,-400,-13.746864,377.25113,0,41.240593,-1131.7534,24,2
,700,168,0,30,-35,-199,13.495786,-76.50457,1041.6061,1758.3939,2641.6062,1758.3939,1500,1500,2000,1500,2000,2000,400,-400,-13.632344,377.24387,0,40.897034,-1131.7316,24,2
,624,176,0,13,-40,-193,15.751235,-74.249115,1041.6716,1758.3284,2641.6716,1758.3284,1500,1500,2000,1500,2000,2000,400,-400,-13.523708,377.23965,0,40.571125,-1131.719,24,2
,712,170,0,16,-1,-184,13.428808,-76.57153,1041.5696,1758.4304,2641.5696,1758.4304,1500,1500,2000,1500,2000,2000,400,-400,-13.433757,377.2385,0,40.30127,-1131.7155,30,2
,688,166,0,10,-22,-187,13.56506,-76.43528,1041.5702,1758.4298,2641.57,1758.4298,1500,1500,2000,1500,2000,2000,400,-400,-13.332688,377.23984,0,39.998066,-1131.7195,30,2
,644,156,0,30,-24,-183,13.616862,-76.38349,1041.514,1758.486,2641.514,1758.486,1500,1500,1984,1500,2000,2000,400,-400,-13.233262,377.2318,0,39.699787,-1131.6954,30,2
