PiElectricsEagles Log
,3,-1,0,0,0,0,-23.338558,-66.6618,1152.0168,1151.9839,1151.9832,1152.0161,1500,1500,1152,1500,2000,1500,-0.016436229,0.00035890177,0,0,0,-0,-0,30,2
,3,-1,0,0,0,0,-22.389793,-67.61055,1152.0017,1151.9998,1151.9983,1152.0002,1500,1500,1152,1500,2000,1500,-0.000999519,0.0007889509,0,0,0,-0,-0,30,2
,4,-1,0,0,0,0,-25.545639,-64.454704,1152.0061,1151.9932,1151.9939,1152.0068,1500,1500,1152,1500,2000,2000,-0.0064263763,-0.00034841447,0,0,0,-0,-0,30,2
,3,-1,0,0,0,0,-24.585428,-65.41493,1152.0126,1152.006,1151.9874,1151.994,1500,1500,1152,1500,2000,2000,-0.0033154814,0.009260301,0,0,0,-0,-0,30,2
,3,-1,0,0,0,0,-23.057146,-66.94321,1151.9973,1151.9949,1152.0027,1152.0051,1500,1500,1152,1500,2000,2000,-0.0012453976,-0.003855446,0,0,0,-0,-0,30,2
,3,-1,0,0,0,0,-29.37588,-60.62447,1151.9991,1151.9886,1152.0009,1152.0114,1500,1500,1152,1500,2000,2000,-0.0052541923,-0.006073002,0,0,0,-0,-0,24,2
,3,-1,0,0,0,0,-17.5623,-72.43804,1151.9954,1151.9912,1152.0046,1152.0088,1500,1500,1152,1500,2000,2000,-0.0020513318,-0.006738054,0,0,0,-0,-0,24,2
,3,-2,0,0,0,0,-32.67816,-57.32219,1152.0105,1152.0107,1151.9895,1151.9893,1500,1500,1152,1500,2000,2000,0.00012345472,0.010648696,0,0,0,-0,-0,24,2
,4,-2,0,0,0,0,-28.757992,-61.242355,1151.9955,1152.027,1152.0045,1151.973,1500,1500,1152,1500,2000,2000,0.015747497,0.011258451,0,0,0,-0,-0,30,2
,3,0,0,0,0,-1,3.483285,-86.51704,1151.9901,1151.986,1152.0099,1152.014,1500,1500,1152,1500,2000,2000,-0.0020164496,-0.01200126,0,0,0,-0,-0,30,2
,3,2,0,0,0,0,31.500292,-58.500053,1152.0566,1152.0151,1151.9434,1151.9849,1500,1500,1152,1500,2000,2000,-0.020755975,0.0359072,0,0,0,-0,-0,30,2
,4,1,0,0,0,1,19.290123,-70.71024,1138.039,1137.9845,1137.961,1138.0155,1500,1500,1138,1500,2000,2000,-0.027179033,0.011732379,0,0,0,-0,-0,30,2
,6,1,0,0,0,0,16.823788,-73.17656,1122.0222,1122.0017,1121.9778,1121.9983,1500,1500,1122,1500,2000,2000,-0.0103142625,0.011922935,0,0,0,-0,-0,30,2
,7,0,0,0,0,-1,4.129054,-85.87132,1123.0289,1123.036,1122.9711,1122.964,1500,1500,1123,1500,2000,2000,0.0035881759,0.032489657,0,0,0,-0,-0,30,2
,6,0,0,0,0,0,-3.1675186,-86.83285,1116.0187,1116.0304,1115.9813,1115.9696,1500,1500,1116,1500,2000,2000,0.005899356,0.024503788,0,0,0,-0,-0,30,2
,4,-2,0,0,0,0,-31.152142,-58.8482,1084.9535,1085.0121,1085.0465,1084.9879,1500,1500,1085,1500,2000,2000,0.029335149,-0.01722106,0,0,0,-0,-0,30,2
,3,-3,0,0,0,0,-45.549316,-44.45103,1073.9575,1074.0286,1074.0425,1073.9714,1500,1500,1074,1500,2000,2000,0.035496645,-0.0070136236,0,0,0,-0,-0,30,2
,3,-4,0,0,0,0,-55.67,-34.33035,1073.9601,1074.005,1074.0399,1073.995,1500,1500,1074,1500,2000,2000,0.022508573,-0.01747873,0,0,0,-0,-0,30,2
,3,-5,0,0,0,-1,-57.24539,-32.754963,1073.9481,1073.9843,1074.0519,1074.0157,1500,1500,1074,1500,2000,2000,0.018095076,-0.033851434,0,0,0,-0,-0,30,2
,5,-2,0,0,0,-1,-30.154196,-59.84615,1073.9999,1073.9828,1074.0001,1074.0172,1500,1500,1074,1500,2000,2000,-0.008533033,-0.008639858,0,0,0,-0,-0,24,2
,2,2,0,0,0,0,41.672756,-48.327595,1074.0408,1074.0078,1073.9592,1073.9922,1500,1500,1074,1500,2000,2000,-0.016472096,0.02434669,0,0,0,-0,-0,24,2
,2,3,0,0,0,0,47.268135,-42.73221,1074.0313,1074.02,1073.9688,1073.98,1500,1500,1074,1500,2000,2000,-0.005575224,0.025578983,0,0,0,-0,-0,30,2
,3,2,0,0,0,1,29.774654,-60.2257,1074.03,1074.0012,1073.97,1073.9988,1500,1500,1074,1500,2000,2000,-0.0143613,0.015646864,0,0,0,-0,-0,24,2
,4,-1,0,0,0,0,-19.58407,-70.416275,1074.0396,1073.9585,1073.9604,1074.0415,1500,1500,1074,1500,2000,2000,-0.040541604,-0.00091735227,0,0,0,-0,-0,30,2
,4,-2,0,0,0,0,-31.213385,-58.78697,1074.0347,1073.9819,1073.9653,1074.0181,1500,1500,1074,1500,2000,2000,-0.02636267,0.008243671,0,0,0,-0,-0,30,2
,3,-3,0,0,0,0,-48.30782,-41.692528,1073.995,1073.9635,1074.005,1074.0365,1500,1500,1074,1500,2000,2000,-0.015778717,-0.020698674,0,0,0,-0,-0,30,2
,1,-4,0,0,0,-1,-68.71869,-21.281649,1073.9803,1074.0065,1074.0197,1073.9935,1500,1500,1074,1500,2000,2000,0.013004405,-0.006544266,0,0,0,-0,-0,30,2
,1,-3,0,0,0,0,-61.490963,-28.509392,1073.9753,1074.0071,1074.0247,1073.9929,1500,1500,1074,1500,2000,2000,0.015905231,-0.008842413,0,0,0,-0,-0,30,2
,1,-3,0,0,0,0,-67.641205,-22.359146,1073.93,1073.9767,1074.07,1074.0233,1500,1500,1074,1500,2000,2000,0.023299564,-0.046612747,0,0,0,-0,-0,30,2
,4,-1,0,0,0,0,-15.5980215,-74.40232,1074.0343,1074.014,1073.9657,1073.986,1500,1500,1074,1500,2000,2000,-0.01009233,0.024167692,0,0,0,-0,-0,30,2
,7,1,0,0,0,0,12.620052,-77.3803,1073.0734,1073.0106,1072.9266,1072.9894,1500,1500,1073,1500,2000,2000,-0.031423323,0.041988555,0,0,0,-0,-0,24,2
,0,-2,0,0,0,-1,-83.21477,-6.785596,1067.9779,1068.028,1068.0221,1067.972,1500,1500,1068,1500,2000,2000,0.025013797,0.0029361912,0,0,0,-0,-0,30,2
,0,0,0,0,0,0,-22.425947,-67.574394,1059.9703,1059.9615,1060.0297,1060.0385,1500,1500,1060,1500,2000,2000,-0.004415852,-0.034079418,0,0,0,-0,-0,24,2
,6,-2,0,0,0,0,-23.530245,-66.4701,1059.0309,1058.9681,1058.9691,1059.0319,1500,1500,1059,1500,2000,2000,-0.03142891,-0.00050512276,0,0,0,-0,-0,30,2
,5,-3,0,0,0,-1,-31.746996,-58.253353,1064.0183,1064.0305,1063.9817,1063.9695,1500,1500,1064,1500,2000,2000,0.0061493753,0.024462165,0,0,0,-0,-0,24,2
,1,-1,0,0,0,-1,-45.19843,-44.801918,1075.9712,1076.029,1076.0288,1075.971,1500,1500,1076,1500,2000,2000,0.028945558,0.00014502474,0,0,0,-0,-0,30,2
,2,0,0,0,0,0,-6.744345,-83.25599,1081.0121,1080.9767,1080.9879,1081.0233,1500,1500,1081,1500,2000,2000,-0.017741432,-0.005598308,0,0,0,-0,-0,30,2
,3,0,0,0,0,0,-8.443938,-81.55642,1084.021,1083.9702,1083.979,1084.0298,1500,1500,1084,1500,2000,2000,-0.025364596,-0.0044027637,0,0,0,-0,-0,30,2
,5,-2,0,0,0,0,-26.485796,-63.51455,1086.9961,1087.0237,1087.0039,1086.9763,1500,1500,1087,1500,2000,2000,0.013822354,0.0098636625,0,0,0,-0,-0,30,2
,3,-2,0,0,0,-1,-40.70277,-49.297577,1093.9595,1094.0037,1094.0405,1093.9963,1500,1500,1094,1500,2000,2000,0.022043196,-0.018435465,0,0,0,-0,-0,30,2
,2,0,0,0,0,0,0.6958687,-89.30458,1101.0313,1101.0107,1100.9688,1100.9893,1500,1500,1101,1500,2000,2000,-0.01029964,0.021025272,0,0,0,-0,-0,30,2
,4,-1,0,0,0,0,-13.9388,-76.06155,1111.0154,1110.9917,1110.9846,1111.0083,1500,1500,1111,1500,2000,2000,-0.011901349,0.0035062393,0,0,0,-0,-0,30,2
,4,-3,0,0,0,-2,-41.86154,-48.138798,1117.962,1117.9894,1118.038,1118.0106,1500,1500,1118,1500,2000,2000,0.013702111,-0.024283733,0,0,0,-0,-0,30,2
,1,-2,0,0,0,0,-62.327003,-27.67335,1119.9994,1120.0131,1120.0006,1119.9869,1500,1500,1120,1500,2000,2000,0.0068356646,0.006271197,0,0,0,-0,-0,24,2
,4,0,0,0,0,1,10.448878,-79.55146,1130.029,1130.0166,1129.971,1129.9834,1500,1500,1130,1500,2000,2000,-0.006278613,0.022847058,0,0,0,-0,-0,24,2
,6,0,0,0,0,0,-6.345811,-83.65453,1139.0479,1138.9927,1138.9521,1139.0073,1500,1500,1139,1500,2000,2000,-0.027597621,0.02026781,0,0,0,-0,-0,24,2
,2,-2,0,0,0,-1,-38.00369,-51.99665,1144.0079,1143.9745,1143.9921,1144.0255,1500,1500,1144,1500,2000,2000,-0.016777609,-0.008840371,0,0,0,-0,-0,30,2
,0,-1,0,0,0,-1,-89.10991,-0.8905397,1143.973,1144.0145,1144.027,1143.9855,1500,1500,1144,1500,2000,2000,0.020693598,-0.006228586,0,0,0,-0,-0,24,2
,0,-1,0,0,0,0,-74.90314,-15.097213,1143.9764,1143.9613,1144.0236,1144.0387,1500,1500,1144,1500,2000,2000,-0.0076013072,-0.031165324,0,0,0,-0,-0,30,2
,1,-3,0,0,0,0,-69.55847,-20.441875,1143.9749,1143.948,1144.0251,1144.052,1500,1500,1144,1500,2000,2000,-0.013386708,-0.038632903,0,0,0,-0,-0,30,2
,2,-3,0,0,0,0,-57.286583,-32.713768,1145.0046,1144.9512,1144.9954,1145.0488,1500,1500,1145,1500,2000,2000,-0.026792808,-0.022096016,0,0,0,-0,-0,30,2
,0,7,0,0,0,0,89.51983,-0.48036677,1148.0254,1147.9556,1147.9746,1148.0444,1500,1500,1148,1500,2000,2000,-0.034940317,-0.009579179,0,0,0,-0,-0,30,2
,3,7,0,0,0,0,61.193043,-28.807304,1151.056,1151.0333,1150.944,1150.9667,1500,1500,1151,1500,2000,2000,-0.0113647515,0.04464678,0,0,0,-0,-0,30,2
,3,8,0,0,0,0,66.78322,-23.21713,1152.06,1152.0327,1151.94,1151.9673,1500,1500,1152,1500,2000,2000,-0.0136820385,0.04636266,0,0,0,-0,-0,30,2
,2,9,0,2,0,0,73.02878,-16.971573,1153.1139,1153.0778,1152.8861,1152.9222,1500,1500,1153,1500,2000,2000,-0.018086841,0.09586444,0,0,0,-0,-0,30,2
,2,3,0,2,0,0,57.767387,-32.232967,1154.0677,1154.09,1153.9323,1153.91,1500,1500,1154,1500,2000,2000,0.011160181,0.07885426,0,0,0,-0,-0,30,2
,4,11,0,0,1,-2,68.84414,-21.1562,1156.9059,1157.0487,1157.0941,1156.9513,1500,1500,1157,1500,2000,2000,0.07138401,-0.022730995,0,0,0,-0,-0,24,2
,0,-15,0,-2,1,-2,-87.59891,-2.401399,1160.7697,1160.9464,1161.2303,1161.0536,1500,1500,1161,1500,2000,2000,0.08836198,-0.1420069,0,0,0,-0,-0,24,2
,-1,-10,0,-3,1,-1,-81.768,8.232377,1163.7719,1163.8553,1164.2281,1164.1447,1500,1500,1164,1500,2000,2000,0.041783005,-0.18638097,0,0,0,-0,-0,24,2
,2,-17,0,-1,0,0,-82.5564,-7.443937,1168.0227,1167.9238,1167.9773,1168.0762,1500,1500,1168,1500,2000,2000,-0.049406808,-0.02672715,0,0,0,-0,-0,24,2
,3,-2,0,2,-1,0,-40.24528,-49.75507,1175.2487,1175.0453,1174.7513,1174.9547,1500,1500,1175,1500,2000,2000,-0.10165183,0.14702958,0,0,0,-0,-0,30,2
,3,13,0,4,0,0,76.24587,-13.754467,1179.246,1179.2543,1178.754,1178.7457,1500,1500,1179,1500,2000,2000,0.0042051044,0.2501214,0,0,0,-0,-0,30,2
,6,-10,0,-1,0,0,-58.14287,-31.857468,1179.9044,1179.8951,1180.0956,1180.1049,1500,1500,1180,1500,2000,2000,-0.0045979437,-0.100240834,0,0,0,-0,-0,30,2
,8,-8,0,-4,0,0,-46.682022,-43.31833,1180.7256,1180.7637,1181.2744,1181.2363,1500,1500,1181,1500,2000,2000,0.019069914,-0.25541294,0,0,0,-0,-0,30,2
,-2,3,0,0,0,-1,56.85177,33.148575,1182.0143,1182.0739,1181.9857,1181.9261,1500,1500,1182,1500,2000,2000,0.029789709,0.044122554,0,0,0,-0,-0,30,2
,0,0,0,0,1,-1,-40.93384,49.066513,1183.9858,1184.1321,1184.0142,1183.8679,1500,1500,1184,1500,2000,2000,0.073159456,0.05892786,0,0,0,-0,-0,30,2
,10,-1,0,0,0,0,-6.058113,-83.94223,1185.1213,1184.989,1184.8787,1185.011,1500,1500,1185,1500,2000,2000,-0.06613221,0.055203322,0,0,0,-0,-0,30,2
,3,-1,0,-1,-1,1,-20.0431,-69.957245,1185.0079,1184.8619,1184.9921,1185.1381,1500,1500,1185,1500,2000,2000,-0.07304409,-0.06502998,0,0,0,-0,-0,30,2
,-2,-5,0,0,1,-2,-69.6511,20.349258,1186.8809,1187.0422,1187.1191,1186.9578,1500,1500,1187,1500,2000,2000,0.08067762,-0.03849031,0,0,0,-0,-0,24,2
,-2,-6,0,0,0,-1,-68.070076,21.930271,1187.0358,1187.0201,1186.9642,1186.9799,1500,1500,1187,1500,2000,2000,-0.007796585,0.027957942,0,0,0,-0,-0,24,2
,4,3,0,3,0,1,41.88707,-48.113274,1189.2236,1189.1655,1188.7764,1188.8345,1500,1500,1189,1500,2000,2000,-0.029103823,0.1946117,0,0,0,-0,-0,24,2
,7,-1,0,-4,0,0,-7.56569,-82.434654,1192.7856,1192.7273,1193.2144,1193.2727,1500,1500,1193,1500,2000,2000,-0.0291375,-0.24354963,0,0,0,-0,-0,30,2
,2,-8,0,0,1,-2,-71.83489,-18.165451,1197.9908,1198.1276,1198.0092,1197.8724,1500,1500,1198,1500,2000,2000,0.068300575,0.059148353,0,0,0,-0,-0,24,2
,0,3,0,3,-1,0,78.97318,-11.027175,1201.2418,1201.1014,1200.7582,1200.8986,1500,1500,1201,1500,2000,2000,-0.07016525,0.17166638,0,0,0,-0,-0,30,2
,13,0,0,-4,0,0,1.1083398,-88.89198,1205.7286,1205.7316,1206.2714,1206.2684,1500,1500,1206,1500,2000,2000,0.0015106131,-0.26993555,0,0,0,-0,-0,30,2
,0,1,0,0,1,-2,55.59964,-34.40071,1208.9637,1209.1671,1209.0363,1208.8329,1500,1500,1209,1500,2000,2000,0.101624414,0.06537297,0,0,0,-0,-0,30,2
,11,3,0,2,-2,0,15.611049,-74.3893,1214.317,1214.0021,1213.683,1213.9979,1500,1500,1214,1500,2000,2000,-0.15742058,0.15958285,0,0,0,-0,-0,30,2
,-2,-6,0,-2,2,-1,-68.14651,21.853834,1222.747,1223.0077,1223.253,1222.9923,1500,1500,1223,1500,2000,2000,0.13034098,-0.12271081,0,0,0,-0,-0,30,2
,13,4,0,0,0,-1,18.350115,-71.650246,1234.0651,1233.9579,1233.9349,1234.0421,1500,1500,1234,1500,2000,2000,-0.05359607,0.011469984,0,0,0,-0,-0,30,2
,0,0,0,3,0,1,-88.85466,1.1457673,1244.209,1244.1301,1243.791,1243.8699,1500,1500,1244,1500,2000,2000,-0.03938582,0.16950615,0,0,0,-0,-0,30,2
,2,-2,0,-5,0,-3,-44.44151,-45.558834,1247.6511,1247.763,1248.3489,1248.237,1500,1500,1248,1500,2000,2000,0.055937752,-0.2930237,0,0,0,-0,-0,30,2
,4,-3,0,3,0,0,-34.982956,-55.017395,1253.2537,1253.1987,1252.7463,1252.8013,1500,1500,1253,1500,2000,2000,-0.027467009,0.22617473,0,0,0,-0,-0,24,2
,0,-4,0,-5,0,-2,-83.887566,6.1128187,1259.6886,1259.7028,1260.3114,1260.2972,1500,1500,1260,1500,2000,2000,0.0070944587,-0.30431807,0,0,0,-0,-0,24,2
,5,0,0,3,0,0,2.4195185,-87.5808,1267.2021,1267.2522,1266.7979,1266.7478,1500,1500,1267,1500,2000,2000,0.025023056,0.22720827,0,0,0,-0,-0,24,2
,2,-3,0,-5,0,-1,-48.674686,-41.32566,1278.7471,1278.6946,1279.2529,1279.3054,1500,1500,1279,1500,2000,2000,-0.026281107,-0.27914178,0,0,0,-0,-0,30,2
,4,-6,0,1,0,0,-58.437885,-31.56246,1286.1321,1286.1204,1285.8679,1285.8796,1500,1500,1286,1500,2000,2000,-0.005881357,0.12626454,0,0,0,-0,-0,30,2
,4,4,0,0,1,-1,40.423244,-49.577103,1289.975,1290.1498,1290.025,1289.8502,1500,1500,1290,1500,2000,2000,0.08736258,0.06241332,0,0,0,-0,-0,30,2
,5,-10,0,0,-1,1,-63.10909,-26.891264,1294.106,1293.907,1293.894,1294.093,1500,1500,1294,1500,2000,2000,-0.09953022,0.0064791366,0,0,0,-0,-0,30,2
,5,-4,0,0,-1,-1,-41.78828,-48.21207,1301.0507,1300.9618,1300.9493,1301.0382,1500,1500,1301,1500,2000,2000,-0.044398338,0.006202325,0,0,0,-0,-0,30,2
,-1,-6,0,-1,1,-2,-79.80939,10.190978,1309.8699,1310.0334,1310.1301,1309.9666,1500,1500,1310,1500,2000,2000,0.08177504,-0.048395205,0,0,0,-0,-0,30,2
,-4,-7,0,2,2,4,-58.222446,31.777903,1314.9938,1315.2374,1315.0062,1314.7626,1500,1500,1315,1500,2000,2000,0.121782295,0.11560937,0,0,0,-0,-0,30,2
,1,-3,0,1,-1,2,-64.98813,-25.012224,1318.1749,1317.9481,1317.8251,1318.0519,1500,1500,1318,1500,2000,2000,-0.11342629,0.061514884,0,0,0,-0,-0,30,2
,11,1,0,-3,-3,-3,5.3904314,-84.609955,1325.989,1325.654,1326.011,1326.346,1500,1500,1326,1500,2000,2000,-0.16747683,-0.17843969,0,0,0,-0,-0,30,2
,5,-1,0,0,0,0,-11.666401,-78.333954,1332.996,1332.9818,1333.004,1333.0182,1500,1500,1333,1500,2000,2000,-0.0070685055,-0.011072558,0,0,0,-0,-0,24,2
,1,0,0,0,1,5,15.446376,-74.55398,1341.9199,1342.1443,1342.0801,1341.8557,1500,1500,1342,1500,2000,2000,0.11216733,0.032094225,0,0,0,-0,-0,30,2
,6,3,0,2,1,5,31.302616,-58.697727,1351.0695,1351.2006,1350.9305,1350.7994,1500,1500,1351,1500,2000,2000,0.06554465,0.13506442,0,0,0,-0,-0,24,2
,1,4,0,1,0,2,65.91042,-24.089924,1351.0392,1351.1149,1350.9608,1350.8851,1500,1500,1351,1500,2000,2000,0.03786924,0.0770692,0,0,0,-0,-0,30,2
,1,0,0,2,0,0,-28.764742,-61.235615,1351.1117,1351.1166,1350.8883,1350.8834,1500,1500,1351,1500,2000,2000,0.002485847,0.1141327,0,0,0,-0,-0,24,2
,-5,-6,0,2,1,2,-50.902504,39.097843,1355.0243,1355.1005,1354.9757,1354.8995,1500,1500,1355,1500,2000,2000,0.038143694,0.06237667,0,0,0,-0,-0,30,2
,-5,-1,0,0,1,5,-18.874622,71.125725,1360.9042,1360.9701,1361.0958,1361.0299,1500,1500,1361,1500,2000,2000,0.032991912,-0.06288543,0,0,0,-0,-0,30,2
,-4,-2,0,-1,2,6,-28.97688,61.02346,1362.7728,1363.0192,1363.2272,1362.9808,1500,1500,1363,1500,2000,2000,0.1231236,-0.104002416,0,0,0,-0,-0,30,2
,-3,0,0,-1,3,7,-5.913145,84.08718,1366.7948,1367.0165,1367.2052,1366.9835,1500,1500,1367,1500,2000,2000,0.11086783,-0.09432391,0,0,0,-0,-0,30,2
,2,-4,0,0,1,5,-62.48959,-27.510763,1366.9347,1366.9886,1367.0653,1367.0114,1500,1500,1367,1500,2000,2000,0.026994627,-0.038293853,0,0,0,-0,-0,30,2
,5,-9,0,-3,2,5,-61.46218,-28.538172,1366.8226,1366.8939,1367.1774,1367.1061,1500,1500,1367,1500,2000,2000,0.035699993,-0.14172977,0,0,0,-0,-0,30,2
,8,-7,0,-1,0,4,-41.97355,-48.0268,1369.0511,1368.9156,1368.9489,1369.0844,1500,1500,1369,1500,2000,2000,-0.06778006,-0.016630577,0,0,0,-0,-0,30,2
,8,-4,0,-1,-1,3,-27.861082,-62.13926,1371.0895,1370.8058,1370.9105,1371.1942,1500,1500,1371,1500,2000,2000,-0.14181581,-0.052346785,0,0,0,-0,-0,30,2
,8,-1,0,-1,-4,2,-9.4993725,-80.500984,1371.2379,1370.7509,1370.7621,1371.2491,1500,1500,1371,1500,2000,2000,-0.24348743,-0.005616324,0,0,0,-0,-0,24,2
,5,0,0,-1,-4,2,-10.263648,-79.73668,1371.1785,1370.7834,1370.8215,1371.2166,1500,1500,1371,1500,2000,2000,-0.19746162,-0.01901446,0,0,0,-0,-0,24,2
,6,-4,0,-2,-5,2,-32.982594,-57.01775,1372.1057,1371.6887,1371.8943,1372.3113,1500,1500,1372,1500,2000,2000,-0.20854338,-0.10282698,0,0,0,-0,-0,24,2
,6,-6,0,-2,-4,3,-43.70602,-46.29433,1376.0687,1375.8253,1375.9313,1376.1747,1500,1500,1376,1500,2000,2000,-0.12167541,-0.05303773,0,0,0,-0,-0,24,2
,0,-12,0,-1,-3,3,-88.83669,1.1637477,1382.0304,1381.9435,1381.9696,1382.0565,1500,1500,1382,1500,2000,2000,-0.043445807,-0.013036571,0,0,0,-0,-0,30,2
,-3,-16,0,1,-1,4,-78.57193,11.428405,1385.0682,1385.183,1384.9318,1384.817,1500,1500,1385,1500,2000,2000,0.05741102,0.12560004,0,0,0,-0,-0,30,2
,13,7,0,2,3,4,28.653902,-61.346443,1385.8905,1386.4161,1386.1095,1385.5839,1500,1500,1386,1500,2000,2000,0.26280352,0.15333357,0,0,0,-0,-0,30,2
,13,1,0,0,3,3,7.029081,-82.97126,1385.7885,1386.255,1386.2115,1385.745,1500,1500,1386,1500,2000,2000,0.23321757,0.021728568,0,0,0,-0,-0,30,2
,-4,-8,0,0,2,3,-63.901638,26.09871,1385.8481,1386.0671,1386.1519,1385.9329,1500,1500,1386,1505,2000,2000,0.109480366,-0.04236631,0,0,0,-0,-0,30,2
,8,4,0,-1,0,4,27.204414,-62.795937,1386.9116,1386.9336,1387.0884,1387.0664,1500,1500,1387,1507,2000,2000,0.01103447,-0.07744624,0,0,0,-0,-0,30,2
,1,7,0,1,-3,5,79.73646,-10.263888,1387.2972,1386.8429,1386.7028,1387.1571,1500,1500,1387,1510,2000,2000,-0.2272324,0.070054606,0,0,0.6666667,-0,-0,30,2
,2,2,0,0,-2,6,52.96728,-37.03307,1387.1218,1386.8989,1386.8782,1387.1011,1500,1500,1387,1516,2000,2000,-0.1114476,0.010322421,0,0,2.6666667,-0,-0,30,2
,7,-3,0,0,0,5,-27.431068,-62.569283,1386.9264,1386.9916,1387.0736,1387.0084,1500,1500,1387,1524,2000,2000,0.032595575,-0.041061513,0,0,5.3333335,-0,-0,30,2
,0,2,0,0,0,3,70.478546,-19.521807,1387.0269,1387.0457,1386.9731,1386.9543,1500,1500,1387,1528,2000,2000,0.009373905,0.036213454,0,0,6.6666665,-0,-0,24,2
,5,-4,0,-2,-3,2,-39.39823,-50.60212,1387.0289,1386.7682,1386.9711,1387.2318,1500,1500,1387,1546,2000,2000,-0.13035509,-0.10145828,0,0,12.666667,-0,-0,24,2
,10,1,0,-2,-4,2,5.4105735,-84.589775,1387.0533,1386.723,1386.9467,1387.277,1500,1500,1387,1553,2000,2000,-0.16519845,-0.11184715,0,0,15,-0,-0,30,2
,15,-1,0,-2,-2,3,-7.15734,-82.84299,1386.9557,1386.872,1387.0443,1387.128,1500,1500,1387,1553,2000,2000,-0.04185035,-0.08621092,0,0,15,-0,-0,24,2
,11,-7,0,2,1,5,-33.95222,-56.04813,1389.0048,1389.3461,1388.9952,1388.6539,1500,1500,1389,1553,2000,2000,0.1706692,0.17536166,0,0,15,-0,-0,30,2
,0,0,0,5,6,5,-13.219136,76.78122,1388.9454,1389.6718,1389.0546,1388.3282,1500,1500,1389,1555,2000,2000,0.3631494,0.30864277,0,0,15.666667,-0,-0,30,2
,0,1,0,3,6,5,70.83703,19.16332,1388.8374,1389.4019,1389.1626,1388.5981,1500,1500,1389,1556,2000,2000,0.2822467,0.11959654,0,0,16,-0,-0,30,2
,3,-3,0,2,0,4,-48.787052,-41.213295,1389.1576,1388.9144,1388.8424,1389.0856,1500,1500,1389,1559,2000,2000,-0.12159072,0.035954658,0,0,17,-0,-0,30,2
,-7,-3,0,0,-3,6,-24.362545,65.6378,1392.1796,1391.6818,1391.8204,1392.3182,1500,1500,1392,1560,2000,2000,-0.24891628,-0.06930908,0,0,17.333334,-0,-0,30,2
,-12,-5,0,0,-4,9,-21.377588,68.622765,1393.145,1392.7275,1392.855,1393.2725,1500,1500,1393,1560,2000,2000,-0.20870923,-0.063747264,0,0,17.333334,-0,-0,30,2
,-2,2,0,0,-4,11,54.60147,35.39888,1393.2152,1392.7963,1392.7848,1393.2037,1500,1500,1393,1562,2000,2000,-0.20952046,0.005720917,0,0,18,-0,-0,30,2
,6,-1,0,0,0,10,-10.8614645,-79.138885,1392.8024,1393.0533,1393.1976,1392.9467,1500,1500,1393,1572,2000,2000,0.12548897,-0.07213644,0,0,21.333334,-0,-0,24,2
,-3,0,0,-1,2,8,-10.013266,79.9871,1392.703,1393.0817,1393.297,1392.9183,1500,1500,1393,1575,2000,2000,0.18937711,-0.107708864,0,0,22.333334,-0,-0,24,2
,3,-3,0,-3,2,7,-44.403362,-45.59698,1392.7389,1392.9711,1393.2611,1393.0289,1500,1500,1393,1576,2000,2000,0.11606944,-0.14501742,0,0,22.666666,-0,-0,24,2
,0,0,0,0,0,7,-68.5873,21.413054,1395.0536,1395.0573,1394.9464,1394.9427,1500,1500,1395,1575,2000,2000,0.0018812241,0.055475,0,0,22.333334,-0,-0,24,2
,0,0,0,1,0,8,59.9989,-30.001434,1397.1509,1397.0862,1396.8491,1396.9138,1500,1500,1397,1577,2000,2000,-0.032384712,0.11850907,0,0,23,-0,-0,24,2
,-5,0,0,5,0,5,4.9357896,85.06458,1397.2509,1397.3268,1396.7491,1396.6732,1500,1500,1397,1586,2000,2000,0.03795857,0.28878194,0,0,26,-0,-0,30,2
,6,3,0,1,0,2,29.782837,-60.21751,1397.0282,1397.0092,1396.9718,1396.9908,1500,1500,1397,1590,2000,2000,-0.0095234215,0.018664023,0,0,27.333334,-0,-0,30,2
,-3,-5,0,-1,-1,5,-52.49131,37.509045,1397.917,1397.7805,1398.083,1398.2195,1500,1500,1398,1596,2000,2000,-0.06819494,-0.15120846,0,0,29.333334,-0,-0,30,2
,-14,4,0,2,-1,10,18.177465,71.822876,1403.1573,1403.0475,1402.8427,1402.9525,1500,1500,1403,1597,2000,2000,-0.05490157,0.10243968,0,0,29.666666,-0,-0,30,2
,-4,6,0,0,2,13,55.912037,34.08832,1409.8734,1410.1049,1410.1266,1409.8951,1500,1500,1410,1597,2000,2000,0.11566586,-0.010859037,0,0,29.666666,-0,-0,30,2
,11,-8,0,-1,3,10,-35.893307,-54.10704,1410.7495,1411.0313,1411.2505,1410.9688,1500,1500,1411,1598,2000,2000,0.14084116,-0.10966048,0,0,30,-0,-0,30,2
,16,-3,0,0,-2,4,-11.25563,-78.7447,1414.0977,1413.7988,1413.9023,1414.2012,1500,1500,1414,1599,2000,2000,-0.14940739,-0.051731493,0,0,30.333334,-0,-0,30,2
,2,4,0,0,-4,3,54.9533,-35.047054,1416.2081,1415.7418,1415.7919,1416.2582,1500,1500,1416,1601,2000,2000,-0.23311357,-0.02501404,0,0,31,-0,-0,30,2
,4,3,0,3,-7,5,33.122437,-56.877914,1418.505,1417.8524,1417.495,1418.1476,1500,1500,1418,1603,2000,2000,-0.32631016,0.178704,0,0,31.666666,-0,-0,24,2
,5,0,0,2,1,6,-3.1186056,-86.881676,1419.9048,1420.3027,1420.0952,1419.6973,1500,1500,1420,1612,2000,2000,0.19896233,0.103799105,0,0,34.666668,-0,-0,24,2
,8,4,0,0,6,4,27.719116,-62.281227,1419.5115,1420.2886,1420.4885,1419.7114,1500,1500,1420,1621,2000,2000,0.38852003,-0.10001579,0,0,37.666668,-0,-0,24,2
,7,2,0,-2,1,5,18.208555,-71.79179,1421.8319,1421.9086,1422.1681,1422.0914,1500,1500,1422,1627,2000,2000,0.03827115,-0.12981889,0,0,39.666668,-0,-0,30,2
,1,-11,0,2,0,10,-82.58373,-7.416606,1423.1323,1423.0913,1422.8677,1422.9087,1500,1500,1423,1630,2000,2000,-0.020475734,0.111793235,0,0,40.666668,-0,-0,24,2
,-7,-1,0,1,0,9,-9.057923,80.94244,1424.0752,1424.0364,1423.9248,1423.9636,1500,1500,1424,1639,2000,2000,-0.019441351,0.055778593,0,0,43.666668,-0,-0,30,2
,6,-1,0,1,0,7,-11.070246,-78.93011,1424.1068,1424.0121,1423.8932,1423.9879,1500,1500,1424,1654,2000,2000,-0.047404617,0.059478354,0,0,48.666668,-0,-0,30,2
,-10,3,0,0,-1,10,17.970015,72.030334,1426.9918,1426.8346,1427.0082,1427.1654,1500,1500,1427,1659,2000,2000,-0.07855332,-0.086786,0,0,50.333332,-0,-0,30,2
,3,-4,0,0,1,13,-54.508488,-35.491856,1429.8835,1430.0212,1430.1165,1429.9788,1500,1500,1430,1660,2000,2000,0.06888981,-0.047643293,0,0,50.666668,-0,-0,30,2
,13,-4,0,2,0,11,-17.16399,-72.83635,1431.0922,1431.111,1430.9078,1430.889,1500,1500,1431,1663,2000,2000,0.009439847,0.1015635,0,0,51.666668,-0,-0,30,2
,0,7,0,3,0,13,87.789536,-2.2107744,1431.1969,1431.1027,1430.8031,1430.8973,1500,1500,1431,1676,2000,2000,-0.04715061,0.14976281,0,0,56,-0,-0,30,2
,-10,8,0,0,-3,18,38.235176,51.76518,1431.1343,1430.8342,1430.8657,1431.1658,1500,1500,1431,1681,2000,2000,-0.15005352,-0.0157765,0,0,57.666668,-0,-0,30,2
,14,-8,0,-3,-1,16,-29.774164,-60.226192,1434.8473,1434.7379,1435.1527,1435.2621,1500,1500,1435,1681,2000,2000,-0.05466658,-0.20736493,0,0,57.666668,-0,-0,24,2
,9,-8,0,2,1,10,-41.36491,-48.635445,1436.0095,1436.2598,1435.9905,1435.7402,1500,1500,1436,1681,2000,2000,0.12514633,0.13468722,0,0,57.666668,-0,-0,24,2
,18,-7,0,6,0,12,-22.79572,-67.20463,1437.2712,1437.313,1436.7288,1436.687,1500,1500,1437,1682,2000,2000,0.02083112,0.29205424,0,0,58,-0,-0,24,2
,10,-9,0,4,0,22,-41.503574,-48.496773,1438.1312,1438.143,1437.8688,1437.857,1500,1500,1438,1681,2000,2000,0.005816955,0.13708864,0,0,57.666668,-0,-0,30,2
,-10,2,0,-3,-4,15,13.977412,76.02294,1438.8917,1438.4913,1439.1083,1439.5087,1500,1500,1439,1681,2000,2000,-0.20016745,-0.3084299,0,0,57.666668,-0,-0,24,2
,5,3,0,0,0,8,32.800625,-57.199726,1438.9218,1438.9811,1439.0782,1439.0189,1500,1500,1439,1682,2000,2000,0.029681165,-0.048629846,0,0,58,-0,-0,30,2
,14,-4,0,4,3,16,-17.979706,-72.020645,1438.9856,1439.459,1439.0144,1438.541,1500,1500,1439,1689,2000,2000,0.23668462,0.22226308,0,0,60.333332,-0,-0,30,2
,16,6,0,0,-2,18,20.363552,-69.636795,1439.1079,1438.8279,1438.8921,1439.1721,1500,1500,1439,1689,2000,2000,-0.14001429,-0.032106824,0,0,60.333332,-0,-0,30,2
,13,-2,0,-6,-3,12,-11.808362,-78.19199,1438.7847,1438.4431,1439.2153,1439.5569,1500,1500,1439,1690,2000,2000,-0.17083065,-0.386121,0,0,60.666668,-0,-0,30,2
,11,6,0,-1,-5,13,31.1885,-58.811844,1439.159,1438.7179,1438.841,1439.2821,1500,1500,1439,1693,2000,2000,-0.22063242,-0.061568893,0,0,61.666668,-0,-0,30,2
,8,-5,0,2,0,17,-30.144224,-59.856125,1439.1353,1439.2163,1438.8647,1438.7837,1500,1500,1439,1693,2000,2000,0.040574733,0.17582083,0,0,61.666668,-0,-0,29,2
,10,-7,0,2,2,16,-37.080204,-52.920147,1438.9432,1439.3187,1439.0568,1438.6813,1500,1500,1439,1697,2000,2000,0.18776892,0.1309656,0,0,63,-0,-0,30,2
,-7,-4,0,-3,0,13,-28.147055,61.853287,1438.7474,1438.8319,1439.2526,1439.1681,1500,1500,1439,1699,2000,2000,0.04219027,-0.21030733,0,0,63.666668,-0,-0,30,2
,-8,3,0,-2,-3,17,22.870485,67.12987,1440.0607,1439.775,1439.9393,1440.225,1500,1500,1440,1698,2000,2000,-0.1428597,-0.08215107,0,0,63.333332,-0,-0,30,2
,24,-1,0,3,-1,17,-3.3086996,-86.69173,1442.2465,1442.2277,1441.7535,1441.7723,1500,1500,1442,1698,2000,2000,-0.009449802,0.23711073,0,0,63.333332,-0,-0,30,2
,1,-4,0,1,6,10,-67.51665,-22.4837,1442.6768,1443.427,1443.3232,1442.573,1500,1500,1443,1696,2000,2000,0.37517938,0.051860005,0,0,62.666668,-0,-0,30,2
,-30,4,0,-2,0,16,8.658755,81.341606,1446.9094,1446.8286,1447.0906,1447.1714,1500,1500,1447,1692,2000,2000,-0.040419675,-0.13095564,0,0,61.333332,-0,-0,24,2
,-21,16,0,-3,-8,21,36.930103,53.070248,1454.2524,1453.3853,1453.7476,1454.6147,1500,1500,1454,1674,2000,2000,-0.43365356,-0.1810917,0,0,55.333332,-0,-0,24,2
,-1,0,0,5,0,15,-21.98088,68.01948,1460.2104,1460.419,1459.7896,1459.581,1500,1500,1460,1653,2000,2000,0.104208596,0.31466317,0,0,48.333332,-0,-0,24,2
,25,-3,0,0,0,17,-7.9050574,-82.09529,1460.8489,1461.0188,1461.1511,1460.9812,1500,1500,1461,1629,2000,2000,0.08491028,-0.06617895,0,0,40.333332,-0,-0,30,2
,-1,11,0,-7,-3,25,82.27025,7.7300963,1460.7745,1460.4249,1461.2255,1461.5751,1500,1500,1461,1604,2000,2000,-0.17477995,-0.40025216,0,0,32,-0,-0,24,2
,-12,0,0,6,-2,18,2.0125015,87.98788,1465.4697,1465.3071,1464.5303,1464.6929,1500,1500,1465,1571,2000,2000,-0.08131796,0.38837007,0,0,21,-0,-0,30,2
,33,-13,0,4,2,20,-21.874516,-68.125824,1471.9899,1472.3922,1472.0101,1471.6078,1500,1500,1472,1556,2000,2000,0.20116931,0.19109358,0,0,16,-0,-0,30,2
,-8,0,0,-7,-9,25,4.777565,85.22279,1476.0441,1475.0729,1475.9559,1476.9271,1500,1500,1476,1555,2000,2000,-0.4856515,-0.4415271,0,0,15.666667,-0,-0,30,2
,9,0,0,5,2,19,-1.998281,-88.00203,1490.0725,1490.5525,1489.9275,1489.4475,1500,1500,1490,1552,2000,2000,0.2399475,0.3124944,0,0,14.666667,-0,-0,30,2
,-12,2,0,-5,2,26,11.139407,78.86096,1508.5494,1508.8763,1509.4506,1509.1237,1500,1500,1509,1529,2000,2000,0.16340607,-0.28710008,0,0,7,-0,-0,30,2
,33,-8,0,-1,-4,21,-13.864025,-76.136314,1527.157,1526.7551,1526.843,1527.2449,1500,1500,1527,1509,2000,2000,-0.20096134,-0.043902196,0,0,0.33333334,-0,-0,30,2
,-23,14,0,13,12,22,31.014763,58.985584,1538.0608,1539.416,1537.9392,1536.584,1500,1500,1538,1506,2000,2000,0.6775882,0.73840886,0,0,0,-0,-0,30,2
,38,-18,0,-16,-16,27,-25.661673,-64.33868,1540.9539,1539.1597,1541.0461,1542.8403,1500,1500,1541,1505,2000,2000,-0.89710146,-0.9432507,0,0,0,-0,-0,24,2
,34,-10,0,24,24,22,-17.137314,-72.86304,1547.9524,1550.6736,1548.0476,1545.3264,1500,1500,1548,1503,2000,2000,1.3606097,1.3129668,0,0,0,-0,-0,24,2
,-28,6,0,-15,-11,29,12.252694,77.74766,1553.7856,1552.2493,1554.2144,1555.7507,1500,1500,1554,1503,2000,2000,-0.7681411,-0.9824875,0,0,0,-0,-0,24,2
,-16,0,0,17,21,29,-1.6217186,88.37862,1554.8759,1556.9764,1555.1241,1553.0236,1500,1500,1555,1500,2000,2000,1.050254,0.9261834,0,0,0,-0,-0,30,2
,3,10,0,5,16,27,71.77143,-18.228922,1558.4966,1559.7283,1559.5034,1558.2717,1500,1500,1559,1500,2000,2000,0.61588454,0.11239684,0,0,0,-0,-0,30,2
,-13,-12,0,3,-3,34,-43.67101,46.329334,1561.5118,1560.4694,1560.4882,1561.5306,1500,1500,1561,1500,2000,2000,-0.5212355,-0.009414129,0,0,0,-0,-0,30,2
,24,3,0,16,28,32,8.358915,-81.6414,1560.4318,1562.9532,1561.5682,1559.0468,1500,1500,1561,1500,2000,2000,1.260688,0.6924992,0,0,0,-0,-0,30,2
,-7,-4,0,15,36,33,-32.043766,57.956585,1560.0962,1562.8711,1561.9038,1559.1289,1500,1500,1561,1500,2000,2000,1.3874003,0.48360676,0,0,0,-0,-0,30,2
,17,3,0,4,14,36,10.4452505,-79.55508,1560.8254,1560.9136,1561.1746,1561.0864,1500,1500,1561,1500,2000,2000,0.04408449,-0.13050115,0,0,0,-0,-0,30,2
,18,3,0,4,12,40,10.117143,-79.88322,1560.9329,1560.9045,1561.0671,1561.0955,1500,1500,1561,1500,2000,2000,-0.01421532,-0.08132223,0,0,0,-0,-0,30,2
,2,-3,0,9,32,39,-56.185593,-33.81475,1561.1482,1563.3062,1562.8518,1560.6938,1500,1500,1562,1500,2000,2000,1.0790255,0.22715156,0,0,0,-0,-0,30,2
,-14,-5,0,13,48,41,-19.683573,70.31677,1559.7,1563.1321,1562.3,1558.8679,1500,1500,1561,1500,2000,2000,1.7160206,0.41607636,0,0,0,-0,-0,30,2
,-1,4,0,7,29,42,75.57053,14.429808,1560.5671,1561.4583,1561.4329,1560.5417,1500,1500,1561,1500,2000,2000,0.4455574,0.012728229,0,0,0,-0,-0,30,2
,19,4,0,-5,13,42,12.157537,-77.8428,1557.7612,1557.0232,1558.2388,1558.9768,1500,1500,1558,1500,2000,2000,-0.3690106,-0.6078276,0,0,0,-0,-0,24,2
,2,-14,0,8,40,48,-81.773575,-8.226753,1544.0988,1546.422,1545.9012,1543.578,1500,1500,1545,1500,2000,2000,1.1616616,0.2603953,0,0,0,-0,-0,24,2
,24,-11,0,9,52,47,-24.612385,-65.38796,1530.6403,1533.8763,1533.3597,1530.1237,1500,1500,1532,1500,2000,2000,1.6180487,0.25833714,0,0,0,-0,-0,24,2
,0,-1,0,-4,23,44,-75.37943,14.620932,1520.6228,1520.4756,1521.3772,1521.5244,1500,1500,1521,1500,2000,2000,-0.0736455,-0.4507693,0,0,0,-0,-0,30,2
,-25,12,0,-1,0,50,27.095411,62.904934,1509.9437,1507.6647,1508.0563,1510.3353,1500,1500,1509,1500,2000,2000,-1.1394925,-0.19577494,0,0,0,-0,-0,24,2
,16,0,0,0,33,50,1.088033,-88.91248,1471.0975,1472.829,1472.9025,1471.171,1500,1500,1472,1500,2000,2000,0.86572325,-0.03669056,0,0,0,-0,-0,30,2
,12,1,0,-4,29,45,5.005852,-84.99451,1421.17,1422.308,1422.83,1421.692,1500,1500,1422,1500,2000,2000,0.5690242,-0.26100287,0,0,0,-0,-0,30,2
,-17,7,0,-25,-9,55,22.137215,67.86312,1347.1118,1344.3027,1346.8882,1349.6973,1500,1500,1347,1500,2000,2000,-1.404562,-1.2927431,0,0,0,-0,-0,30,2
,-15,10,0,-9,22,49,34.077766,55.922577,1245.2172,1246.3534,1246.7828,1245.6466,1500,1500,1246,1500,2000,2000,0.5681137,-0.21473032,0,0,0,-0,-0,30,2
,0,1,0,-36,-5,49,50.91826,-39.082096,1125.3435,1123.5413,1126.6565,1128.4587,1500,1500,1126,1500,2000,2000,-0.9010743,-1.5575638,0,0,0,-0,-0,30,2
,0,5,0,-27,-10,53,82.027374,-7.972944,1016.15375,1014.3127,1015.84625,1017.6873,1500,1500,1016,1500,2000,2000,-0.9205559,-0.7668023,0,0,0,-0,-0,30,2
,7,11,0,-40,-14,50,55.811405,-34.188946,999.5636,997.7715,1000.4364,1002.2285,1500,1500,1000,1500,2000,2000,-0.8960821,-1.3324518,0,0,0,-0,-0,30,2
,4,-5,0,-50,-26,49,-46.764656,-43.23569,999.66907,997.11597,1000.33093,1002.88403,1500,1500,1000,1500,2000,2000,-1.2765806,-1.60746,0,0,0,-0,-0,30,2
,-5,2,0,-58,-39,50,21.440643,68.5597,999.9065,996.5757,1000.0935,1003.4243,1500,1500,1000,1500,2000,2000,-1.6653817,-1.7588842,0,0,0,-0,-0,24,2
,-2,9,0,-65,-51,49,73.51548,16.484854,1000.07007,996.16956,999.92993,1003.83044,1500,1500,1000,1500,2000,2000,-1.9502329,-1.8801919,0,0,0,-0,-0,24,2
,0,0,0,-60,-58,53,-45.52581,44.474537,1000.57385,996.678,999.42615,1003.322,1500,1500,1000,1500,2000,2000,-1.9479562,-1.3741145,0,0,0,-0,-0,24,2
,38,-91,0,51,4,51,-67.0214,-22.978945,1002.89526,1005.9137,997.10474,994.0863,1500,1500,1000,1500,2000,2000,1.5092231,4.4044657,0,0,0,-0,-0,24,2
,-14,-96,0,14,9,52,-81.42714,8.573203,1000.1624,1002.8079,999.8376,997.1921,1500,1500,1000,1500,2000,2000,1.3227754,1.4851851,0,0,0,-0,-0,30,2
,8,-54,0,-22,-2,40,-81.5021,-8.498242,998.8672,999.6304,1001.1328,1000.3696,1500,1500,1000,1500,2000,2000,0.3815825,-0.7512047,0,0,0,-0,-0,30,2
,44,96,0,19,0,25,65.09153,-24.908823,1001.1138,1001.8273,998.8862,998.1727,1500,1500,1000,1500,2000,2000,0.35675904,1.4705478,0,0,0,-0,-0,30,2
,-83,-96,0,-23,-1,-96,-48.98106,41.01929,1076.763,1077.1548,1079.237,1078.8452,1500,1500,1078,1500,2000,2000,0.19595939,-1.041092,0,0,0,-0,-0,30,2
,-24,-21,0,-34,15,-76,-41.403614,48.596733,1075.6372,1077.5857,1080.3628,1078.4143,1500,1500,1078,1500,2000,2000,0.974226,-1.3885195,0,0,0,-0,-0,30,2
,-8,2,0,15,4,-74,14.991143,75.00919,1079.17,1079.6244,1076.83,1076.3756,1500,1500,1078,1500,2000,2000,0.22716847,1.3971747,0,0,0,-0,-0,30,2
,13,27,0,4,-15,-54,64.71897,-25.281384,1079.3275,1077.6608,1076.6725,1078.3392,1500,1500,1078,1500,2000,2000,-0.83337015,0.4941151,0,0,0,-0,-0,30,2
,9,7,0,3,2,-38,38.386116,-51.614235,1078.0426,1078.5682,1077.9574,1077.4318,1500,1500,1078,1500,2000,2000,0.2627962,0.3054307,0,0,0,-0,-0,30,2
,4,15,0,3,-2,-24,72.264275,-17.736084,1078.2875,1078.1832,1077.7125,1077.8168,1500,1500,1078,1500,2000,2000,-0.05212839,0.23540434,0,0,0,-0,-0,30,2
,0,-2,0,1,0,-16,-69.060776,20.939585,1078.0509,1078.1141,1077.9491,1077.8859,1500,1500,1078,1500,1500,2000,0.03155853,0.08247163,0,0,0,-0,-0,24,2
,4,-4,0,0,0,0,-47.48656,-42.51379,1077.9407,1077.977,1078.0593,1078.023,1500,1500,1078,1500,2000,1500,0.01823094,-0.04118252,0,0,0,-0,-0,24,2
,6,-2,0,0,0,0,-16.613394,-73.38696,1078.043,1077.9695,1077.957,1078.0305,1500,1500,1078,1500,2000,1500,-0.036787566,0.0062853163,0,0,0,-0,-0,24,2
,4,0,0,0,0,-1,-5.160639,-84.83975,1078.013,1078.0042,1077.987,1077.9958,1500,1500,1078,1500,2000,2000,-0.0043500643,0.008499832,0,0,0,-0,-0,30,2
,3,4,0,0,0,0,54.70574,-35.294613,1078.0128,1077.9384,1077.9872,1078.0616,1500,1500,1078,1500,2000,2000,-0.037244,-0.02439094,0,0,0,-0,-0,30,2
,0,0,0,0,0,0,75.84688,14.153467,1078.0151,1078.0393,1077.9849,1077.9607,1500,1500,1078,1500,2000,2000,0.012107279,0.027220983,0,0,0,-0,-0,30,2
,3,-2,0,0,0,-1,-36.484043,-53.516304,1077.9855,1078.0189,1078.0145,1077.9811,1500,1500,1078,1500,2000,2000,0.016755976,0.002183742,0,0,0,-0,-0,30,2
,4,-3,0,0,0,-2,-37.366814,-52.633533,1077.9645,1078.0101,1078.0355,1077.9899,1500,1500,1078,1500,2000,2000,0.022833087,-0.012653734,0,0,0,-0,-0,30,2
,3,0,0,0,0,0,1.9886457,-88.01175,1078.043,1078.0059,1077.957,1077.9941,1500,1500,1078,1500,2000,2000,-0.01855187,0.024413778,0,0,0,-0,-0,30,2
,5,1,0,1,0,1,14.103752,-75.89661,1078.082,1078.0911,1077.918,1077.9089,1500,1500,1078,1500,2000,2000,0.004489574,0.08657645,0,0,0,-0,-0,30,2
,3,-5,0,-1,0,0,-54.619354,-35.380997,1077.9177,1077.926,1078.0823,1078.074,1500,1500,1078,1500,2000,2000,0.0041643684,-0.07807434,0,0,0,-0,-0,24,2
,3,-5,0,-1,0,-1,-54.950172,-35.05018,1077.9391,1077.9403,1078.0609,1078.0597,1500,1500,1078,1500,2000,2000,0.0006163072,-0.060311537,0,0,0,-0,-0,24,2
,4,0,0,0,0,-1,-1.48437,-88.5161,1077.9857,1078.0057,1078.0143,1077.9943,1500,1500,1078,1500,2000,2000,0.010029707,-0.004322294,0,0,0,-0,-0,24,2
,2,0,0,0,0,2,17.669846,-72.33051,1078.0879,1077.9939,1077.9121,1078.0061,1500,1500,1078,1500,2000,2000,-0.04697968,0.040838856,0,0,0,-0,-0,24,2
,5,-5,0,0,0,0,-46.10749,-43.89286,1078.0107,1077.9692,1077.9893,1078.0308,1500,1500,1078,1500,2000,2000,-0.02074676,-0.009967284,0,0,0,-0,-0,24,2
,3,-4,0,0,0,-2,-48.54855,-41.451797,1003.99493,1003.98627,1004.00507,1004.01373,1500,1500,1004,1500,2000,2000,-0.004306065,-0.009383393,0,0,0,-0,-0,30,2
,3,-2,0,0,0,-1,-37.094345,-52.906002,1000.014,999.98785,999.986,1000.01215,1500,1500,1000,1500,2000,2000,-0.0130696,0.00093281106,0,0,0,-0,-0,30,2
,2,0,0,0,0,0,-19.18517,-70.81517,999.98694,1000.025,1000.01306,999.975,1500,1500,1000,1497,2000,2000,0.01905467,0.0059629483,0,0,0,-0,-0,30,2
,3,0,0,0,0,0,8.530799,-81.46956,1000.0251,1000.03094,999.9749,999.96906,1500,1500,1000,1457,2000,2000,0.0029065087,0.02802192,0,0,0,-0,-0,30,2
,4,-2,0,0,0,-1,-31.01786,-58.9825,999.97516,999.98444,1000.02484,1000.01556,1500,1500,1000,1421,2000,2000,0.0046559386,-0.02020278,0,0,0,-0,-0,30,2
,3,-1,0,0,0,0,-17.537842,-72.46251,1000.0038,999.9951,999.9962,1000.0049,1500,1500,1000,1434,2000,2000,-0.004336128,-0.0005779732,0,0,0,-0,-0,29,2
,3,-1,0,0,0,0,-22.223377,-67.77698,1000.0029,1000.0072,999.9971,999.9928,1500,1500,1000,1500,2000,2000,0.0021537018,0.0050532706,0,0,0,-0,-0,30,2
,4,-1,0,0,0,-1,-21.31287,-68.687485,999.9953,1000.00116,1000.0047,999.99884,1500,1500,1000,1500,2000,2000,0.0029594335,-0.0017458037,0,0,0,-0,-0,30,2
,2,-1,0,0,0,0,-24.775236,-65.225105,999.99817,999.99817,1000.00183,1000.00183,1500,1500,1000,1500,2000,2000,-0.000012058881,-0.0018538829,0,0,0,-0,-0,30,2
,3,-1,0,0,0,0,-28.884043,-61.11631,999.99896,1000.003,1000.00104,999.997,1500,1500,1000,1500,2000,2000,0.0020214505,0.00097414653,0,0,0,-0,-0,30,2
,3,-1,0,0,0,0,-15.140047,-74.8603,1000.0043,999.99146,999.9957,1000.00854,1500,1500,1000,1500,2000,2000,-0.0063953605,-0.0021545675,0,0,0,-0,-0,30,2
,3,-1,0,0,0,0,-23.338558,-66.6618,999.99963,1000.0027,1000.00037,999.9973,1500,1500,1000,1500,2000,2000,0.0015053764,0.001153514,0,0,0,-0,-0,24,2
,3,-1,0,0,0,0,-15.945459,-74.05489,1000.0051,999.9994,999.9949,1000.0006,1500,1500,1000,1500,2000,2000,-0.002844702,0.0022458592,0,0,0,-0,-0,24,2
,3,-1,0,0,0,0,-19.998,-70.00235,1000.001,1000.00415,999.999,999.99585,1500,1500,1000,1500,2000,2000,0.0016114288,0.002539996,0,0,0,-0,-0,30,2
,3,-1,0,0,0,0,-18.545311,-71.45505,1000.0014,1000.0015,999.9986,999.9985,1500,1500,1000,1500,2000,2000,0.000079447054,0.0014822519,0,0,0,-0,-0,30,2
,3,-1,0,0,0,0,-22.528864,-67.47149,1000.0049,1000.0045,999.9951,999.9955,1500,1500,1000,1500,2000,2000,-0.00018636067,0.004680626,0,0,0,-0,-0,30,2
,3,-1,0,0,0,0,-18.083517,-71.91683,999.9943,999.98883,1000.0057,1000.01117,1500,1500,1000,1500,2000,2000,-0.0027383922,-0.008445847,0,0,0,-0,-0,30,2
,3,-1,0,0,0,0,-19.740688,-70.25967,1000.0084,1000.0034,999.9916,999.9966,1500,1500,1000,1500,2000,2000,-0.0025218087,0.005944622,0,0,0,-0,-0,30,2
,3,-1,0,0,0,0,-20.006336,-69.99401,1000.0068,1000.00055,999.9932,999.99945,1500,1500,1000,1500,2000,2000,-0.0031230082,0.0036907303,0,0,0,-0,-0,30,2
,3,-1,0,0,0,0,-18.049751,-71.95061,1000.0055,999.99854,999.9945,1000.00146,1500,1500,1000,1500,2000,2000,-0.0034766316,0.0020189069,0,0,0,-0,-0,30,2
,3,-1,0,0,0,0,-20.77521,-69.225136,999.99805,999.99255,1000.00195,1000.00745,1500,1500,1000,1500,2000,2000,-0.002756273,-0.004716768,0,0,0,-0,-0,30,2
,3,-1,0,0,0,0,-17.771389,-72.22895,1000.006,1000.00415,999.994,999.99585,1500,1500,1000,1500,2000,2000,-0.0008942834,0.0050598,0,0,0,-0,-0,30,2
,3,-1,0,0,0,0,-19.208857,-70.79149,1000.0027,1000.0023,999.9973,999.9977,1500,1500,1000,1500,2000,2000,-0.00018237846,0.0024798638,0,0,0,-0,-0,30,2
,3,-1,0,0,0,0,-18.81876,-71.181595,1000.0028,999.99915,999.9972,1000.00085,1500,1500,1000,1500,2000,2000,-0.0018214806,0.0009696549,0,0,0,-0,-0,24,2
,3,-1,0,0,0,0,-19.466722,-70.53362,1000.0017,999.9934,999.9983,1000.0066,1500,1500,1000,1500,2000,2000,-0.0041249497,-0.0024131283,0,0,0,-0,-0,24,2
,3,-1,0,0,0,0,-19.076023,-70.92432,999.99066,999.9941,1000.00934,1000.0059,1500,1500,1000,1500,2000,2000,0.0017369221,-0.0076041045,0,0,0,-0,-0,24,2
,3,-1,0,0,0,0,-24.839666,-65.160675,1000.0098,1000.003,999.9902,999.997,1500,1500,1000,1500,2000,2000,-0.0034354278,0.0064128544,0,0,0,-0,-0,30,2
,3,-1,0,0,0,0,-16.905222,-73.09512,1000.0007,1000.002,999.9993,999.998,1500,1500,1000,1500,2000,2000,0.00067364436,0.0013702249,0,0,0,-0,-0,24,2
,3,-1,0,0,0,0,-18.080166,-71.92017,1000.00024,1000.00244,999.99976,999.99756,1500,1500,1000,1500,2000,2000,0.0010764851,0.0013490042,0,0,0,-0,-0,30,2
,3,-1,0,0,0,0,-22.04672,-67.95362,1000.00256,999.99927,999.99744,1000.00073,1500,1500,1000,1500,2000,2000,-0.0016661974,0.000903974,0,0,0,-0,-0,30,2
,3,-1,0,0,0,0,-21.279686,-68.72066,1000.0032,999.9971,999.9968,1000.0029,1500,1500,1000,1500,2000,2000,-0.0030483569,0.000121948135,0,0,0,-0,-0,30,2
,4,-1,0,0,0,0,-17.259754,-72.740585,1000.0048,999.9986,999.9952,1000.0014,1500,1500,1000,1500,2000,2000,-0.0031151874,0.001725408,0,0,0,-0,-0,30,2
,3,-1,0,0,0,0,-21.96504,-68.03531,999.9957,999.994,1000.0043,1000.006,1500,1500,1000,1500,2000,2000,-0.00083633186,-0.0051507466,0,0,0,-0,-0,30,2
,3,-1,0,0,0,0,-19.47665,-70.5237,999.9977,999.9901,1000.0023,1000.0099,1500,1500,1000,1500,2000,2000,-0.0037983062,-0.0061328034,0,0,0,-0,-0,30,2
,3,-1,0,0,0,0,-21.785378,-68.214966,1000.00226,1000.00446,999.99774,999.99554,1500,1500,1000,1500,2000,2000,0.0011186649,0.0033292102,0,0,0,-0,-0,30,2
,3,0,0,0,0,0,-15.932675,-74.06768,1000.0071,1000.0126,999.9929,999.9874,1500,1500,1000,1500,2000,2000,0.002745742,0.009804748,0,0,0,-0,-0,30,2
,3,0,0,0,0,0,-15.533891,-74.46645,999.9998,999.9926,1000.0002,1000.0074,1500,1500,1000,1500,2000,2000,-0.0036030484,-0.0037835222,0,0,0,-0,-0,24,2
,3,-1,0,0,0,0,-20.076138,-69.9242,1000.0043,999.9984,999.9957,1000.0016,1500,1500,1000,1500,2000,2000,-0.0029254241,0.0013306588,0,0,0,-0,-0,24,2
,3,-1,0,0,0,0,-17.95068,-72.04967,1000.00037,999.999,999.99963,1000.001,1500,1500,1000,1500,2000,2000,-0.0006631686,-0.0003321799,0,0,0,-0,-0,30,2
,3,-1,0,0,0,0,-21.968733,-68.03162,999.9968,999.9907,1000.0032,1000.0093,1500,1500,1000,1500,2000,2000,-0.003045273,-0.0062146555,0,0,0,-0,-0,24,2
,3,-1,0,0,0,0,-21.817635,-68.18272,1000.0072,1000.006,999.9928,999.994,1500,1500,1000,1500,2000,2000,-0.00062607485,0.0065654474,0,0,0,-0,-0,30,2
,3,-1,0,0,0,0,-19.880066,-70.12028,999.99786,999.9915,1000.00214,1000.0085,1500,1500,1000,1500,2000,2000,-0.0031806212,-0.0053385543,0,0,0,-0,-0,30,2
,3,-1,0,0,0,0,-15.8729,-74.12745,1000.00977,1000.0062,999.99023,999.9938,1500,1500,1000,1500,2000,2000,-0.0017828172,0.007998739,0,0,0,-0,-0,30,2
,3,-1,0,0,0,0,-21.881763,-68.11858,999.9971,999.9945,1000.0029,1000.0055,1500,1500,1000,1500,2000,2000,-0.0013017444,-0.0041873767,0,0,0,-0,-0,30,2
,3,-1,0,0,0,0,-19.56386,-70.43649,1000.00336,1000.0015,999.99664,999.9985,1500,1500,1000,1500,2000,2000,-0.00092466397,0.002446031,0,0,0,-0,-0,30,2
,3,-1,0,0,0,0,-20.28783,-69.71252,1000.0013,999.9947,999.9987,1000.0053,1500,1500,1000,1500,2000,2000,-0.0032820897,-0.0020114856,0,0,0,-0,-0,30,2
,3,-1,0,0,0,0,-18.96015,-71.04021,1000.00256,999.99854,999.99744,1000.00146,1500,1500,1000,1500,2000,2000,-0.0020286026,0.00056807895,0,0,0,-0,-0,30,2
,3,-1,0,0,0,0,-21.930721,-68.069626,1000.0008,1000.0002,999.9992,999.9998,1500,1500,1000,1500,2000,2000,-0.00033114012,0.0004917564,0,0,0,-0,-0,30,2
,3,-1,0,0,0,0,-17.486944,-72.51341,999.99945,999.9991,1000.00055,1000.0009,1500,1500,1000,1500,2000,2000,-0.00017802638,-0.0007446525,0,0,0,-0,-0,24,2
,3,-1,0,0,0,0,-19.744875,-70.25548,1000.0076,1000.0002,999.9924,999.9998,1500,1500,1000,1500,2000,2000,-0.0037273383,0.0039014854,0,0,0,-0,-0,24,2
,3,0,0,0,0,0,-14.509097,-75.49125,999.99927,999.9957,1000.00073,1000.0043,1500,1500,1000,1500,2000,2000,-0.0017756718,-0.0024982817,0,0,0,-0,-0,24,2
,3,-1,0,0,0,0,-21.37443,-68.62591,1000.0021,1000.0045,999.9979,999.9955,1500,1500,1000,1500,2000,2000,0.0012036532,0.0033057653,0,0,0,-0,-0,30,2
,3,-1,0,0,0,0,-19.586544,-70.4138,999.9994,999.9971,1000.0006,1000.0029,1500,1500,1000,1500,2000,2000,-0.00117389,-0.0017726318,0,0,0,-0,-0,24,2
,3,-1,0,0,0,0,-23.083904,-66.916435,1000.0032,999.9995,999.9968,1000.0005,1500,1500,1000,1500,2000,2000,-0.0018165045,0.0013670971,0,0,0,-0,-0,30,2
,3,-1,0,0,0,0,-18.626099,-71.37425,1000.0011,999.9988,999.9989,1000.0012,1500,1500,1000,1500,2000,2000,-0.0011371227,-0.000037813094,0,0,0,-0,-0,30,2
,3,-1,0,0,0,0,-20.596622,-69.403725,1000.00037,999.99915,999.99963,1000.00085,1500,1500,1000,1500,2000,2000,-0.0006077853,-0.00024155699,0,0,0,-0,-0,30,2
,3,-1,0,0,0,0,-20.066782,-69.93356,1000.00244,999.9979,999.99756,1000.0021,1500,1500,1000,1500,2000,2000,-0.0022536947,0.00018042803,0,0,0,-0,-0,30,2
,3,-1,0,0,0,0,-19.310534,-70.68981,1000.0021,999.9968,999.9979,1000.0032,1500,1500,1000,1500,2000,2000,-0.002653026,-0.0005324069,0,0,0,-0,-0,30,2
,3,-1,0,0,0,0,-21.069057,-68.9313,1000.00024,1000.0005,999.99976,999.9995,1500,1500,1000,1500,2000,2000,0.000119001605,0.0003801224,0,0,0,-0,-0,30,2
,3,-1,0,0,0,0,-20.58715,-69.41319,1000.00146,999.9978,999.99854,1000.0022,1500,1500,1000,1500,2000,2000,-0.001852489,-0.00039262068,0,0,0,-0,-0,30,2
,3,-1,0,0,0,0,-19.493872,-70.50647,1000.0022,999.999,999.9978,1000.001,1500,1500,1000,1500,2000,2000,-0.0016059307,0.0006258456,0,0,0,-0,-0,30,2
,3,-1,0,0,0,0,-20.727821,-69.27252,1000.0033,999.99866,999.9967,1000.00134,1500,1500,1000,1500,2000,2000,-0.0023071347,0.0009758116,0,0,0,-0,-0,24,2
                                                                                                                                                                                                                                                                                                                                                                                                                                                                                                                                                                                                                                                                                                                                                                                                                                                                                                                                                                                                