PiElectricsEagles Log
,-2,6,0,0,0,-2,69.125626,20.874727,1000,1432.1917,1367.8083,1000,1500,1500,1000,1500,2000,1500,400,32.336334,-84.31628,-24.06357,0,252.94882,72.19071,29,2
,-2,6,0,0,0,-2,67.21341,22.786943,1000.14526,1799.8547,1000.14526,1000,1500,1500,1000,1500,2000,2000,400,400,-345.62454,-104.3762,0,1036.8737,313.1286,30,2
,-4,8,0,0,0,-2,60.687687,29.312658,1000,1540.4646,1259.5354,1000,1500,1500,1000,1500,2000,2000,400,140.6134,-345.60812,-104.39156,0,1036.8243,313.17468,29,2
,-1,0,0,-4,1,-3,-30.256557,59.7438,1000,1543.3373,1256.6627,1000,1500,1500,1000,1500,2000,2000,400,143.51378,-345.41092,-104.46527,0,1036.2328,313.3958,30,2
,-6,8,0,-2,0,-1,52.528214,37.472137,1000,1544.9346,1255.0654,1000,1500,1500,1000,1500,2000,2000,400,145.08188,-345.37793,-104.49648,0,1036.1338,313.48944,30,2
,0,10,0,-7,7,0,87.909,2.0913408,1000,1545.2914,1254.7086,1000,1500,1500,1000,1500,2000,2000,400,145.39993,-345.41916,-104.45518,0,1036.2574,313.36554,24,2
,-17,-7,0,-2,3,-4,-23.234013,66.76634,1000,1550.3453,1249.6547,1000,1500,1500,1000,1500,2000,2000,400,150.50888,-345.23682,-104.543144,0,1035.7104,313.62943,24,2
,-3,13,0,-4,3,-4,75.545395,14.454946,1000,1550.3137,1249.6863,1000,1500,1500,1000,1500,2000,2000,400,150.51663,-345.25235,-104.52567,0,1035.7571,313.57703,24,2
,-17,-11,0,-15,13,-3,-33.757603,56.242733,1000,1552.9342,1247.0658,1000,1500,1500,1000,1500,2000,2000,400,153.13449,-345.0533,-104.587524,0,1035.1599,313.76257,24,2
,-16,-8,0,-11,12,-3,-28.12106,61.879288,1000,1555.9674,1244.0326,1000,1500,1500,1000,1500,2000,2000,400,156.16599,-344.86502,-104.6625,0,1034.5951,313.9875,24,2
,-7,8,0,1,-3,-1,48.099815,41.900528,1000,1558.7401,1241.2599,1000,1500,1500,1000,1500,2000,2000,400,158.91241,-344.82178,-104.70401,0,1034.4653,314.11203,24,2
,-3,-1,0,-8,8,-3,-20.250713,69.74965,1000,1560.767,1239.233,1000,1500,1500,1000,1500,2000,2000,400,160.96191,-344.6477,-104.795494,0,1033.9431,314.38647,30,2
,3,16,0,2,-6,-3,79.73893,-10.261415,1000,1561.0294,1238.9706,1000,1500,1500,1000,1500,2000,2000,400,161.22514,-344.66708,-104.732414,0,1034.0012,314.19724,30,2
,-22,-7,0,2,4,-1,-18.953625,71.04674,1000,1566.0486,1233.9514,1000,1500,1500,1000,1500,2000,2000,400,166.20918,-344.49338,-104.832985,0,1033.4801,314.49896,30,2
,0,7,0,-4,2,-2,86.45348,3.5468674,1000,1564.9197,1235.0803,1000,1500,1500,1000,1500,2000,2000,400,165.08852,-344.53012,-104.79475,0,1033.5903,314.38425,30,2
,-23,-12,0,-3,-4,-3,-28.877178,61.12317,1000,1569.2239,1230.7761,1000,1500,1500,1000,1500,2000,2000,400,169.40474,-344.3329,-104.871544,0,1032.9987,314.61462,30,2
,-4,0,0,6,-3,-1,7.5449586,82.45541,1000,1573.3241,1226.6759,1000,1500,1500,1000,1500,2000,2000,400,173.48184,-344.20898,-104.99668,0,1032.627,314.99005,30,2
,-12,-2,0,-3,6,-2,-11.053505,78.946846,1000,1574.2687,1225.7313,1000,1500,1500,1000,1500,2000,2000,400,174.4213,-344.05237,-105.10978,0,1032.1571,315.32935,30,2
,4,12,0,-6,0,-3,69.5487,-20.45165,1000,1572.419,1227.581,1000,1500,1500,1000,1500,2000,2000,400,172.58893,-344.05405,-105.022026,0,1032.1621,315.06607,24,2
,3,14,0,0,-3,-3,75.515564,-14.484791,1000,1575.4321,1224.5679,1000,1500,1500,1000,1500,2000,2000,400,175.61226,-344.06616,-104.949554,0,1032.1985,314.84866,24,2
,-13,-9,0,6,-1,-1,-36.086586,53.913765,1000,1580.6764,1219.3236,1000,1500,1500,1000,1500,2000,2000,400,180.84181,-343.8558,-105.01758,0,1031.5674,315.05273,24,2
,-17,-9,0,3,2,-1,-28.684856,61.315487,1000,1582.7104,1217.2896,1000,1500,1500,1000,1500,2000,2000,400,182.85352,-343.66245,-105.09937,0,1030.9873,315.29813,24,2
,-8,1,0,-4,5,-2,7.1250434,82.8753,1000,1584.8591,1215.1409,1000,1500,1500,1000,1500,2000,2000,400,185.00502,-343.5422,-105.21988,0,1030.6266,315.65964,24,2
,15,20,0,-1,-2,-3,52.93847,-37.061882,1000,1582.8312,1217.1688,1000,1500,1500,1000,1500,2000,2000,400,183.0015,-343.51013,-105.101006,0,1030.5304,315.303,30,2
,-3,8,0,3,-3,-2,69.57076,20.4296,1000,1587.5078,1212.4922,1000,1500,1500,1000,1500,2000,2000,400,187.68024,-343.51062,-105.099815,0,1030.5319,315.29944,30,2
,-8,-6,0,6,1,-1,-38.05818,51.942165,1000,1591.1663,1208.8337,1000,1500,1500,1000,1500,2000,2000,400,191.31728,-343.29797,-105.16412,0,1029.8939,315.49237,30,2
,-1,9,0,2,5,-1,79.44208,10.558275,1000,1591.1986,1208.8014,1000,1500,1500,1000,1500,2000,2000,400,191.33606,-343.32224,-105.14355,0,1029.9667,315.43063,30,2
,-3,9,0,-3,6,-2,67.9452,22.055155,1000,1593.1619,1206.8381,1000,1500,1500,1000,1500,2000,2000,400,193.31041,-343.32397,-105.14285,0,1029.9719,315.42856,30,2
,-10,-10,0,-8,1,-3,-44.61147,45.388878,1000,1595.676,1204.324,1000,1500,1500,1000,1500,2000,2000,400,195.8508,-343.09888,-105.18563,0,1029.2966,315.5569,30,2
,-13,-5,0,-5,1,-3,-21.304783,68.695564,1000,1599.2618,1200.7382,1000,1500,1500,1000,1500,2000,2000,400,199.4593,-342.92038,-105.27655,0,1028.7611,315.82965,30,2
,2,2,0,0,0,-3,52.00147,-37.998882,1000,1597.8635,1202.1365,1000,1500,1500,1000,1500,2000,2000,400,198.08081,-342.8878,-105.15609,0,1028.6633,315.46826,24,2
,-12,-7,0,6,4,-2,-33.43456,56.565796,1000,1604.1388,1195.8612,1000,1500,1500,1000,1500,2000,2000,400,204.3401,-342.68604,-105.22897,0,1028.0581,315.68692,24,2
,-4,-4,0,7,8,-1,-47.44082,42.559525,1000,1605.701,1194.299,1000,1500,1500,1000,1500,2000,2000,400,205.87714,-342.45816,-105.27448,0,1027.3745,315.82346,24,2
,-13,0,0,2,11,-1,-1.2844484,88.715836,1000,1609.0795,1190.9205,1000,1500,1500,1000,1500,2000,2000,400,209.24025,-342.32397,-105.41013,0,1026.9719,316.2304,24,2
,-13,8,0,-1,12,-2,34.212376,55.78797,1000,1609.686,1190.314,1000,1500,1500,1000,1500,2000,2000,400,209.85675,-342.26175,-105.47748,0,1026.7853,316.43243,24,2
,-2,21,0,-6,13,-3,82.31879,7.681579,1000,1609.5905,1190.4095,1000,1500,1500,1000,1500,2000,2000,400,209.78378,-342.2965,-105.44584,0,1026.8895,316.33752,24,2
,-3,16,0,-9,15,-4,77.22257,12.777781,1000,1611.7052,1188.2948,1000,1500,1500,1000,1500,2000,2000,400,211.92824,-342.32202,-105.42275,0,1026.9661,316.26825,30,2
,-6,14,0,-9,14,-3,67.33997,22.660381,1000,1614.3287,1185.6713,1000,1500,1500,1000,1500,2000,2000,400,214.56107,-342.32715,-105.41979,0,1026.9814,316.25937,30,2
,-1,4,0,-6,15,-3,66.390785,23.60956,1000,1616.8401,1183.1599,1000,1500,1500,1000,1500,2000,2000,400,217.08119,-342.3308,-105.41993,0,1026.9924,316.2598,30,2
,-16,-7,0,-3,15,-3,-22.797846,67.2025,1000,1620.9359,1179.0641,1000,1500,1500,1000,1500,2000,2000,400,221.18578,-342.15616,-105.50854,0,1026.4685,316.5256,30,2
,1,-11,0,1,15,-3,-81.25414,-8.746195,1000,1620.6696,1179.3304,1000,1500,1500,1000,1500,2000,2000,400,220.91418,-341.86462,-105.44781,0,1025.5939,316.3434,30,2
,-14,6,0,2,16,-2,26.279156,63.72119,1000,1625.5033,1174.4967,1000,1500,1500,1000,1500,2000,2000,400,225.72527,-341.78833,-105.53307,0,1025.365,316.5992,30,2
,0,-21,0,3,19,-1,-89.07648,0.92404896,1000,1625.2532,1174.7468,1000,1500,1500,1000,1500,2000,2000,400,225.45242,-341.48264,-105.493126,0,1024.4479,316.47937,30,2
,5,-22,0,7,20,-1,-77.03321,-12.9671335,1000,1627.1337,1172.8663,1000,1500,1500,1000,1500,2000,2000,400,227.30388,-341.20145,-105.427734,0,1023.6043,316.2832,24,2
,2,-23,0,5,21,0,-84.02758,-5.9727426,1000,1629.202,1170.798,1000,1500,1500,1000,1500,2000,2000,400,229.32285,-340.90652,-105.376526,0,1022.7196,316.12958,24,2
,0,-16,0,5,24,1,-89.79476,0.20609982,1000,1631.4187,1168.5813,1000,1500,1500,1000,1500,2000,2000,400,231.4894,-340.60135,-105.337944,0,1021.8041,316.01382,24,2
,-4,-22,0,7,27,2,-77.85074,12.149624,1000,1634.1975,1165.8025,1000,1500,1500,1000,1500,2000,2000,400,234.21034,-340.32153,-105.325005,0,1020.9646,315.975,24,2
,2,-24,0,9,27,4,-84.77482,-5.2255306,1000,1635.7828,1164.2172,1000,1500,1500,1000,1500,2000,2000,400,235.71951,-340.02765,-105.27905,0,1020.08295,315.83716,24,2
,2,-29,0,8,28,6,-85.19964,-4.800703,1000,1637.8293,1162.1707,1000,1500,1500,1000,1500,2000,2000,400,237.6809,-339.73337,-105.23473,0,1019.2001,315.7042,30,2
,0,-35,0,7,30,7,-89.19751,-0.8029417,1000,1639.9209,1160.0791,1000,1500,1500,1000,1500,2000,2000,400,239.68658,-339.43167,-105.19843,0,1018.29504,315.5953,30,2
,6,-40,0,8,30,9,-80.89702,-9.103331,1000,1641.9326,1158.0674,1000,1500,1500,1000,1500,2000,2000,400,241.59573,-339.14645,-105.14747,0,1017.4394,315.4424,30,2
,11,-40,0,5,31,12,-73.45352,-16.546824,1000,1643.4847,1156.5153,1000,1500,1500,1000,1500,2000,2000,400,243.01947,-338.87616,-105.08173,0,1016.6285,315.2452,30,2
,-39,-2,0,3,33,15,-4.2022943,85.79807,1000,1649.5057,1150.4943,1000,1500,1500,1000,1500,2000,2000,400,248.89828,-338.7448,-105.22144,0,1016.23444,315.66434,30,2
,7,-42,0,4,34,19,-80.08942,-9.910926,1000,1648.4633,1151.5367,1000,1500,1500,1000,1500,2000,2000,400,247.67819,-338.4615,-105.1723,0,1015.38446,315.5169,30,2
,-36,-3,0,2,39,23,-6.0569754,83.94337,1000,1654.1904,1145.8096,1000,1500,1500,1000,1500,2000,2000,400,253.2064,-338.3279,-105.31201,0,1014.9837,315.93604,30,2
,-34,-12,0,-4,41,28,-19.391798,70.60855,1000,1655.6552,1144.3448,1000,1500,1500,1000,1500,2000,2000,400,254.447,-338.16803,-105.424385,0,1014.5041,316.27316,24,2
,-23,-11,0,-13,46,35,-24.962887,65.03747,1000,1657.3596,1142.6404,1000,1500,1500,1000,1500,2000,2000,400,255.86751,-337.99802,-105.52511,0,1013.994,316.57532,24,2
,-5,-36,0,-19,50,40,-81.7747,8.22568,1000,1657.4807,1142.5193,1000,1500,1500,1000,1500,2000,2000,400,255.67886,-337.71536,-105.51246,0,1013.1461,316.53738,24,2
,-12,-18,0,-24,53,49,-55.12305,34.8773,1000,1660.9469,1139.0531,1000,1500,1500,1000,1500,2000,2000,400,258.7664,-337.48624,-105.55552,0,1012.4587,316.66656,24,2
,-14,-20,0,-20,58,57,-55.426758,34.57359,1000,1664.3488,1135.6512,1000,1500,1500,1000,1500,2000,2000,400,261.75702,-337.2574,-105.60407,0,1011.77216,316.81223,24,2
,-37,-10,0,-23,60,67,-15.802576,74.19778,1000,1668.4603,1131.5397,1000,1500,1500,1000,1500,2000,2000,400,265.3849,-337.10703,-105.73584,0,1011.32104,317.20752,24,2
,-37,-24,0,-23,65,79,-32.69258,57.307762,1000,1670.9248,1129.0752,1000,1500,1500,1000,1500,2000,2000,400,267.2835,-336.9231,-105.84008,0,1010.7693,317.52023,30,2
,-23,-23,0,-23,68,91,-46.1012,43.899143,1000,1673.5746,1126.4254,1000,1500,1500,1000,1500,2000,2000,400,269.30676,-336.7119,-105.92416,0,1010.13574,317.77246,30,2
,-6,-51,0,-26,70,105,-82.72869,7.2716618,1000,1675.0055,1124.9945,1000,1500,1500,1000,1500,2000,2000,400,270.04367,-336.42636,-105.94074,0,1009.27905,317.82224,30,2
,11,-61,0,-40,74,116,-79.80733,-10.193012,1000,1676.0775,1123.9225,1000,1500,1500,1000,1500,2000,2000,400,270.4087,-336.14655,-105.92228,0,1008.43964,317.76685,30,2
,-5,-50,0,-58,84,134,-84.24011,5.7602277,1000,1678.3334,1121.6666,1000,1500,1500,1000,1500,2000,2000,400,271.82895,-335.85938,-105.93668,0,1007.5781,317.81006,30,2
,16,-67,0,-66,88,150,-76.28879,-13.711546,1000,1680.6978,1119.3022,1000,1500,1500,1000,1500,2000,2000,400,273.304,-335.58755,-105.917305,0,1006.76263,317.75192,30,2
,16,-49,0,-72,90,168,-71.96881,-18.031534,1000,1683.7568,1116.2432,1000,1500,1500,1000,1500,2000,2000,400,275.38733,-335.32227,-105.89623,0,1005.9668,317.6887,30,2
,10,-11,0,-87,95,192,-47.88533,-42.115017,1000,1685.3159,1114.6841,1000,1500,1500,1000,1500,2000,2000,400,275.81982,-335.10345,-105.832344,0,1005.31036,317.49704,24,2
,17,-46,0,-98,89,214,-68.90207,-21.09828,1000,1689.271,1110.729,1000,1500,1500,1000,1500,2000,2000,400,278.55756,-334.8364,-105.81762,0,1004.50916,317.45285,24,2
,19,-75,0,-132,93,239,-75.26549,-14.734869,1000,1690.6073,1109.3927,1000,1500,1500,1000,1500,2000,2000,400,278.5575,-334.5543,-105.81361,0,1003.66284,317.44083,24,2
,25,-43,0,-164,96,263,-60.31278,-29.687563,1000,1691.7784,1108.2216,1000,1500,1500,1000,1500,2000,2000,400,278.33118,-334.2996,-105.777504,0,1002.89874,317.33252,24,2
,-2,-39,0,-180,88,290,-86.40818,3.5921543,1000,1696.8073,1103.1927,1000,1500,1500,1000,1500,2000,2000,400,281.86096,-333.98453,-105.81493,0,1001.9536,317.4448,24,2
,24,-77,0,-207,86,328,-72.35554,-17.644825,1000,1699.0446,1100.9554,1000,1500,1500,1000,1500,2000,1500,400,282.32336,-333.69034,-105.81775,0,1001.07104,317.45325,30,2
